四月 03, 2019 2:36:06 上午 org.apache.coyote.ajp.AjpMessage processHeader
严重: Invalid message received with signature 18245
四月 03, 2019 2:36:06 上午 org.apache.coyote.ajp.AjpMessage processHeader
严重: Invalid message received with signature 18245
四月 03, 2019 2:36:13 上午 org.apache.coyote.ajp.AjpMessage processHeader
严重: Invalid message received with signature 18245
四月 03, 2019 2:36:13 上午 org.apache.coyote.ajp.AjpMessage processHeader
严重: Invalid message received with signature 18245
四月 03, 2019 2:36:13 上午 org.apache.coyote.ajp.AjpMessage processHeader
严重: Invalid message received with signature 18245
四月 03, 2019 2:36:13 上午 org.apache.coyote.ajp.AjpMessage processHeader
严重: Invalid message received with signature 18245
四月 03, 2019 2:36:23 上午 org.apache.coyote.ajp.AjpMessage processHeader
严重: Invalid message received with signature 18245
四月 03, 2019 2:36:23 上午 org.apache.coyote.ajp.AjpMessage processHeader
严重: Invalid message received with signature 17231
四月 03, 2019 2:36:23 上午 org.apache.coyote.ajp.AjpMessage processHeader
严重: Invalid message received with signature 18245
四月 03, 2019 7:00:04 上午 org.apache.coyote.http11.AbstractHttp11Processor process
信息: Error parsing HTTP request header
 Note: further occurrences of HTTP header parsing errors will be logged at DEBUG level.
java.lang.IllegalArgumentException: Invalid character found in method name. HTTP method names must be tokens
	at org.apache.coyote.http11.InternalAprInputBuffer.parseRequestLine(InternalAprInputBuffer.java:182)
	at org.apache.coyote.http11.AbstractHttp11Processor.process(AbstractHttp11Processor.java:1028)
	at org.apache.coyote.AbstractProtocol$AbstractConnectionHandler.process(AbstractProtocol.java:637)
	at org.apache.tomcat.util.net.AprEndpoint$SocketProcessor.doRun(AprEndpoint.java:2549)
	at org.apache.tomcat.util.net.AprEndpoint$SocketProcessor.run(AprEndpoint.java:2538)
	at java.util.concurrent.ThreadPoolExecutor.runWorker(ThreadPoolExecutor.java:1145)
	at java.util.concurrent.ThreadPoolExecutor$Worker.run(ThreadPoolExecutor.java:615)
	at org.apache.tomcat.util.threads.TaskThread$WrappingRunnable.run(TaskThread.java:61)
	at java.lang.Thread.run(Thread.java:745)

四月 03, 2019 4:15:51 下午 org.apache.coyote.ajp.AjpMessage processHeader
严重: Invalid message received with signature 18245
四月 03, 2019 9:02:16 下午 org.apache.coyote.ajp.AjpMessage processHeader
严重: Invalid message received with signature 18245
四月 03, 2019 9:02:22 下午 org.apache.coyote.ajp.AjpMessage processHeader
严重: Invalid message received with signature 5635
