五月 10, 2019 1:00:21 上午 org.apache.catalina.startup.HostConfig deployWAR
信息: Deploying web application archive C:\apache-tomcat-7.0.81\webapps\dywh.war
五月 10, 2019 1:00:21 上午 org.apache.catalina.startup.ContextConfig beforeStart
严重: Exception fixing docBase for context [/dywh]
java.io.FileNotFoundException: C:\apache-tomcat-7.0.81\webapps\dywh.war (另一个程序正在使用此文件，进程无法访问。)
	at java.util.zip.ZipFile.open(Native Method)
	at java.util.zip.ZipFile.<init>(ZipFile.java:215)
	at java.util.zip.ZipFile.<init>(ZipFile.java:145)
	at java.util.jar.JarFile.<init>(JarFile.java:154)
	at java.util.jar.JarFile.<init>(JarFile.java:91)
	at sun.net.www.protocol.jar.URLJarFile.<init>(URLJarFile.java:93)
	at sun.net.www.protocol.jar.URLJarFile.getJarFile(URLJarFile.java:69)
	at sun.net.www.protocol.jar.JarFileFactory.get(JarFileFactory.java:109)
	at sun.net.www.protocol.jar.JarURLConnection.connect(JarURLConnection.java:122)
	at sun.net.www.protocol.jar.JarURLConnection.getJarFile(JarURLConnection.java:89)
	at org.apache.catalina.startup.ExpandWar.expand(ExpandWar.java:111)
	at org.apache.catalina.startup.ContextConfig.fixDocBase(ContextConfig.java:737)
	at org.apache.catalina.startup.ContextConfig.beforeStart(ContextConfig.java:862)
	at org.apache.catalina.startup.ContextConfig.lifecycleEvent(ContextConfig.java:390)
	at org.apache.catalina.util.LifecycleSupport.fireLifecycleEvent(LifecycleSupport.java:117)
	at org.apache.catalina.util.LifecycleBase.fireLifecycleEvent(LifecycleBase.java:90)
	at org.apache.catalina.util.LifecycleBase.setStateInternal(LifecycleBase.java:388)
	at org.apache.catalina.util.LifecycleBase.start(LifecycleBase.java:144)
	at org.apache.catalina.core.ContainerBase.addChildInternal(ContainerBase.java:1009)
	at org.apache.catalina.core.ContainerBase.addChild(ContainerBase.java:985)
	at org.apache.catalina.core.StandardHost.addChild(StandardHost.java:652)
	at org.apache.catalina.startup.HostConfig.deployWAR(HostConfig.java:1127)
	at org.apache.catalina.startup.HostConfig$DeployWar.run(HostConfig.java:2020)
	at java.util.concurrent.Executors$RunnableAdapter.call(Executors.java:471)
	at java.util.concurrent.FutureTask.run(FutureTask.java:262)
	at java.util.concurrent.ThreadPoolExecutor.runWorker(ThreadPoolExecutor.java:1145)
	at java.util.concurrent.ThreadPoolExecutor$Worker.run(ThreadPoolExecutor.java:615)
	at java.lang.Thread.run(Thread.java:745)

五月 10, 2019 1:00:21 上午 org.apache.catalina.core.StandardContext resourcesStart
严重: Error starting static Resources
java.lang.IllegalArgumentException: Invalid or unreadable WAR file : C:\apache-tomcat-7.0.81\webapps\dywh.war (另一个程序正在使用此文件，进程无法访问。)
	at org.apache.naming.resources.WARDirContext.setDocBase(WARDirContext.java:136)
	at org.apache.catalina.core.StandardContext.resourcesStart(StandardContext.java:5239)
	at org.apache.catalina.core.StandardContext.startInternal(StandardContext.java:5430)
	at org.apache.catalina.util.LifecycleBase.start(LifecycleBase.java:145)
	at org.apache.catalina.core.ContainerBase.addChildInternal(ContainerBase.java:1009)
	at org.apache.catalina.core.ContainerBase.addChild(ContainerBase.java:985)
	at org.apache.catalina.core.StandardHost.addChild(StandardHost.java:652)
	at org.apache.catalina.startup.HostConfig.deployWAR(HostConfig.java:1127)
	at org.apache.catalina.startup.HostConfig$DeployWar.run(HostConfig.java:2020)
	at java.util.concurrent.Executors$RunnableAdapter.call(Executors.java:471)
	at java.util.concurrent.FutureTask.run(FutureTask.java:262)
	at java.util.concurrent.ThreadPoolExecutor.runWorker(ThreadPoolExecutor.java:1145)
	at java.util.concurrent.ThreadPoolExecutor$Worker.run(ThreadPoolExecutor.java:615)
	at java.lang.Thread.run(Thread.java:745)

五月 10, 2019 1:00:21 上午 org.apache.catalina.core.ContainerBase addChildInternal
严重: ContainerBase.addChild: start: 
org.apache.catalina.LifecycleException: Failed to start component [StandardEngine[Catalina].StandardHost[localhost].StandardContext[/dywh]]
	at org.apache.catalina.util.LifecycleBase.start(LifecycleBase.java:162)
	at org.apache.catalina.core.ContainerBase.addChildInternal(ContainerBase.java:1009)
	at org.apache.catalina.core.ContainerBase.addChild(ContainerBase.java:985)
	at org.apache.catalina.core.StandardHost.addChild(StandardHost.java:652)
	at org.apache.catalina.startup.HostConfig.deployWAR(HostConfig.java:1127)
	at org.apache.catalina.startup.HostConfig$DeployWar.run(HostConfig.java:2020)
	at java.util.concurrent.Executors$RunnableAdapter.call(Executors.java:471)
	at java.util.concurrent.FutureTask.run(FutureTask.java:262)
	at java.util.concurrent.ThreadPoolExecutor.runWorker(ThreadPoolExecutor.java:1145)
	at java.util.concurrent.ThreadPoolExecutor$Worker.run(ThreadPoolExecutor.java:615)
	at java.lang.Thread.run(Thread.java:745)
Caused by: org.apache.catalina.LifecycleException: Error in resourceStart()
	at org.apache.catalina.core.StandardContext.startInternal(StandardContext.java:5431)
	at org.apache.catalina.util.LifecycleBase.start(LifecycleBase.java:145)
	... 10 more

五月 10, 2019 1:00:21 上午 org.apache.catalina.startup.HostConfig deployWAR
严重: Error deploying web application archive C:\apache-tomcat-7.0.81\webapps\dywh.war
java.lang.IllegalStateException: ContainerBase.addChild: start: org.apache.catalina.LifecycleException: Failed to start component [StandardEngine[Catalina].StandardHost[localhost].StandardContext[/dywh]]
	at org.apache.catalina.core.ContainerBase.addChildInternal(ContainerBase.java:1013)
	at org.apache.catalina.core.ContainerBase.addChild(ContainerBase.java:985)
	at org.apache.catalina.core.StandardHost.addChild(StandardHost.java:652)
	at org.apache.catalina.startup.HostConfig.deployWAR(HostConfig.java:1127)
	at org.apache.catalina.startup.HostConfig$DeployWar.run(HostConfig.java:2020)
	at java.util.concurrent.Executors$RunnableAdapter.call(Executors.java:471)
	at java.util.concurrent.FutureTask.run(FutureTask.java:262)
	at java.util.concurrent.ThreadPoolExecutor.runWorker(ThreadPoolExecutor.java:1145)
	at java.util.concurrent.ThreadPoolExecutor$Worker.run(ThreadPoolExecutor.java:615)
	at java.lang.Thread.run(Thread.java:745)

五月 10, 2019 1:00:21 上午 org.apache.catalina.startup.HostConfig deployWAR
信息: Deployment of web application archive C:\apache-tomcat-7.0.81\webapps\dywh.war has finished in 16 ms
五月 10, 2019 1:00:31 上午 org.apache.catalina.startup.HostConfig undeploy
信息: Undeploying context [/dywh]
五月 10, 2019 1:00:31 上午 org.apache.catalina.startup.HostConfig deployWAR
信息: Deploying web application archive C:\apache-tomcat-7.0.81\webapps\dywh.war
五月 10, 2019 1:00:34 上午 org.apache.catalina.startup.TldConfig execute
信息: At least one JAR was scanned for TLDs yet contained no TLDs. Enable debug logging for this logger for a complete list of JARs that were scanned but no TLDs were found in them. Skipping unneeded JARs during scanning can improve startup time and JSP compilation time.
五月 10, 2019 1:00:34 上午 org.springframework.web.servlet.FrameworkServlet initServletBean
信息: FrameworkServlet 'example': initialization started
五月 10, 2019 1:00:34 上午 org.springframework.context.support.AbstractApplicationContext prepareRefresh
信息: Refreshing WebApplicationContext for namespace 'example-servlet': startup date [Fri May 10 01:00:34 CST 2019]; root of context hierarchy
五月 10, 2019 1:00:35 上午 org.springframework.beans.factory.xml.XmlBeanDefinitionReader loadBeanDefinitions
信息: Loading XML bean definitions from class path resource [springmvc.xml]
五月 10, 2019 1:00:35 上午 org.springframework.beans.factory.xml.XmlBeanDefinitionReader loadBeanDefinitions
信息: Loading XML bean definitions from class path resource [applicationContext.xml]
五月 10, 2019 1:00:35 上午 org.springframework.core.io.support.PropertiesLoaderSupport loadProperties
信息: Loading properties file from class path resource [jdbc.properties]
五月 10, 2019 1:00:35 上午 org.springframework.beans.factory.support.DefaultListableBeanFactory preInstantiateSingletons
信息: Pre-instantiating singletons in org.springframework.beans.factory.support.DefaultListableBeanFactory@101f0517: defining beans [userController,adminServiceImpl,userServiceImpl,org.springframework.context.annotation.internalConfigurationAnnotationProcessor,org.springframework.context.annotation.internalAutowiredAnnotationProcessor,org.springframework.context.annotation.internalRequiredAnnotationProcessor,org.springframework.context.annotation.internalCommonAnnotationProcessor,mvcContentNegotiationManager,org.springframework.web.servlet.mvc.method.annotation.RequestMappingHandlerMapping#0,org.springframework.format.support.FormattingConversionServiceFactoryBean#0,org.springframework.web.servlet.mvc.method.annotation.RequestMappingHandlerAdapter#0,org.springframework.web.servlet.handler.MappedInterceptor#0,org.springframework.web.servlet.mvc.method.annotation.ExceptionHandlerExceptionResolver#0,org.springframework.web.servlet.mvc.annotation.ResponseStatusExceptionResolver#0,org.springframework.web.servlet.mvc.support.DefaultHandlerExceptionResolver#0,org.springframework.web.servlet.handler.BeanNameUrlHandlerMapping,org.springframework.web.servlet.mvc.HttpRequestHandlerAdapter,org.springframework.web.servlet.mvc.SimpleControllerHandlerAdapter,org.springframework.web.servlet.resource.DefaultServletHttpRequestHandler#0,org.springframework.web.servlet.handler.SimpleUrlHandlerMapping#0,org.springframework.web.servlet.resource.ResourceHttpRequestHandler#0,org.springframework.web.servlet.handler.SimpleUrlHandlerMapping#1,org.springframework.web.servlet.resource.ResourceHttpRequestHandler#1,org.springframework.web.servlet.handler.SimpleUrlHandlerMapping#2,org.springframework.web.servlet.resource.ResourceHttpRequestHandler#2,org.springframework.web.servlet.handler.SimpleUrlHandlerMapping#3,freemarkerConfig,htmlviewResolver,jspViewResolver,multipartResolver,org.springframework.context.support.PropertySourcesPlaceholderConfigurer#0,dataSource,sqlSessionFactory,transactionManager,org.mybatis.spring.mapper.MapperScannerConfigurer#0,txAdvice,org.springframework.aop.config.internalAutoProxyCreator,fooServiceOperation,org.springframework.aop.support.DefaultBeanFactoryPointcutAdvisor#0,org.springframework.context.annotation.ConfigurationClassPostProcessor.importAwareProcessor,adminMapper,userMapper]; root of factory hierarchy
五月 10, 2019 1:00:36 上午 org.springframework.web.servlet.handler.AbstractHandlerMethodMapping registerHandlerMethod
信息: Mapped "{[/toTopJsp],methods=[],params=[],headers=[],consumes=[],produces=[],custom=[]}" onto public java.lang.String dywh.ml.controller.UserController.TopJsp()
五月 10, 2019 1:00:36 上午 org.springframework.web.servlet.handler.AbstractHandlerMethodMapping registerHandlerMethod
信息: Mapped "{[/toOperaHtml],methods=[],params=[],headers=[],consumes=[],produces=[],custom=[]}" onto public java.lang.String dywh.ml.controller.UserController.OperaHtml()
五月 10, 2019 1:00:36 上午 org.springframework.web.servlet.handler.AbstractHandlerMethodMapping registerHandlerMethod
信息: Mapped "{[/toLanguageHtml],methods=[],params=[],headers=[],consumes=[],produces=[],custom=[]}" onto public java.lang.String dywh.ml.controller.UserController.LanguageHtml()
五月 10, 2019 1:00:36 上午 org.springframework.web.servlet.handler.AbstractHandlerMethodMapping registerHandlerMethod
信息: Mapped "{[/toIndexHtml],methods=[],params=[],headers=[],consumes=[],produces=[],custom=[]}" onto public java.lang.String dywh.ml.controller.UserController.IndexHtml()
五月 10, 2019 1:00:36 上午 org.springframework.web.servlet.handler.AbstractHandlerMethodMapping registerHandlerMethod
信息: Mapped "{[/toDietHtml],methods=[],params=[],headers=[],consumes=[],produces=[],custom=[]}" onto public java.lang.String dywh.ml.controller.UserController.DietHtml()
五月 10, 2019 1:00:36 上午 org.springframework.web.servlet.handler.AbstractHandlerMethodMapping registerHandlerMethod
信息: Mapped "{[/toBuildingHtml],methods=[],params=[],headers=[],consumes=[],produces=[],custom=[]}" onto public java.lang.String dywh.ml.controller.UserController.BuildingHtml()
五月 10, 2019 1:00:37 上午 org.springframework.web.servlet.handler.AbstractUrlHandlerMapping registerHandler
信息: Mapped URL path [/**] onto handler 'org.springframework.web.servlet.resource.DefaultServletHttpRequestHandler#0'
五月 10, 2019 1:00:37 上午 org.springframework.web.servlet.handler.AbstractUrlHandlerMapping registerHandler
信息: Mapped URL path [/js/**] onto handler 'org.springframework.web.servlet.resource.ResourceHttpRequestHandler#0'
五月 10, 2019 1:00:37 上午 org.springframework.web.servlet.handler.AbstractUrlHandlerMapping registerHandler
信息: Mapped URL path [/css/**] onto handler 'org.springframework.web.servlet.resource.ResourceHttpRequestHandler#1'
五月 10, 2019 1:00:37 上午 org.springframework.web.servlet.handler.AbstractUrlHandlerMapping registerHandler
信息: Mapped URL path [/images/**] onto handler 'org.springframework.web.servlet.resource.ResourceHttpRequestHandler#2'
五月 10, 2019 1:00:37 上午 org.springframework.web.servlet.view.freemarker.FreeMarkerConfigurer postProcessTemplateLoaders
信息: ClassTemplateLoader for Spring macros added to FreeMarker configuration
五月 10, 2019 1:00:37 上午 org.springframework.web.servlet.FrameworkServlet initServletBean
信息: FrameworkServlet 'example': initialization completed in 2593 ms
五月 10, 2019 1:00:37 上午 org.apache.catalina.startup.HostConfig deployWAR
信息: Deployment of web application archive C:\apache-tomcat-7.0.81\webapps\dywh.war has finished in 6,218 ms
五月 10, 2019 1:37:28 上午 org.apache.catalina.startup.HostConfig undeploy
信息: Undeploying context [/dywh]
五月 10, 2019 1:37:28 上午 org.springframework.context.support.AbstractApplicationContext doClose
信息: Closing WebApplicationContext for namespace 'example-servlet': startup date [Fri May 10 01:00:34 CST 2019]; root of context hierarchy
五月 10, 2019 1:37:28 上午 org.springframework.beans.factory.support.DefaultSingletonBeanRegistry destroySingletons
信息: Destroying singletons in org.springframework.beans.factory.support.DefaultListableBeanFactory@101f0517: defining beans [userController,adminServiceImpl,userServiceImpl,org.springframework.context.annotation.internalConfigurationAnnotationProcessor,org.springframework.context.annotation.internalAutowiredAnnotationProcessor,org.springframework.context.annotation.internalRequiredAnnotationProcessor,org.springframework.context.annotation.internalCommonAnnotationProcessor,mvcContentNegotiationManager,org.springframework.web.servlet.mvc.method.annotation.RequestMappingHandlerMapping#0,org.springframework.format.support.FormattingConversionServiceFactoryBean#0,org.springframework.web.servlet.mvc.method.annotation.RequestMappingHandlerAdapter#0,org.springframework.web.servlet.handler.MappedInterceptor#0,org.springframework.web.servlet.mvc.method.annotation.ExceptionHandlerExceptionResolver#0,org.springframework.web.servlet.mvc.annotation.ResponseStatusExceptionResolver#0,org.springframework.web.servlet.mvc.support.DefaultHandlerExceptionResolver#0,org.springframework.web.servlet.handler.BeanNameUrlHandlerMapping,org.springframework.web.servlet.mvc.HttpRequestHandlerAdapter,org.springframework.web.servlet.mvc.SimpleControllerHandlerAdapter,org.springframework.web.servlet.resource.DefaultServletHttpRequestHandler#0,org.springframework.web.servlet.handler.SimpleUrlHandlerMapping#0,org.springframework.web.servlet.resource.ResourceHttpRequestHandler#0,org.springframework.web.servlet.handler.SimpleUrlHandlerMapping#1,org.springframework.web.servlet.resource.ResourceHttpRequestHandler#1,org.springframework.web.servlet.handler.SimpleUrlHandlerMapping#2,org.springframework.web.servlet.resource.ResourceHttpRequestHandler#2,org.springframework.web.servlet.handler.SimpleUrlHandlerMapping#3,freemarkerConfig,htmlviewResolver,jspViewResolver,multipartResolver,org.springframework.context.support.PropertySourcesPlaceholderConfigurer#0,dataSource,sqlSessionFactory,transactionManager,org.mybatis.spring.mapper.MapperScannerConfigurer#0,txAdvice,org.springframework.aop.config.internalAutoProxyCreator,fooServiceOperation,org.springframework.aop.support.DefaultBeanFactoryPointcutAdvisor#0,org.springframework.context.annotation.ConfigurationClassPostProcessor.importAwareProcessor,adminMapper,userMapper]; root of factory hierarchy
五月 10, 2019 1:37:48 上午 org.apache.catalina.startup.HostConfig deployWAR
信息: Deploying web application archive C:\apache-tomcat-7.0.81\webapps\dywh.war
五月 10, 2019 1:37:50 上午 org.apache.catalina.startup.TldConfig execute
信息: At least one JAR was scanned for TLDs yet contained no TLDs. Enable debug logging for this logger for a complete list of JARs that were scanned but no TLDs were found in them. Skipping unneeded JARs during scanning can improve startup time and JSP compilation time.
五月 10, 2019 1:37:51 上午 org.springframework.web.servlet.FrameworkServlet initServletBean
信息: FrameworkServlet 'example': initialization started
五月 10, 2019 1:37:51 上午 org.springframework.context.support.AbstractApplicationContext prepareRefresh
信息: Refreshing WebApplicationContext for namespace 'example-servlet': startup date [Fri May 10 01:37:51 CST 2019]; root of context hierarchy
五月 10, 2019 1:37:51 上午 org.springframework.beans.factory.xml.XmlBeanDefinitionReader loadBeanDefinitions
信息: Loading XML bean definitions from class path resource [springmvc.xml]
五月 10, 2019 1:37:51 上午 org.springframework.beans.factory.xml.XmlBeanDefinitionReader loadBeanDefinitions
信息: Loading XML bean definitions from class path resource [applicationContext.xml]
五月 10, 2019 1:37:51 上午 org.springframework.core.io.support.PropertiesLoaderSupport loadProperties
信息: Loading properties file from class path resource [jdbc.properties]
五月 10, 2019 1:37:51 上午 org.springframework.beans.factory.support.DefaultListableBeanFactory preInstantiateSingletons
信息: Pre-instantiating singletons in org.springframework.beans.factory.support.DefaultListableBeanFactory@6795ebc0: defining beans [userController,adminServiceImpl,userServiceImpl,org.springframework.context.annotation.internalConfigurationAnnotationProcessor,org.springframework.context.annotation.internalAutowiredAnnotationProcessor,org.springframework.context.annotation.internalRequiredAnnotationProcessor,org.springframework.context.annotation.internalCommonAnnotationProcessor,mvcContentNegotiationManager,org.springframework.web.servlet.mvc.method.annotation.RequestMappingHandlerMapping#0,org.springframework.format.support.FormattingConversionServiceFactoryBean#0,org.springframework.web.servlet.mvc.method.annotation.RequestMappingHandlerAdapter#0,org.springframework.web.servlet.handler.MappedInterceptor#0,org.springframework.web.servlet.mvc.method.annotation.ExceptionHandlerExceptionResolver#0,org.springframework.web.servlet.mvc.annotation.ResponseStatusExceptionResolver#0,org.springframework.web.servlet.mvc.support.DefaultHandlerExceptionResolver#0,org.springframework.web.servlet.handler.BeanNameUrlHandlerMapping,org.springframework.web.servlet.mvc.HttpRequestHandlerAdapter,org.springframework.web.servlet.mvc.SimpleControllerHandlerAdapter,org.springframework.web.servlet.resource.DefaultServletHttpRequestHandler#0,org.springframework.web.servlet.handler.SimpleUrlHandlerMapping#0,org.springframework.web.servlet.resource.ResourceHttpRequestHandler#0,org.springframework.web.servlet.handler.SimpleUrlHandlerMapping#1,org.springframework.web.servlet.resource.ResourceHttpRequestHandler#1,org.springframework.web.servlet.handler.SimpleUrlHandlerMapping#2,org.springframework.web.servlet.resource.ResourceHttpRequestHandler#2,org.springframework.web.servlet.handler.SimpleUrlHandlerMapping#3,freemarkerConfig,htmlviewResolver,jspViewResolver,multipartResolver,org.springframework.context.support.PropertySourcesPlaceholderConfigurer#0,dataSource,sqlSessionFactory,transactionManager,org.mybatis.spring.mapper.MapperScannerConfigurer#0,txAdvice,org.springframework.aop.config.internalAutoProxyCreator,fooServiceOperation,org.springframework.aop.support.DefaultBeanFactoryPointcutAdvisor#0,org.springframework.context.annotation.ConfigurationClassPostProcessor.importAwareProcessor,adminMapper,userMapper]; root of factory hierarchy
五月 10, 2019 1:37:53 上午 org.springframework.web.servlet.handler.AbstractHandlerMethodMapping registerHandlerMethod
信息: Mapped "{[/toBuildingHtml],methods=[],params=[],headers=[],consumes=[],produces=[],custom=[]}" onto public java.lang.String dywh.ml.controller.UserController.BuildingHtml()
五月 10, 2019 1:37:53 上午 org.springframework.web.servlet.handler.AbstractHandlerMethodMapping registerHandlerMethod
信息: Mapped "{[/toIndexHtml],methods=[],params=[],headers=[],consumes=[],produces=[],custom=[]}" onto public java.lang.String dywh.ml.controller.UserController.IndexHtml()
五月 10, 2019 1:37:53 上午 org.springframework.web.servlet.handler.AbstractHandlerMethodMapping registerHandlerMethod
信息: Mapped "{[/toDietHtml],methods=[],params=[],headers=[],consumes=[],produces=[],custom=[]}" onto public java.lang.String dywh.ml.controller.UserController.DietHtml()
五月 10, 2019 1:37:53 上午 org.springframework.web.servlet.handler.AbstractHandlerMethodMapping registerHandlerMethod
信息: Mapped "{[/toLanguageHtml],methods=[],params=[],headers=[],consumes=[],produces=[],custom=[]}" onto public java.lang.String dywh.ml.controller.UserController.LanguageHtml()
五月 10, 2019 1:37:53 上午 org.springframework.web.servlet.handler.AbstractHandlerMethodMapping registerHandlerMethod
信息: Mapped "{[/toTopJsp],methods=[],params=[],headers=[],consumes=[],produces=[],custom=[]}" onto public java.lang.String dywh.ml.controller.UserController.TopJsp()
五月 10, 2019 1:37:53 上午 org.springframework.web.servlet.handler.AbstractHandlerMethodMapping registerHandlerMethod
信息: Mapped "{[/toOperaHtml],methods=[],params=[],headers=[],consumes=[],produces=[],custom=[]}" onto public java.lang.String dywh.ml.controller.UserController.OperaHtml()
五月 10, 2019 1:37:53 上午 org.springframework.web.servlet.handler.AbstractUrlHandlerMapping registerHandler
信息: Mapped URL path [/**] onto handler 'org.springframework.web.servlet.resource.DefaultServletHttpRequestHandler#0'
五月 10, 2019 1:37:54 上午 org.springframework.web.servlet.handler.AbstractUrlHandlerMapping registerHandler
信息: Mapped URL path [/js/**] onto handler 'org.springframework.web.servlet.resource.ResourceHttpRequestHandler#0'
五月 10, 2019 1:37:54 上午 org.springframework.web.servlet.handler.AbstractUrlHandlerMapping registerHandler
信息: Mapped URL path [/css/**] onto handler 'org.springframework.web.servlet.resource.ResourceHttpRequestHandler#1'
五月 10, 2019 1:37:54 上午 org.springframework.web.servlet.handler.AbstractUrlHandlerMapping registerHandler
信息: Mapped URL path [/images/**] onto handler 'org.springframework.web.servlet.resource.ResourceHttpRequestHandler#2'
五月 10, 2019 1:37:54 上午 org.springframework.web.servlet.view.freemarker.FreeMarkerConfigurer postProcessTemplateLoaders
信息: ClassTemplateLoader for Spring macros added to FreeMarker configuration
五月 10, 2019 1:37:54 上午 org.springframework.web.servlet.FrameworkServlet initServletBean
信息: FrameworkServlet 'example': initialization completed in 3063 ms
五月 10, 2019 1:37:54 上午 org.apache.catalina.startup.HostConfig deployWAR
信息: Deployment of web application archive C:\apache-tomcat-7.0.81\webapps\dywh.war has finished in 6,000 ms
五月 10, 2019 1:48:14 上午 org.apache.catalina.startup.HostConfig undeploy
信息: Undeploying context [/dywh]
五月 10, 2019 1:48:14 上午 org.springframework.context.support.AbstractApplicationContext doClose
信息: Closing WebApplicationContext for namespace 'example-servlet': startup date [Fri May 10 01:37:51 CST 2019]; root of context hierarchy
五月 10, 2019 1:48:14 上午 org.springframework.beans.factory.support.DefaultSingletonBeanRegistry destroySingletons
信息: Destroying singletons in org.springframework.beans.factory.support.DefaultListableBeanFactory@6795ebc0: defining beans [userController,adminServiceImpl,userServiceImpl,org.springframework.context.annotation.internalConfigurationAnnotationProcessor,org.springframework.context.annotation.internalAutowiredAnnotationProcessor,org.springframework.context.annotation.internalRequiredAnnotationProcessor,org.springframework.context.annotation.internalCommonAnnotationProcessor,mvcContentNegotiationManager,org.springframework.web.servlet.mvc.method.annotation.RequestMappingHandlerMapping#0,org.springframework.format.support.FormattingConversionServiceFactoryBean#0,org.springframework.web.servlet.mvc.method.annotation.RequestMappingHandlerAdapter#0,org.springframework.web.servlet.handler.MappedInterceptor#0,org.springframework.web.servlet.mvc.method.annotation.ExceptionHandlerExceptionResolver#0,org.springframework.web.servlet.mvc.annotation.ResponseStatusExceptionResolver#0,org.springframework.web.servlet.mvc.support.DefaultHandlerExceptionResolver#0,org.springframework.web.servlet.handler.BeanNameUrlHandlerMapping,org.springframework.web.servlet.mvc.HttpRequestHandlerAdapter,org.springframework.web.servlet.mvc.SimpleControllerHandlerAdapter,org.springframework.web.servlet.resource.DefaultServletHttpRequestHandler#0,org.springframework.web.servlet.handler.SimpleUrlHandlerMapping#0,org.springframework.web.servlet.resource.ResourceHttpRequestHandler#0,org.springframework.web.servlet.handler.SimpleUrlHandlerMapping#1,org.springframework.web.servlet.resource.ResourceHttpRequestHandler#1,org.springframework.web.servlet.handler.SimpleUrlHandlerMapping#2,org.springframework.web.servlet.resource.ResourceHttpRequestHandler#2,org.springframework.web.servlet.handler.SimpleUrlHandlerMapping#3,freemarkerConfig,htmlviewResolver,jspViewResolver,multipartResolver,org.springframework.context.support.PropertySourcesPlaceholderConfigurer#0,dataSource,sqlSessionFactory,transactionManager,org.mybatis.spring.mapper.MapperScannerConfigurer#0,txAdvice,org.springframework.aop.config.internalAutoProxyCreator,fooServiceOperation,org.springframework.aop.support.DefaultBeanFactoryPointcutAdvisor#0,org.springframework.context.annotation.ConfigurationClassPostProcessor.importAwareProcessor,adminMapper,userMapper]; root of factory hierarchy
五月 10, 2019 1:48:24 上午 org.apache.catalina.startup.HostConfig deployWAR
信息: Deploying web application archive C:\apache-tomcat-7.0.81\webapps\dywh.war
五月 10, 2019 1:48:24 上午 org.apache.catalina.startup.ContextConfig beforeStart
严重: Exception fixing docBase for context [/dywh]
java.io.FileNotFoundException: C:\apache-tomcat-7.0.81\webapps\dywh.war (另一个程序正在使用此文件，进程无法访问。)
	at java.util.zip.ZipFile.open(Native Method)
	at java.util.zip.ZipFile.<init>(ZipFile.java:215)
	at java.util.zip.ZipFile.<init>(ZipFile.java:145)
	at java.util.jar.JarFile.<init>(JarFile.java:154)
	at java.util.jar.JarFile.<init>(JarFile.java:91)
	at sun.net.www.protocol.jar.URLJarFile.<init>(URLJarFile.java:93)
	at sun.net.www.protocol.jar.URLJarFile.getJarFile(URLJarFile.java:69)
	at sun.net.www.protocol.jar.JarFileFactory.get(JarFileFactory.java:109)
	at sun.net.www.protocol.jar.JarURLConnection.connect(JarURLConnection.java:122)
	at sun.net.www.protocol.jar.JarURLConnection.getJarFile(JarURLConnection.java:89)
	at org.apache.catalina.startup.ExpandWar.expand(ExpandWar.java:111)
	at org.apache.catalina.startup.ContextConfig.fixDocBase(ContextConfig.java:737)
	at org.apache.catalina.startup.ContextConfig.beforeStart(ContextConfig.java:862)
	at org.apache.catalina.startup.ContextConfig.lifecycleEvent(ContextConfig.java:390)
	at org.apache.catalina.util.LifecycleSupport.fireLifecycleEvent(LifecycleSupport.java:117)
	at org.apache.catalina.util.LifecycleBase.fireLifecycleEvent(LifecycleBase.java:90)
	at org.apache.catalina.util.LifecycleBase.setStateInternal(LifecycleBase.java:388)
	at org.apache.catalina.util.LifecycleBase.start(LifecycleBase.java:144)
	at org.apache.catalina.core.ContainerBase.addChildInternal(ContainerBase.java:1009)
	at org.apache.catalina.core.ContainerBase.addChild(ContainerBase.java:985)
	at org.apache.catalina.core.StandardHost.addChild(StandardHost.java:652)
	at org.apache.catalina.startup.HostConfig.deployWAR(HostConfig.java:1127)
	at org.apache.catalina.startup.HostConfig$DeployWar.run(HostConfig.java:2020)
	at java.util.concurrent.Executors$RunnableAdapter.call(Executors.java:471)
	at java.util.concurrent.FutureTask.run(FutureTask.java:262)
	at java.util.concurrent.ThreadPoolExecutor.runWorker(ThreadPoolExecutor.java:1145)
	at java.util.concurrent.ThreadPoolExecutor$Worker.run(ThreadPoolExecutor.java:615)
	at java.lang.Thread.run(Thread.java:745)

五月 10, 2019 1:48:24 上午 org.apache.catalina.core.StandardContext resourcesStart
严重: Error starting static Resources
java.lang.IllegalArgumentException: Invalid or unreadable WAR file : C:\apache-tomcat-7.0.81\webapps\dywh.war (另一个程序正在使用此文件，进程无法访问。)
	at org.apache.naming.resources.WARDirContext.setDocBase(WARDirContext.java:136)
	at org.apache.catalina.core.StandardContext.resourcesStart(StandardContext.java:5239)
	at org.apache.catalina.core.StandardContext.startInternal(StandardContext.java:5430)
	at org.apache.catalina.util.LifecycleBase.start(LifecycleBase.java:145)
	at org.apache.catalina.core.ContainerBase.addChildInternal(ContainerBase.java:1009)
	at org.apache.catalina.core.ContainerBase.addChild(ContainerBase.java:985)
	at org.apache.catalina.core.StandardHost.addChild(StandardHost.java:652)
	at org.apache.catalina.startup.HostConfig.deployWAR(HostConfig.java:1127)
	at org.apache.catalina.startup.HostConfig$DeployWar.run(HostConfig.java:2020)
	at java.util.concurrent.Executors$RunnableAdapter.call(Executors.java:471)
	at java.util.concurrent.FutureTask.run(FutureTask.java:262)
	at java.util.concurrent.ThreadPoolExecutor.runWorker(ThreadPoolExecutor.java:1145)
	at java.util.concurrent.ThreadPoolExecutor$Worker.run(ThreadPoolExecutor.java:615)
	at java.lang.Thread.run(Thread.java:745)

五月 10, 2019 1:48:24 上午 org.apache.catalina.core.ContainerBase addChildInternal
严重: ContainerBase.addChild: start: 
org.apache.catalina.LifecycleException: Failed to start component [StandardEngine[Catalina].StandardHost[localhost].StandardContext[/dywh]]
	at org.apache.catalina.util.LifecycleBase.start(LifecycleBase.java:162)
	at org.apache.catalina.core.ContainerBase.addChildInternal(ContainerBase.java:1009)
	at org.apache.catalina.core.ContainerBase.addChild(ContainerBase.java:985)
	at org.apache.catalina.core.StandardHost.addChild(StandardHost.java:652)
	at org.apache.catalina.startup.HostConfig.deployWAR(HostConfig.java:1127)
	at org.apache.catalina.startup.HostConfig$DeployWar.run(HostConfig.java:2020)
	at java.util.concurrent.Executors$RunnableAdapter.call(Executors.java:471)
	at java.util.concurrent.FutureTask.run(FutureTask.java:262)
	at java.util.concurrent.ThreadPoolExecutor.runWorker(ThreadPoolExecutor.java:1145)
	at java.util.concurrent.ThreadPoolExecutor$Worker.run(ThreadPoolExecutor.java:615)
	at java.lang.Thread.run(Thread.java:745)
Caused by: org.apache.catalina.LifecycleException: Error in resourceStart()
	at org.apache.catalina.core.StandardContext.startInternal(StandardContext.java:5431)
	at org.apache.catalina.util.LifecycleBase.start(LifecycleBase.java:145)
	... 10 more

五月 10, 2019 1:48:24 上午 org.apache.catalina.startup.HostConfig deployWAR
严重: Error deploying web application archive C:\apache-tomcat-7.0.81\webapps\dywh.war
java.lang.IllegalStateException: ContainerBase.addChild: start: org.apache.catalina.LifecycleException: Failed to start component [StandardEngine[Catalina].StandardHost[localhost].StandardContext[/dywh]]
	at org.apache.catalina.core.ContainerBase.addChildInternal(ContainerBase.java:1013)
	at org.apache.catalina.core.ContainerBase.addChild(ContainerBase.java:985)
	at org.apache.catalina.core.StandardHost.addChild(StandardHost.java:652)
	at org.apache.catalina.startup.HostConfig.deployWAR(HostConfig.java:1127)
	at org.apache.catalina.startup.HostConfig$DeployWar.run(HostConfig.java:2020)
	at java.util.concurrent.Executors$RunnableAdapter.call(Executors.java:471)
	at java.util.concurrent.FutureTask.run(FutureTask.java:262)
	at java.util.concurrent.ThreadPoolExecutor.runWorker(ThreadPoolExecutor.java:1145)
	at java.util.concurrent.ThreadPoolExecutor$Worker.run(ThreadPoolExecutor.java:615)
	at java.lang.Thread.run(Thread.java:745)

五月 10, 2019 1:48:24 上午 org.apache.catalina.startup.HostConfig deployWAR
信息: Deployment of web application archive C:\apache-tomcat-7.0.81\webapps\dywh.war has finished in 16 ms
五月 10, 2019 1:48:34 上午 org.apache.catalina.startup.HostConfig undeploy
信息: Undeploying context [/dywh]
五月 10, 2019 1:48:34 上午 org.apache.catalina.startup.HostConfig deployWAR
信息: Deploying web application archive C:\apache-tomcat-7.0.81\webapps\dywh.war
五月 10, 2019 1:48:36 上午 org.apache.catalina.startup.TldConfig execute
信息: At least one JAR was scanned for TLDs yet contained no TLDs. Enable debug logging for this logger for a complete list of JARs that were scanned but no TLDs were found in them. Skipping unneeded JARs during scanning can improve startup time and JSP compilation time.
五月 10, 2019 1:48:36 上午 org.springframework.web.servlet.FrameworkServlet initServletBean
信息: FrameworkServlet 'example': initialization started
五月 10, 2019 1:48:36 上午 org.springframework.context.support.AbstractApplicationContext prepareRefresh
信息: Refreshing WebApplicationContext for namespace 'example-servlet': startup date [Fri May 10 01:48:36 CST 2019]; root of context hierarchy
五月 10, 2019 1:48:37 上午 org.springframework.beans.factory.xml.XmlBeanDefinitionReader loadBeanDefinitions
信息: Loading XML bean definitions from class path resource [springmvc.xml]
五月 10, 2019 1:48:37 上午 org.springframework.beans.factory.xml.XmlBeanDefinitionReader loadBeanDefinitions
信息: Loading XML bean definitions from class path resource [applicationContext.xml]
五月 10, 2019 1:48:37 上午 org.springframework.core.io.support.PropertiesLoaderSupport loadProperties
信息: Loading properties file from class path resource [jdbc.properties]
五月 10, 2019 1:48:37 上午 org.springframework.beans.factory.support.DefaultListableBeanFactory preInstantiateSingletons
信息: Pre-instantiating singletons in org.springframework.beans.factory.support.DefaultListableBeanFactory@56821951: defining beans [userController,adminServiceImpl,userServiceImpl,org.springframework.context.annotation.internalConfigurationAnnotationProcessor,org.springframework.context.annotation.internalAutowiredAnnotationProcessor,org.springframework.context.annotation.internalRequiredAnnotationProcessor,org.springframework.context.annotation.internalCommonAnnotationProcessor,mvcContentNegotiationManager,org.springframework.web.servlet.mvc.method.annotation.RequestMappingHandlerMapping#0,org.springframework.format.support.FormattingConversionServiceFactoryBean#0,org.springframework.web.servlet.mvc.method.annotation.RequestMappingHandlerAdapter#0,org.springframework.web.servlet.handler.MappedInterceptor#0,org.springframework.web.servlet.mvc.method.annotation.ExceptionHandlerExceptionResolver#0,org.springframework.web.servlet.mvc.annotation.ResponseStatusExceptionResolver#0,org.springframework.web.servlet.mvc.support.DefaultHandlerExceptionResolver#0,org.springframework.web.servlet.handler.BeanNameUrlHandlerMapping,org.springframework.web.servlet.mvc.HttpRequestHandlerAdapter,org.springframework.web.servlet.mvc.SimpleControllerHandlerAdapter,org.springframework.web.servlet.resource.DefaultServletHttpRequestHandler#0,org.springframework.web.servlet.handler.SimpleUrlHandlerMapping#0,org.springframework.web.servlet.resource.ResourceHttpRequestHandler#0,org.springframework.web.servlet.handler.SimpleUrlHandlerMapping#1,org.springframework.web.servlet.resource.ResourceHttpRequestHandler#1,org.springframework.web.servlet.handler.SimpleUrlHandlerMapping#2,org.springframework.web.servlet.resource.ResourceHttpRequestHandler#2,org.springframework.web.servlet.handler.SimpleUrlHandlerMapping#3,freemarkerConfig,htmlviewResolver,jspViewResolver,multipartResolver,org.springframework.context.support.PropertySourcesPlaceholderConfigurer#0,dataSource,sqlSessionFactory,transactionManager,org.mybatis.spring.mapper.MapperScannerConfigurer#0,txAdvice,org.springframework.aop.config.internalAutoProxyCreator,fooServiceOperation,org.springframework.aop.support.DefaultBeanFactoryPointcutAdvisor#0,org.springframework.context.annotation.ConfigurationClassPostProcessor.importAwareProcessor,adminMapper,userMapper]; root of factory hierarchy
五月 10, 2019 1:48:38 上午 org.springframework.web.servlet.handler.AbstractHandlerMethodMapping registerHandlerMethod
信息: Mapped "{[/toOperaHtml],methods=[],params=[],headers=[],consumes=[],produces=[],custom=[]}" onto public java.lang.String dywh.ml.controller.UserController.OperaHtml()
五月 10, 2019 1:48:38 上午 org.springframework.web.servlet.handler.AbstractHandlerMethodMapping registerHandlerMethod
信息: Mapped "{[/toBuildingHtml],methods=[],params=[],headers=[],consumes=[],produces=[],custom=[]}" onto public java.lang.String dywh.ml.controller.UserController.BuildingHtml()
五月 10, 2019 1:48:38 上午 org.springframework.web.servlet.handler.AbstractHandlerMethodMapping registerHandlerMethod
信息: Mapped "{[/toIndexHtml],methods=[],params=[],headers=[],consumes=[],produces=[],custom=[]}" onto public java.lang.String dywh.ml.controller.UserController.IndexHtml()
五月 10, 2019 1:48:38 上午 org.springframework.web.servlet.handler.AbstractHandlerMethodMapping registerHandlerMethod
信息: Mapped "{[/toDietHtml],methods=[],params=[],headers=[],consumes=[],produces=[],custom=[]}" onto public java.lang.String dywh.ml.controller.UserController.DietHtml()
五月 10, 2019 1:48:38 上午 org.springframework.web.servlet.handler.AbstractHandlerMethodMapping registerHandlerMethod
信息: Mapped "{[/toLanguageHtml],methods=[],params=[],headers=[],consumes=[],produces=[],custom=[]}" onto public java.lang.String dywh.ml.controller.UserController.LanguageHtml()
五月 10, 2019 1:48:38 上午 org.springframework.web.servlet.handler.AbstractHandlerMethodMapping registerHandlerMethod
信息: Mapped "{[/toTopJsp],methods=[],params=[],headers=[],consumes=[],produces=[],custom=[]}" onto public java.lang.String dywh.ml.controller.UserController.TopJsp()
五月 10, 2019 1:48:39 上午 org.springframework.web.servlet.handler.AbstractUrlHandlerMapping registerHandler
信息: Mapped URL path [/**] onto handler 'org.springframework.web.servlet.resource.DefaultServletHttpRequestHandler#0'
五月 10, 2019 1:48:39 上午 org.springframework.web.servlet.handler.AbstractUrlHandlerMapping registerHandler
信息: Mapped URL path [/js/**] onto handler 'org.springframework.web.servlet.resource.ResourceHttpRequestHandler#0'
五月 10, 2019 1:48:39 上午 org.springframework.web.servlet.handler.AbstractUrlHandlerMapping registerHandler
信息: Mapped URL path [/css/**] onto handler 'org.springframework.web.servlet.resource.ResourceHttpRequestHandler#1'
五月 10, 2019 1:48:39 上午 org.springframework.web.servlet.handler.AbstractUrlHandlerMapping registerHandler
信息: Mapped URL path [/images/**] onto handler 'org.springframework.web.servlet.resource.ResourceHttpRequestHandler#2'
五月 10, 2019 1:48:39 上午 org.springframework.ui.freemarker.SpringTemplateLoader <init>
信息: SpringTemplateLoader for FreeMarker: using resource loader [WebApplicationContext for namespace 'example-servlet': startup date [Fri May 10 01:48:36 CST 2019]; root of context hierarchy] and template loader path [/WEB-INF/stop/html/]
五月 10, 2019 1:48:39 上午 org.springframework.web.servlet.view.freemarker.FreeMarkerConfigurer postProcessTemplateLoaders
信息: ClassTemplateLoader for Spring macros added to FreeMarker configuration
五月 10, 2019 1:48:39 上午 org.springframework.web.servlet.FrameworkServlet initServletBean
信息: FrameworkServlet 'example': initialization completed in 2328 ms
五月 10, 2019 1:48:39 上午 org.apache.catalina.startup.HostConfig deployWAR
信息: Deployment of web application archive C:\apache-tomcat-7.0.81\webapps\dywh.war has finished in 4,391 ms
五月 10, 2019 12:12:09 下午 org.apache.coyote.http11.AbstractHttp11Processor process
信息: Error parsing HTTP request header
 Note: further occurrences of HTTP header parsing errors will be logged at DEBUG level.
java.lang.IllegalArgumentException: Invalid character found in method name. HTTP method names must be tokens
	at org.apache.coyote.http11.InternalAprInputBuffer.parseRequestLine(InternalAprInputBuffer.java:182)
	at org.apache.coyote.http11.AbstractHttp11Processor.process(AbstractHttp11Processor.java:1028)
	at org.apache.coyote.AbstractProtocol$AbstractConnectionHandler.process(AbstractProtocol.java:637)
	at org.apache.tomcat.util.net.AprEndpoint$SocketProcessor.doRun(AprEndpoint.java:2549)
	at org.apache.tomcat.util.net.AprEndpoint$SocketProcessor.run(AprEndpoint.java:2538)
	at java.util.concurrent.ThreadPoolExecutor.runWorker(ThreadPoolExecutor.java:1145)
	at java.util.concurrent.ThreadPoolExecutor$Worker.run(ThreadPoolExecutor.java:615)
	at org.apache.tomcat.util.threads.TaskThread$WrappingRunnable.run(TaskThread.java:61)
	at java.lang.Thread.run(Thread.java:745)

五月 10, 2019 3:29:36 下午 org.apache.coyote.ajp.AjpMessage processHeader
严重: Invalid message received with signature 5635
五月 10, 2019 3:29:38 下午 org.apache.coyote.ajp.AjpMessage processHeader
严重: Invalid message received with signature 18245
五月 10, 2019 3:45:57 下午 org.apache.coyote.ajp.AjpMessage processHeader
严重: Invalid message received with signature 18245
五月 10, 2019 3:46:13 下午 org.apache.coyote.ajp.AjpMessage processHeader
严重: Invalid message received with signature 5635
五月 10, 2019 8:19:48 下午 org.apache.coyote.ajp.AjpMessage processHeader
严重: Invalid message received with signature 768
五月 10, 2019 8:31:38 下午 org.apache.coyote.http11.AbstractHttp11Processor process
信息: Error parsing HTTP request header
 Note: further occurrences of HTTP header parsing errors will be logged at DEBUG level.
java.lang.IllegalArgumentException: Invalid character found in method name. HTTP method names must be tokens
	at org.apache.coyote.http11.InternalAprInputBuffer.parseRequestLine(InternalAprInputBuffer.java:182)
	at org.apache.coyote.http11.AbstractHttp11Processor.process(AbstractHttp11Processor.java:1028)
	at org.apache.coyote.AbstractProtocol$AbstractConnectionHandler.process(AbstractProtocol.java:637)
	at org.apache.tomcat.util.net.AprEndpoint$SocketProcessor.doRun(AprEndpoint.java:2549)
	at org.apache.tomcat.util.net.AprEndpoint$SocketProcessor.run(AprEndpoint.java:2538)
	at java.util.concurrent.ThreadPoolExecutor.runWorker(ThreadPoolExecutor.java:1145)
	at java.util.concurrent.ThreadPoolExecutor$Worker.run(ThreadPoolExecutor.java:615)
	at org.apache.tomcat.util.threads.TaskThread$WrappingRunnable.run(TaskThread.java:61)
	at java.lang.Thread.run(Thread.java:745)

五月 10, 2019 10:17:32 下午 org.apache.coyote.http11.AbstractHttp11Processor process
信息: Error parsing HTTP request header
 Note: further occurrences of HTTP header parsing errors will be logged at DEBUG level.
java.lang.IllegalArgumentException: Invalid character found in method name. HTTP method names must be tokens
	at org.apache.coyote.http11.InternalAprInputBuffer.parseRequestLine(InternalAprInputBuffer.java:182)
	at org.apache.coyote.http11.AbstractHttp11Processor.process(AbstractHttp11Processor.java:1028)
	at org.apache.coyote.AbstractProtocol$AbstractConnectionHandler.process(AbstractProtocol.java:637)
	at org.apache.tomcat.util.net.AprEndpoint$SocketProcessor.doRun(AprEndpoint.java:2549)
	at org.apache.tomcat.util.net.AprEndpoint$SocketProcessor.run(AprEndpoint.java:2538)
	at java.util.concurrent.ThreadPoolExecutor.runWorker(ThreadPoolExecutor.java:1145)
	at java.util.concurrent.ThreadPoolExecutor$Worker.run(ThreadPoolExecutor.java:615)
	at org.apache.tomcat.util.threads.TaskThread$WrappingRunnable.run(TaskThread.java:61)
	at java.lang.Thread.run(Thread.java:745)

