十一月 21, 2018 1:06:32 上午 org.apache.catalina.realm.LockOutRealm filterLockedAccounts
警告: An attempt was made to authenticate the locked user "admin"
十一月 21, 2018 1:06:46 上午 org.apache.catalina.realm.LockOutRealm filterLockedAccounts
警告: An attempt was made to authenticate the locked user "admin"
十一月 21, 2018 1:07:00 上午 org.apache.catalina.realm.LockOutRealm filterLockedAccounts
警告: An attempt was made to authenticate the locked user "admin"
十一月 21, 2018 1:07:14 上午 org.apache.catalina.realm.LockOutRealm filterLockedAccounts
警告: An attempt was made to authenticate the locked user "admin"
十一月 21, 2018 1:07:28 上午 org.apache.catalina.realm.LockOutRealm filterLockedAccounts
警告: An attempt was made to authenticate the locked user "admin"
十一月 21, 2018 1:07:42 上午 org.apache.catalina.realm.LockOutRealm filterLockedAccounts
警告: An attempt was made to authenticate the locked user "admin"
十一月 21, 2018 1:07:56 上午 org.apache.catalina.realm.LockOutRealm filterLockedAccounts
警告: An attempt was made to authenticate the locked user "admin"
十一月 21, 2018 1:08:10 上午 org.apache.catalina.realm.LockOutRealm filterLockedAccounts
警告: An attempt was made to authenticate the locked user "admin"
十一月 21, 2018 1:08:24 上午 org.apache.catalina.realm.LockOutRealm filterLockedAccounts
警告: An attempt was made to authenticate the locked user "admin"
十一月 21, 2018 1:08:38 上午 org.apache.catalina.realm.LockOutRealm filterLockedAccounts
警告: An attempt was made to authenticate the locked user "admin"
十一月 21, 2018 1:08:52 上午 org.apache.catalina.realm.LockOutRealm filterLockedAccounts
警告: An attempt was made to authenticate the locked user "admin"
十一月 21, 2018 1:09:06 上午 org.apache.catalina.realm.LockOutRealm filterLockedAccounts
警告: An attempt was made to authenticate the locked user "admin"
十一月 21, 2018 1:09:21 上午 org.apache.catalina.realm.LockOutRealm filterLockedAccounts
警告: An attempt was made to authenticate the locked user "admin"
十一月 21, 2018 1:09:35 上午 org.apache.catalina.realm.LockOutRealm filterLockedAccounts
警告: An attempt was made to authenticate the locked user "admin"
十一月 21, 2018 1:09:49 上午 org.apache.catalina.realm.LockOutRealm filterLockedAccounts
警告: An attempt was made to authenticate the locked user "admin"
十一月 21, 2018 1:10:03 上午 org.apache.catalina.realm.LockOutRealm filterLockedAccounts
警告: An attempt was made to authenticate the locked user "admin"
十一月 21, 2018 1:10:17 上午 org.apache.catalina.realm.LockOutRealm filterLockedAccounts
警告: An attempt was made to authenticate the locked user "admin"
十一月 21, 2018 1:10:31 上午 org.apache.catalina.realm.LockOutRealm filterLockedAccounts
警告: An attempt was made to authenticate the locked user "admin"
十一月 21, 2018 1:10:45 上午 org.apache.catalina.realm.LockOutRealm filterLockedAccounts
警告: An attempt was made to authenticate the locked user "admin"
十一月 21, 2018 1:10:59 上午 org.apache.catalina.realm.LockOutRealm filterLockedAccounts
警告: An attempt was made to authenticate the locked user "admin"
十一月 21, 2018 1:11:13 上午 org.apache.catalina.realm.LockOutRealm filterLockedAccounts
警告: An attempt was made to authenticate the locked user "admin"
十一月 21, 2018 1:11:27 上午 org.apache.catalina.realm.LockOutRealm filterLockedAccounts
警告: An attempt was made to authenticate the locked user "admin"
十一月 21, 2018 1:11:41 上午 org.apache.catalina.realm.LockOutRealm filterLockedAccounts
警告: An attempt was made to authenticate the locked user "admin"
十一月 21, 2018 1:11:55 上午 org.apache.catalina.realm.LockOutRealm filterLockedAccounts
警告: An attempt was made to authenticate the locked user "admin"
十一月 21, 2018 1:12:10 上午 org.apache.catalina.realm.LockOutRealm filterLockedAccounts
警告: An attempt was made to authenticate the locked user "admin"
十一月 21, 2018 1:12:23 上午 org.apache.catalina.realm.LockOutRealm filterLockedAccounts
警告: An attempt was made to authenticate the locked user "admin"
十一月 21, 2018 1:12:41 上午 org.apache.catalina.realm.LockOutRealm filterLockedAccounts
警告: An attempt was made to authenticate the locked user "admin"
十一月 21, 2018 1:12:55 上午 org.apache.catalina.realm.LockOutRealm filterLockedAccounts
警告: An attempt was made to authenticate the locked user "admin"
十一月 21, 2018 1:13:09 上午 org.apache.catalina.realm.LockOutRealm filterLockedAccounts
警告: An attempt was made to authenticate the locked user "admin"
十一月 21, 2018 1:13:23 上午 org.apache.catalina.realm.LockOutRealm filterLockedAccounts
警告: An attempt was made to authenticate the locked user "admin"
十一月 21, 2018 1:13:37 上午 org.apache.catalina.realm.LockOutRealm filterLockedAccounts
警告: An attempt was made to authenticate the locked user "admin"
十一月 21, 2018 1:13:54 上午 org.apache.catalina.realm.LockOutRealm filterLockedAccounts
警告: An attempt was made to authenticate the locked user "admin"
十一月 21, 2018 1:14:08 上午 org.apache.catalina.realm.LockOutRealm filterLockedAccounts
警告: An attempt was made to authenticate the locked user "admin"
十一月 21, 2018 1:14:22 上午 org.apache.catalina.realm.LockOutRealm filterLockedAccounts
警告: An attempt was made to authenticate the locked user "admin"
十一月 21, 2018 1:14:36 上午 org.apache.catalina.realm.LockOutRealm filterLockedAccounts
警告: An attempt was made to authenticate the locked user "admin"
十一月 21, 2018 1:14:50 上午 org.apache.catalina.realm.LockOutRealm filterLockedAccounts
警告: An attempt was made to authenticate the locked user "admin"
十一月 21, 2018 1:15:04 上午 org.apache.catalina.realm.LockOutRealm filterLockedAccounts
警告: An attempt was made to authenticate the locked user "admin"
十一月 21, 2018 1:15:18 上午 org.apache.catalina.realm.LockOutRealm filterLockedAccounts
警告: An attempt was made to authenticate the locked user "admin"
十一月 21, 2018 1:15:33 上午 org.apache.catalina.realm.LockOutRealm filterLockedAccounts
警告: An attempt was made to authenticate the locked user "admin"
十一月 21, 2018 1:15:47 上午 org.apache.catalina.realm.LockOutRealm filterLockedAccounts
警告: An attempt was made to authenticate the locked user "admin"
十一月 21, 2018 1:16:01 上午 org.apache.catalina.realm.LockOutRealm filterLockedAccounts
警告: An attempt was made to authenticate the locked user "admin"
十一月 21, 2018 1:16:15 上午 org.apache.catalina.realm.LockOutRealm filterLockedAccounts
警告: An attempt was made to authenticate the locked user "admin"
十一月 21, 2018 1:16:29 上午 org.apache.catalina.realm.LockOutRealm filterLockedAccounts
警告: An attempt was made to authenticate the locked user "admin"
十一月 21, 2018 1:16:43 上午 org.apache.catalina.realm.LockOutRealm filterLockedAccounts
警告: An attempt was made to authenticate the locked user "admin"
十一月 21, 2018 1:16:57 上午 org.apache.catalina.realm.LockOutRealm filterLockedAccounts
警告: An attempt was made to authenticate the locked user "admin"
十一月 21, 2018 1:17:11 上午 org.apache.catalina.realm.LockOutRealm filterLockedAccounts
警告: An attempt was made to authenticate the locked user "admin"
十一月 21, 2018 1:17:25 上午 org.apache.catalina.realm.LockOutRealm filterLockedAccounts
警告: An attempt was made to authenticate the locked user "admin"
十一月 21, 2018 1:17:39 上午 org.apache.catalina.realm.LockOutRealm filterLockedAccounts
警告: An attempt was made to authenticate the locked user "admin"
十一月 21, 2018 1:17:53 上午 org.apache.catalina.realm.LockOutRealm filterLockedAccounts
警告: An attempt was made to authenticate the locked user "admin"
十一月 21, 2018 1:18:07 上午 org.apache.catalina.realm.LockOutRealm filterLockedAccounts
警告: An attempt was made to authenticate the locked user "admin"
十一月 21, 2018 1:18:21 上午 org.apache.catalina.realm.LockOutRealm filterLockedAccounts
警告: An attempt was made to authenticate the locked user "admin"
十一月 21, 2018 1:18:35 上午 org.apache.catalina.realm.LockOutRealm filterLockedAccounts
警告: An attempt was made to authenticate the locked user "admin"
十一月 21, 2018 1:18:49 上午 org.apache.catalina.realm.LockOutRealm filterLockedAccounts
警告: An attempt was made to authenticate the locked user "admin"
十一月 21, 2018 1:19:03 上午 org.apache.catalina.realm.LockOutRealm filterLockedAccounts
警告: An attempt was made to authenticate the locked user "admin"
十一月 21, 2018 1:19:18 上午 org.apache.catalina.realm.LockOutRealm filterLockedAccounts
警告: An attempt was made to authenticate the locked user "admin"
十一月 21, 2018 1:19:32 上午 org.apache.catalina.realm.LockOutRealm filterLockedAccounts
警告: An attempt was made to authenticate the locked user "admin"
十一月 21, 2018 1:19:46 上午 org.apache.catalina.realm.LockOutRealm filterLockedAccounts
警告: An attempt was made to authenticate the locked user "admin"
十一月 21, 2018 1:20:00 上午 org.apache.catalina.realm.LockOutRealm filterLockedAccounts
警告: An attempt was made to authenticate the locked user "admin"
十一月 21, 2018 1:20:17 上午 org.apache.catalina.realm.LockOutRealm filterLockedAccounts
警告: An attempt was made to authenticate the locked user "admin"
十一月 21, 2018 1:20:31 上午 org.apache.catalina.realm.LockOutRealm filterLockedAccounts
警告: An attempt was made to authenticate the locked user "admin"
十一月 21, 2018 1:20:48 上午 org.apache.catalina.realm.LockOutRealm filterLockedAccounts
警告: An attempt was made to authenticate the locked user "admin"
十一月 21, 2018 1:21:02 上午 org.apache.catalina.realm.LockOutRealm filterLockedAccounts
警告: An attempt was made to authenticate the locked user "admin"
十一月 21, 2018 1:21:16 上午 org.apache.catalina.realm.LockOutRealm filterLockedAccounts
警告: An attempt was made to authenticate the locked user "admin"
十一月 21, 2018 1:21:30 上午 org.apache.catalina.realm.LockOutRealm filterLockedAccounts
警告: An attempt was made to authenticate the locked user "admin"
十一月 21, 2018 1:21:47 上午 org.apache.catalina.realm.LockOutRealm filterLockedAccounts
警告: An attempt was made to authenticate the locked user "admin"
十一月 21, 2018 1:22:01 上午 org.apache.catalina.realm.LockOutRealm filterLockedAccounts
警告: An attempt was made to authenticate the locked user "admin"
十一月 21, 2018 1:22:15 上午 org.apache.catalina.realm.LockOutRealm filterLockedAccounts
警告: An attempt was made to authenticate the locked user "admin"
十一月 21, 2018 1:22:30 上午 org.apache.catalina.realm.LockOutRealm filterLockedAccounts
警告: An attempt was made to authenticate the locked user "admin"
十一月 21, 2018 1:22:44 上午 org.apache.catalina.realm.LockOutRealm filterLockedAccounts
警告: An attempt was made to authenticate the locked user "admin"
十一月 21, 2018 1:22:58 上午 org.apache.catalina.realm.LockOutRealm filterLockedAccounts
警告: An attempt was made to authenticate the locked user "admin"
十一月 21, 2018 1:23:12 上午 org.apache.catalina.realm.LockOutRealm filterLockedAccounts
警告: An attempt was made to authenticate the locked user "admin"
十一月 21, 2018 1:23:26 上午 org.apache.catalina.realm.LockOutRealm filterLockedAccounts
警告: An attempt was made to authenticate the locked user "admin"
十一月 21, 2018 1:23:40 上午 org.apache.catalina.realm.LockOutRealm filterLockedAccounts
警告: An attempt was made to authenticate the locked user "admin"
十一月 21, 2018 1:23:54 上午 org.apache.catalina.realm.LockOutRealm filterLockedAccounts
警告: An attempt was made to authenticate the locked user "admin"
十一月 21, 2018 1:24:08 上午 org.apache.catalina.realm.LockOutRealm filterLockedAccounts
警告: An attempt was made to authenticate the locked user "admin"
十一月 21, 2018 1:24:22 上午 org.apache.catalina.realm.LockOutRealm filterLockedAccounts
警告: An attempt was made to authenticate the locked user "admin"
十一月 21, 2018 1:24:36 上午 org.apache.catalina.realm.LockOutRealm filterLockedAccounts
警告: An attempt was made to authenticate the locked user "admin"
十一月 21, 2018 1:24:50 上午 org.apache.catalina.realm.LockOutRealm filterLockedAccounts
警告: An attempt was made to authenticate the locked user "admin"
十一月 21, 2018 1:25:04 上午 org.apache.catalina.realm.LockOutRealm filterLockedAccounts
警告: An attempt was made to authenticate the locked user "admin"
十一月 21, 2018 1:25:18 上午 org.apache.catalina.realm.LockOutRealm filterLockedAccounts
警告: An attempt was made to authenticate the locked user "admin"
十一月 21, 2018 1:25:32 上午 org.apache.catalina.realm.LockOutRealm filterLockedAccounts
警告: An attempt was made to authenticate the locked user "admin"
十一月 21, 2018 1:25:46 上午 org.apache.catalina.realm.LockOutRealm filterLockedAccounts
警告: An attempt was made to authenticate the locked user "admin"
十一月 21, 2018 1:26:00 上午 org.apache.catalina.realm.LockOutRealm filterLockedAccounts
警告: An attempt was made to authenticate the locked user "admin"
十一月 21, 2018 1:26:14 上午 org.apache.catalina.realm.LockOutRealm filterLockedAccounts
警告: An attempt was made to authenticate the locked user "admin"
十一月 21, 2018 1:26:29 上午 org.apache.catalina.realm.LockOutRealm filterLockedAccounts
警告: An attempt was made to authenticate the locked user "admin"
十一月 21, 2018 1:26:43 上午 org.apache.catalina.realm.LockOutRealm filterLockedAccounts
警告: An attempt was made to authenticate the locked user "admin"
十一月 21, 2018 1:26:57 上午 org.apache.catalina.realm.LockOutRealm filterLockedAccounts
警告: An attempt was made to authenticate the locked user "admin"
十一月 21, 2018 1:27:11 上午 org.apache.catalina.realm.LockOutRealm filterLockedAccounts
警告: An attempt was made to authenticate the locked user "admin"
十一月 21, 2018 1:27:25 上午 org.apache.catalina.realm.LockOutRealm filterLockedAccounts
警告: An attempt was made to authenticate the locked user "admin"
十一月 21, 2018 1:27:39 上午 org.apache.catalina.realm.LockOutRealm filterLockedAccounts
警告: An attempt was made to authenticate the locked user "admin"
十一月 21, 2018 1:27:53 上午 org.apache.catalina.realm.LockOutRealm filterLockedAccounts
警告: An attempt was made to authenticate the locked user "admin"
十一月 21, 2018 1:28:07 上午 org.apache.catalina.realm.LockOutRealm filterLockedAccounts
警告: An attempt was made to authenticate the locked user "admin"
十一月 21, 2018 1:28:21 上午 org.apache.catalina.realm.LockOutRealm filterLockedAccounts
警告: An attempt was made to authenticate the locked user "admin"
十一月 21, 2018 1:28:35 上午 org.apache.catalina.realm.LockOutRealm filterLockedAccounts
警告: An attempt was made to authenticate the locked user "admin"
十一月 21, 2018 1:28:49 上午 org.apache.catalina.realm.LockOutRealm filterLockedAccounts
警告: An attempt was made to authenticate the locked user "admin"
十一月 21, 2018 2:17:48 上午 org.apache.catalina.realm.LockOutRealm filterLockedAccounts
警告: An attempt was made to authenticate the locked user "admin"
十一月 21, 2018 2:18:07 上午 org.apache.catalina.realm.LockOutRealm filterLockedAccounts
警告: An attempt was made to authenticate the locked user "admin"
十一月 21, 2018 2:18:22 上午 org.apache.catalina.realm.LockOutRealm filterLockedAccounts
警告: An attempt was made to authenticate the locked user "admin"
十一月 21, 2018 2:18:37 上午 org.apache.catalina.realm.LockOutRealm filterLockedAccounts
警告: An attempt was made to authenticate the locked user "admin"
十一月 21, 2018 2:18:52 上午 org.apache.catalina.realm.LockOutRealm filterLockedAccounts
警告: An attempt was made to authenticate the locked user "admin"
十一月 21, 2018 2:19:06 上午 org.apache.catalina.realm.LockOutRealm filterLockedAccounts
警告: An attempt was made to authenticate the locked user "admin"
十一月 21, 2018 2:19:21 上午 org.apache.catalina.realm.LockOutRealm filterLockedAccounts
警告: An attempt was made to authenticate the locked user "admin"
十一月 21, 2018 2:19:35 上午 org.apache.catalina.realm.LockOutRealm filterLockedAccounts
警告: An attempt was made to authenticate the locked user "admin"
十一月 21, 2018 2:19:50 上午 org.apache.catalina.realm.LockOutRealm filterLockedAccounts
警告: An attempt was made to authenticate the locked user "admin"
十一月 21, 2018 2:20:05 上午 org.apache.catalina.realm.LockOutRealm filterLockedAccounts
警告: An attempt was made to authenticate the locked user "admin"
十一月 21, 2018 2:20:19 上午 org.apache.catalina.realm.LockOutRealm filterLockedAccounts
警告: An attempt was made to authenticate the locked user "admin"
十一月 21, 2018 2:20:33 上午 org.apache.catalina.realm.LockOutRealm filterLockedAccounts
警告: An attempt was made to authenticate the locked user "admin"
十一月 21, 2018 2:20:47 上午 org.apache.catalina.realm.LockOutRealm filterLockedAccounts
警告: An attempt was made to authenticate the locked user "admin"
十一月 21, 2018 2:21:01 上午 org.apache.catalina.realm.LockOutRealm filterLockedAccounts
警告: An attempt was made to authenticate the locked user "admin"
十一月 21, 2018 2:21:15 上午 org.apache.catalina.realm.LockOutRealm filterLockedAccounts
警告: An attempt was made to authenticate the locked user "admin"
十一月 21, 2018 2:21:29 上午 org.apache.catalina.realm.LockOutRealm filterLockedAccounts
警告: An attempt was made to authenticate the locked user "admin"
十一月 21, 2018 2:21:44 上午 org.apache.catalina.realm.LockOutRealm filterLockedAccounts
警告: An attempt was made to authenticate the locked user "admin"
十一月 21, 2018 2:21:58 上午 org.apache.catalina.realm.LockOutRealm filterLockedAccounts
警告: An attempt was made to authenticate the locked user "admin"
十一月 21, 2018 2:22:12 上午 org.apache.catalina.realm.LockOutRealm filterLockedAccounts
警告: An attempt was made to authenticate the locked user "admin"
十一月 21, 2018 2:22:26 上午 org.apache.catalina.realm.LockOutRealm filterLockedAccounts
警告: An attempt was made to authenticate the locked user "admin"
十一月 21, 2018 2:22:40 上午 org.apache.catalina.realm.LockOutRealm filterLockedAccounts
警告: An attempt was made to authenticate the locked user "admin"
十一月 21, 2018 2:22:54 上午 org.apache.catalina.realm.LockOutRealm filterLockedAccounts
警告: An attempt was made to authenticate the locked user "admin"
十一月 21, 2018 2:23:08 上午 org.apache.catalina.realm.LockOutRealm filterLockedAccounts
警告: An attempt was made to authenticate the locked user "admin"
十一月 21, 2018 2:23:22 上午 org.apache.catalina.realm.LockOutRealm filterLockedAccounts
警告: An attempt was made to authenticate the locked user "admin"
十一月 21, 2018 2:23:36 上午 org.apache.catalina.realm.LockOutRealm filterLockedAccounts
警告: An attempt was made to authenticate the locked user "admin"
十一月 21, 2018 2:23:50 上午 org.apache.catalina.realm.LockOutRealm filterLockedAccounts
警告: An attempt was made to authenticate the locked user "admin"
十一月 21, 2018 2:24:05 上午 org.apache.catalina.realm.LockOutRealm filterLockedAccounts
警告: An attempt was made to authenticate the locked user "admin"
十一月 21, 2018 2:24:18 上午 org.apache.catalina.realm.LockOutRealm filterLockedAccounts
警告: An attempt was made to authenticate the locked user "admin"
十一月 21, 2018 2:24:32 上午 org.apache.catalina.realm.LockOutRealm filterLockedAccounts
警告: An attempt was made to authenticate the locked user "admin"
十一月 21, 2018 2:24:46 上午 org.apache.catalina.realm.LockOutRealm filterLockedAccounts
警告: An attempt was made to authenticate the locked user "admin"
十一月 21, 2018 2:25:01 上午 org.apache.catalina.realm.LockOutRealm filterLockedAccounts
警告: An attempt was made to authenticate the locked user "admin"
十一月 21, 2018 2:25:15 上午 org.apache.catalina.realm.LockOutRealm filterLockedAccounts
警告: An attempt was made to authenticate the locked user "admin"
十一月 21, 2018 2:25:29 上午 org.apache.catalina.realm.LockOutRealm filterLockedAccounts
警告: An attempt was made to authenticate the locked user "admin"
十一月 21, 2018 2:25:43 上午 org.apache.catalina.realm.LockOutRealm filterLockedAccounts
警告: An attempt was made to authenticate the locked user "admin"
十一月 21, 2018 2:25:57 上午 org.apache.catalina.realm.LockOutRealm filterLockedAccounts
警告: An attempt was made to authenticate the locked user "admin"
十一月 21, 2018 2:26:11 上午 org.apache.catalina.realm.LockOutRealm filterLockedAccounts
警告: An attempt was made to authenticate the locked user "admin"
十一月 21, 2018 2:26:28 上午 org.apache.catalina.realm.LockOutRealm filterLockedAccounts
警告: An attempt was made to authenticate the locked user "admin"
十一月 21, 2018 2:26:42 上午 org.apache.catalina.realm.LockOutRealm filterLockedAccounts
警告: An attempt was made to authenticate the locked user "admin"
十一月 21, 2018 2:26:56 上午 org.apache.catalina.realm.LockOutRealm filterLockedAccounts
警告: An attempt was made to authenticate the locked user "admin"
十一月 21, 2018 2:27:10 上午 org.apache.catalina.realm.LockOutRealm filterLockedAccounts
警告: An attempt was made to authenticate the locked user "admin"
十一月 21, 2018 2:27:24 上午 org.apache.catalina.realm.LockOutRealm filterLockedAccounts
警告: An attempt was made to authenticate the locked user "admin"
十一月 21, 2018 2:27:39 上午 org.apache.catalina.realm.LockOutRealm filterLockedAccounts
警告: An attempt was made to authenticate the locked user "admin"
十一月 21, 2018 2:27:52 上午 org.apache.catalina.realm.LockOutRealm filterLockedAccounts
警告: An attempt was made to authenticate the locked user "admin"
十一月 21, 2018 2:28:06 上午 org.apache.catalina.realm.LockOutRealm filterLockedAccounts
警告: An attempt was made to authenticate the locked user "admin"
十一月 21, 2018 2:28:21 上午 org.apache.catalina.realm.LockOutRealm filterLockedAccounts
警告: An attempt was made to authenticate the locked user "admin"
十一月 21, 2018 2:28:35 上午 org.apache.catalina.realm.LockOutRealm filterLockedAccounts
警告: An attempt was made to authenticate the locked user "admin"
十一月 21, 2018 2:28:49 上午 org.apache.catalina.realm.LockOutRealm filterLockedAccounts
警告: An attempt was made to authenticate the locked user "admin"
十一月 21, 2018 2:29:03 上午 org.apache.catalina.realm.LockOutRealm filterLockedAccounts
警告: An attempt was made to authenticate the locked user "admin"
十一月 21, 2018 2:29:17 上午 org.apache.catalina.realm.LockOutRealm filterLockedAccounts
警告: An attempt was made to authenticate the locked user "admin"
十一月 21, 2018 2:29:31 上午 org.apache.catalina.realm.LockOutRealm filterLockedAccounts
警告: An attempt was made to authenticate the locked user "admin"
十一月 21, 2018 2:29:45 上午 org.apache.catalina.realm.LockOutRealm filterLockedAccounts
警告: An attempt was made to authenticate the locked user "admin"
十一月 21, 2018 2:29:59 上午 org.apache.catalina.realm.LockOutRealm filterLockedAccounts
警告: An attempt was made to authenticate the locked user "admin"
十一月 21, 2018 2:30:13 上午 org.apache.catalina.realm.LockOutRealm filterLockedAccounts
警告: An attempt was made to authenticate the locked user "admin"
十一月 21, 2018 2:30:27 上午 org.apache.catalina.realm.LockOutRealm filterLockedAccounts
警告: An attempt was made to authenticate the locked user "admin"
十一月 21, 2018 2:30:41 上午 org.apache.catalina.realm.LockOutRealm filterLockedAccounts
警告: An attempt was made to authenticate the locked user "admin"
十一月 21, 2018 2:30:55 上午 org.apache.catalina.realm.LockOutRealm filterLockedAccounts
警告: An attempt was made to authenticate the locked user "admin"
十一月 21, 2018 2:31:09 上午 org.apache.catalina.realm.LockOutRealm filterLockedAccounts
警告: An attempt was made to authenticate the locked user "admin"
十一月 21, 2018 2:31:23 上午 org.apache.catalina.realm.LockOutRealm filterLockedAccounts
警告: An attempt was made to authenticate the locked user "admin"
十一月 21, 2018 2:31:38 上午 org.apache.catalina.realm.LockOutRealm filterLockedAccounts
警告: An attempt was made to authenticate the locked user "admin"
十一月 21, 2018 2:31:52 上午 org.apache.catalina.realm.LockOutRealm filterLockedAccounts
警告: An attempt was made to authenticate the locked user "admin"
十一月 21, 2018 2:32:06 上午 org.apache.catalina.realm.LockOutRealm filterLockedAccounts
警告: An attempt was made to authenticate the locked user "admin"
十一月 21, 2018 2:32:20 上午 org.apache.catalina.realm.LockOutRealm filterLockedAccounts
警告: An attempt was made to authenticate the locked user "admin"
十一月 21, 2018 2:32:34 上午 org.apache.catalina.realm.LockOutRealm filterLockedAccounts
警告: An attempt was made to authenticate the locked user "admin"
十一月 21, 2018 2:32:48 上午 org.apache.catalina.realm.LockOutRealm filterLockedAccounts
警告: An attempt was made to authenticate the locked user "admin"
十一月 21, 2018 2:33:02 上午 org.apache.catalina.realm.LockOutRealm filterLockedAccounts
警告: An attempt was made to authenticate the locked user "admin"
十一月 21, 2018 2:33:16 上午 org.apache.catalina.realm.LockOutRealm filterLockedAccounts
警告: An attempt was made to authenticate the locked user "admin"
十一月 21, 2018 2:33:30 上午 org.apache.catalina.realm.LockOutRealm filterLockedAccounts
警告: An attempt was made to authenticate the locked user "admin"
十一月 21, 2018 2:33:44 上午 org.apache.catalina.realm.LockOutRealm filterLockedAccounts
警告: An attempt was made to authenticate the locked user "admin"
十一月 21, 2018 2:33:58 上午 org.apache.catalina.realm.LockOutRealm filterLockedAccounts
警告: An attempt was made to authenticate the locked user "admin"
十一月 21, 2018 2:34:12 上午 org.apache.catalina.realm.LockOutRealm filterLockedAccounts
警告: An attempt was made to authenticate the locked user "admin"
十一月 21, 2018 2:34:29 上午 org.apache.catalina.realm.LockOutRealm filterLockedAccounts
警告: An attempt was made to authenticate the locked user "admin"
十一月 21, 2018 2:34:43 上午 org.apache.catalina.realm.LockOutRealm filterLockedAccounts
警告: An attempt was made to authenticate the locked user "admin"
十一月 21, 2018 2:34:58 上午 org.apache.catalina.realm.LockOutRealm filterLockedAccounts
警告: An attempt was made to authenticate the locked user "admin"
十一月 21, 2018 2:35:12 上午 org.apache.catalina.realm.LockOutRealm filterLockedAccounts
警告: An attempt was made to authenticate the locked user "admin"
十一月 21, 2018 2:35:26 上午 org.apache.catalina.realm.LockOutRealm filterLockedAccounts
警告: An attempt was made to authenticate the locked user "admin"
十一月 21, 2018 2:35:40 上午 org.apache.catalina.realm.LockOutRealm filterLockedAccounts
警告: An attempt was made to authenticate the locked user "admin"
十一月 21, 2018 2:35:54 上午 org.apache.catalina.realm.LockOutRealm filterLockedAccounts
警告: An attempt was made to authenticate the locked user "admin"
十一月 21, 2018 2:36:08 上午 org.apache.catalina.realm.LockOutRealm filterLockedAccounts
警告: An attempt was made to authenticate the locked user "admin"
十一月 21, 2018 2:36:22 上午 org.apache.catalina.realm.LockOutRealm filterLockedAccounts
警告: An attempt was made to authenticate the locked user "admin"
十一月 21, 2018 2:36:36 上午 org.apache.catalina.realm.LockOutRealm filterLockedAccounts
警告: An attempt was made to authenticate the locked user "admin"
十一月 21, 2018 2:36:50 上午 org.apache.catalina.realm.LockOutRealm filterLockedAccounts
警告: An attempt was made to authenticate the locked user "admin"
十一月 21, 2018 2:37:04 上午 org.apache.catalina.realm.LockOutRealm filterLockedAccounts
警告: An attempt was made to authenticate the locked user "admin"
十一月 21, 2018 2:37:18 上午 org.apache.catalina.realm.LockOutRealm filterLockedAccounts
警告: An attempt was made to authenticate the locked user "admin"
十一月 21, 2018 2:37:32 上午 org.apache.catalina.realm.LockOutRealm filterLockedAccounts
警告: An attempt was made to authenticate the locked user "admin"
十一月 21, 2018 2:37:46 上午 org.apache.catalina.realm.LockOutRealm filterLockedAccounts
警告: An attempt was made to authenticate the locked user "admin"
十一月 21, 2018 2:38:00 上午 org.apache.catalina.realm.LockOutRealm filterLockedAccounts
警告: An attempt was made to authenticate the locked user "admin"
十一月 21, 2018 2:38:14 上午 org.apache.catalina.realm.LockOutRealm filterLockedAccounts
警告: An attempt was made to authenticate the locked user "admin"
十一月 21, 2018 2:38:28 上午 org.apache.catalina.realm.LockOutRealm filterLockedAccounts
警告: An attempt was made to authenticate the locked user "admin"
十一月 21, 2018 7:10:03 下午 org.apache.tomcat.util.digester.SetPropertiesRule begin
警告: [SetPropertiesRule]{Server/Service/Engine/Host/Context} Setting property 'source' to 'org.eclipse.jst.jee.server:ssmdm' did not find a matching property.
十一月 21, 2018 7:10:03 下午 org.apache.catalina.core.AprLifecycleListener lifecycleEvent
信息: Loaded APR based Apache Tomcat Native library 1.2.12 using APR version 1.5.2.
十一月 21, 2018 7:10:03 下午 org.apache.catalina.core.AprLifecycleListener lifecycleEvent
信息: APR capabilities: IPv6 [true], sendfile [true], accept filters [false], random [true].
十一月 21, 2018 7:10:04 下午 org.apache.catalina.core.AprLifecycleListener initializeSSL
信息: OpenSSL successfully initialized (OpenSSL 1.0.2k  26 Jan 2017)
十一月 21, 2018 7:10:04 下午 org.apache.coyote.AbstractProtocol init
信息: Initializing ProtocolHandler ["http-apr-8080"]
十一月 21, 2018 7:10:04 下午 org.apache.coyote.AbstractProtocol init
信息: Initializing ProtocolHandler ["ajp-apr-8009"]
十一月 21, 2018 7:10:04 下午 org.apache.catalina.startup.Catalina load
信息: Initialization processed in 1817 ms
十一月 21, 2018 7:10:04 下午 org.apache.catalina.core.StandardService startInternal
信息: Starting service Catalina
十一月 21, 2018 7:10:04 下午 org.apache.catalina.core.StandardEngine startInternal
信息: Starting Servlet Engine: Apache Tomcat/7.0.81
十一月 21, 2018 7:10:11 下午 org.apache.catalina.startup.TldConfig execute
信息: At least one JAR was scanned for TLDs yet contained no TLDs. Enable debug logging for this logger for a complete list of JARs that were scanned but no TLDs were found in them. Skipping unneeded JARs during scanning can improve startup time and JSP compilation time.
十一月 21, 2018 7:10:11 下午 org.apache.catalina.util.SessionIdGeneratorBase createSecureRandom
警告: Creation of SecureRandom instance for session ID generation using [SHA1PRNG] took [500] milliseconds.
十一月 21, 2018 7:10:11 下午 org.springframework.web.servlet.FrameworkServlet initServletBean
信息: FrameworkServlet 'example': initialization started
十一月 21, 2018 7:10:11 下午 org.springframework.context.support.AbstractApplicationContext prepareRefresh
信息: Refreshing WebApplicationContext for namespace 'example-servlet': startup date [Wed Nov 21 19:10:11 CST 2018]; root of context hierarchy
十一月 21, 2018 7:10:12 下午 org.springframework.beans.factory.xml.XmlBeanDefinitionReader loadBeanDefinitions
信息: Loading XML bean definitions from class path resource [springmvc.xml]
十一月 21, 2018 7:10:12 下午 org.springframework.beans.factory.xml.XmlBeanDefinitionReader loadBeanDefinitions
信息: Loading XML bean definitions from class path resource [applicationContext.xml]
十一月 21, 2018 7:10:13 下午 org.springframework.core.io.support.PropertiesLoaderSupport loadProperties
信息: Loading properties file from class path resource [jdbc.properties]
十一月 21, 2018 7:10:13 下午 org.springframework.beans.factory.support.DefaultListableBeanFactory preInstantiateSingletons
信息: Pre-instantiating singletons in org.springframework.beans.factory.support.DefaultListableBeanFactory@5ad3d621: defining beans [adminController,officeController,studentController,teacherController,userController,officeServiceImpl,studentServiceImpl,teacherServiceImpl,org.springframework.context.annotation.internalConfigurationAnnotationProcessor,org.springframework.context.annotation.internalAutowiredAnnotationProcessor,org.springframework.context.annotation.internalRequiredAnnotationProcessor,org.springframework.context.annotation.internalCommonAnnotationProcessor,mvcContentNegotiationManager,org.springframework.web.servlet.mvc.method.annotation.RequestMappingHandlerMapping#0,org.springframework.format.support.FormattingConversionServiceFactoryBean#0,org.springframework.web.servlet.mvc.method.annotation.RequestMappingHandlerAdapter#0,org.springframework.web.servlet.handler.MappedInterceptor#0,org.springframework.web.servlet.mvc.method.annotation.ExceptionHandlerExceptionResolver#0,org.springframework.web.servlet.mvc.annotation.ResponseStatusExceptionResolver#0,org.springframework.web.servlet.mvc.support.DefaultHandlerExceptionResolver#0,org.springframework.web.servlet.handler.BeanNameUrlHandlerMapping,org.springframework.web.servlet.mvc.HttpRequestHandlerAdapter,org.springframework.web.servlet.mvc.SimpleControllerHandlerAdapter,org.springframework.web.servlet.resource.DefaultServletHttpRequestHandler#0,org.springframework.web.servlet.handler.SimpleUrlHandlerMapping#0,org.springframework.web.servlet.resource.ResourceHttpRequestHandler#0,org.springframework.web.servlet.handler.SimpleUrlHandlerMapping#1,org.springframework.web.servlet.resource.ResourceHttpRequestHandler#1,org.springframework.web.servlet.handler.SimpleUrlHandlerMapping#2,org.springframework.web.servlet.resource.ResourceHttpRequestHandler#2,org.springframework.web.servlet.handler.SimpleUrlHandlerMapping#3,jspViewResolver,multipartResolver,org.springframework.context.support.PropertySourcesPlaceholderConfigurer#0,dataSource,sqlSessionFactory,transactionManager,org.mybatis.spring.mapper.MapperScannerConfigurer#0,txAdvice,org.springframework.aop.config.internalAutoProxyCreator,fooServiceOperation,org.springframework.aop.support.DefaultBeanFactoryPointcutAdvisor#0,org.springframework.context.annotation.ConfigurationClassPostProcessor.importAwareProcessor,officeMapper,studentMapper,teacherMapper]; root of factory hierarchy
十一月 21, 2018 7:10:14 下午 org.springframework.web.servlet.handler.AbstractHandlerMethodMapping registerHandlerMethod
信息: Mapped "{[/Office/QuerryAllStudent],methods=[],params=[],headers=[],consumes=[],produces=[],custom=[]}" onto public java.lang.Object com.dm.controller.OfficeController.QuerryAllStudent(javax.servlet.http.HttpSession,javax.servlet.http.HttpServletRequest)
十一月 21, 2018 7:10:14 下午 org.springframework.web.servlet.handler.AbstractHandlerMethodMapping registerHandlerMethod
信息: Mapped "{[/Office/QuerryAllDocDeal],methods=[],params=[],headers=[],consumes=[],produces=[],custom=[]}" onto public java.lang.Object com.dm.controller.OfficeController.QuerryAllDocDeal(javax.servlet.http.HttpSession,javax.servlet.http.HttpServletRequest,com.dm.entity.Office)
十一月 21, 2018 7:10:14 下午 org.springframework.web.servlet.handler.AbstractHandlerMethodMapping registerHandlerMethod
信息: Mapped "{[/Office/DocInfo],methods=[],params=[],headers=[],consumes=[],produces=[],custom=[]}" onto public java.lang.String com.dm.controller.OfficeController.querryInfo()
十一月 21, 2018 7:10:14 下午 org.springframework.web.servlet.handler.AbstractHandlerMethodMapping registerHandlerMethod
信息: Mapped "{[/Office/DocDeal],methods=[],params=[],headers=[],consumes=[],produces=[],custom=[]}" onto public java.lang.String com.dm.controller.OfficeController.querryDoc()
十一月 21, 2018 7:10:14 下午 org.springframework.web.servlet.handler.AbstractHandlerMethodMapping registerHandlerMethod
信息: Mapped "{[/Office/QuerryStudent],methods=[],params=[],headers=[],consumes=[],produces=[],custom=[]}" onto public java.lang.Object com.dm.controller.OfficeController.QuerryStudent(com.dm.entity.TeacherJoin,javax.servlet.http.HttpServletRequest)
十一月 21, 2018 7:10:14 下午 org.springframework.web.servlet.handler.AbstractHandlerMethodMapping registerHandlerMethod
信息: Mapped "{[/Office/QuerryTeacher],methods=[],params=[],headers=[],consumes=[],produces=[],custom=[]}" onto public java.lang.Object com.dm.controller.OfficeController.QuerryStudent(javax.servlet.http.HttpSession,javax.servlet.http.HttpServletRequest)
十一月 21, 2018 7:10:14 下午 org.springframework.web.servlet.handler.AbstractHandlerMethodMapping registerHandlerMethod
信息: Mapped "{[/Office/QuerryStuDoc],methods=[],params=[],headers=[],consumes=[],produces=[],custom=[]}" onto public java.lang.Object com.dm.controller.OfficeController.QuerryStuDoc(com.dm.entity.StuLogin,javax.servlet.http.HttpServletRequest)
十一月 21, 2018 7:10:14 下午 org.springframework.web.servlet.handler.AbstractHandlerMethodMapping registerHandlerMethod
信息: Mapped "{[/Office/QuerryAllDoc],methods=[],params=[],headers=[],consumes=[],produces=[],custom=[]}" onto public java.lang.Object com.dm.controller.OfficeController.QuerryAllDoc(javax.servlet.http.HttpSession,javax.servlet.http.HttpServletRequest,com.dm.entity.Office)
十一月 21, 2018 7:10:14 下午 org.springframework.web.servlet.handler.AbstractHandlerMethodMapping registerHandlerMethod
信息: Mapped "{[/Office/updateDoc],methods=[],params=[],headers=[],consumes=[],produces=[],custom=[]}" onto public java.lang.String com.dm.controller.OfficeController.UpdateDoc(com.dm.entity.Document)
十一月 21, 2018 7:10:14 下午 org.springframework.web.servlet.handler.AbstractHandlerMethodMapping registerHandlerMethod
信息: Mapped "{[/Student/updateState],methods=[],params=[],headers=[],consumes=[],produces=[],custom=[]}" onto public java.lang.String com.dm.controller.StudentController.updateState(com.dm.entity.Document)
十一月 21, 2018 7:10:14 下午 org.springframework.web.servlet.handler.AbstractHandlerMethodMapping registerHandlerMethod
信息: Mapped "{[/Student/queryAllDoc],methods=[],params=[],headers=[],consumes=[],produces=[],custom=[]}" onto public java.lang.Object com.dm.controller.StudentController.queryAllDoc(javax.servlet.http.HttpSession,javax.servlet.http.HttpServletRequest)
十一月 21, 2018 7:10:14 下午 org.springframework.web.servlet.handler.AbstractHandlerMethodMapping registerHandlerMethod
信息: Mapped "{[/Student/sUpload],methods=[POST],params=[],headers=[],consumes=[],produces=[],custom=[]}" onto public void com.dm.controller.StudentController.sUpload(org.springframework.web.multipart.MultipartFile,javax.servlet.http.HttpServletRequest,javax.servlet.http.HttpServletResponse,javax.servlet.http.HttpSession)
十一月 21, 2018 7:10:14 下午 org.springframework.web.servlet.handler.AbstractHandlerMethodMapping registerHandlerMethod
信息: Mapped "{[/Student/queryInfo],methods=[],params=[],headers=[],consumes=[],produces=[],custom=[]}" onto public org.springframework.web.servlet.ModelAndView com.dm.controller.StudentController.queryInfo(com.dm.entity.StuInfoJoin,javax.servlet.http.HttpSession)
十一月 21, 2018 7:10:14 下午 org.springframework.web.servlet.handler.AbstractHandlerMethodMapping registerHandlerMethod
信息: Mapped "{[/Student/download],methods=[],params=[],headers=[],consumes=[],produces=[],custom=[]}" onto public void com.dm.controller.StudentController.download(javax.servlet.http.HttpServletRequest,javax.servlet.http.HttpServletResponse,com.dm.entity.DocumentJoin) throws java.lang.Exception
十一月 21, 2018 7:10:14 下午 org.springframework.web.servlet.handler.AbstractHandlerMethodMapping registerHandlerMethod
信息: Mapped "{[/Student/queryAdvice],methods=[],params=[],headers=[],consumes=[],produces=[],custom=[]}" onto public java.lang.Object com.dm.controller.StudentController.queryAdvice(javax.servlet.http.HttpSession,javax.servlet.http.HttpServletRequest)
十一月 21, 2018 7:10:14 下午 org.springframework.web.servlet.handler.AbstractHandlerMethodMapping registerHandlerMethod
信息: Mapped "{[/Teacher/QuerryAllAdvice],methods=[],params=[],headers=[],consumes=[],produces=[],custom=[]}" onto public java.lang.Object com.dm.controller.TeacherController.QuerryAllAdvice(javax.servlet.http.HttpSession,javax.servlet.http.HttpServletRequest)
十一月 21, 2018 7:10:14 下午 org.springframework.web.servlet.handler.AbstractHandlerMethodMapping registerHandlerMethod
信息: Mapped "{[/Teacher/QuerryDocNoPass],methods=[],params=[],headers=[],consumes=[],produces=[],custom=[]}" onto public java.lang.Object com.dm.controller.TeacherController.QuerryDocNoPass(javax.servlet.http.HttpSession,javax.servlet.http.HttpServletRequest)
十一月 21, 2018 7:10:14 下午 org.springframework.web.servlet.handler.AbstractHandlerMethodMapping registerHandlerMethod
信息: Mapped "{[/Teacher/QuerryDocForNoDeal],methods=[],params=[],headers=[],consumes=[],produces=[],custom=[]}" onto public java.lang.Object com.dm.controller.TeacherController.QuerryDocForNoDeal(javax.servlet.http.HttpSession,javax.servlet.http.HttpServletRequest)
十一月 21, 2018 7:10:14 下午 org.springframework.web.servlet.handler.AbstractHandlerMethodMapping registerHandlerMethod
信息: Mapped "{[/Teacher/TeacherInfo],methods=[],params=[],headers=[],consumes=[],produces=[],custom=[]}" onto public java.lang.String com.dm.controller.TeacherController.querryInfo()
十一月 21, 2018 7:10:14 下午 org.springframework.web.servlet.handler.AbstractHandlerMethodMapping registerHandlerMethod
信息: Mapped "{[/Teacher/QuerryStudent],methods=[],params=[],headers=[],consumes=[],produces=[],custom=[]}" onto public java.lang.Object com.dm.controller.TeacherController.QuerryStudent(javax.servlet.http.HttpSession)
十一月 21, 2018 7:10:14 下午 org.springframework.web.servlet.handler.AbstractHandlerMethodMapping registerHandlerMethod
信息: Mapped "{[/Teacher/QuerryAllDoc],methods=[],params=[],headers=[],consumes=[],produces=[],custom=[]}" onto public java.lang.Object com.dm.controller.TeacherController.QuerryAllDoc(javax.servlet.http.HttpSession,javax.servlet.http.HttpServletRequest)
十一月 21, 2018 7:10:14 下午 org.springframework.web.servlet.handler.AbstractHandlerMethodMapping registerHandlerMethod
信息: Mapped "{[/Teacher/updateDoc],methods=[],params=[],headers=[],consumes=[],produces=[],custom=[]}" onto public java.lang.String com.dm.controller.TeacherController.UpdateDoc(com.dm.entity.Document)
十一月 21, 2018 7:10:14 下午 org.springframework.web.servlet.handler.AbstractHandlerMethodMapping registerHandlerMethod
信息: Mapped "{[/Teacher/TUpload],methods=[POST],params=[],headers=[],consumes=[],produces=[],custom=[]}" onto public void com.dm.controller.TeacherController.TUpload(org.springframework.web.multipart.MultipartFile,javax.servlet.http.HttpServletRequest,javax.servlet.http.HttpServletResponse,javax.servlet.http.HttpSession)
十一月 21, 2018 7:10:14 下午 org.springframework.web.servlet.handler.AbstractHandlerMethodMapping registerHandlerMethod
信息: Mapped "{[/Teacher/TUploadFiles],methods=[POST],params=[],headers=[],consumes=[],produces=[],custom=[]}" onto public void com.dm.controller.TeacherController.TUploadFiles(org.springframework.web.multipart.MultipartFile,javax.servlet.http.HttpServletRequest,javax.servlet.http.HttpServletResponse,javax.servlet.http.HttpSession)
十一月 21, 2018 7:10:14 下午 org.springframework.web.servlet.handler.AbstractHandlerMethodMapping registerHandlerMethod
信息: Mapped "{[/Teacher/TReUpload],methods=[POST],params=[],headers=[],consumes=[],produces=[],custom=[]}" onto public void com.dm.controller.TeacherController.TReUpload(org.springframework.web.multipart.MultipartFile,javax.servlet.http.HttpServletRequest,javax.servlet.http.HttpServletResponse,javax.servlet.http.HttpSession)
十一月 21, 2018 7:10:14 下午 org.springframework.web.servlet.handler.AbstractHandlerMethodMapping registerHandlerMethod
信息: Mapped "{[/login],methods=[POST],params=[],headers=[],consumes=[],produces=[],custom=[]}" onto public org.springframework.web.servlet.ModelAndView com.dm.controller.UserController.login(com.dm.entity.User,javax.servlet.http.HttpSession)
十一月 21, 2018 7:10:14 下午 org.springframework.web.servlet.handler.AbstractHandlerMethodMapping registerHandlerMethod
信息: Mapped "{[/toTeacher_stu],methods=[],params=[],headers=[],consumes=[],produces=[],custom=[]}" onto public java.lang.String com.dm.controller.UserController.toTeacherStuInfo()
十一月 21, 2018 7:10:14 下午 org.springframework.web.servlet.handler.AbstractHandlerMethodMapping registerHandlerMethod
信息: Mapped "{[/TUploadFiles],methods=[],params=[],headers=[],consumes=[],produces=[],custom=[]}" onto public java.lang.String com.dm.controller.UserController.toTUploadFiles()
十一月 21, 2018 7:10:14 下午 org.springframework.web.servlet.handler.AbstractHandlerMethodMapping registerHandlerMethod
信息: Mapped "{[/teachertoReadDoc],methods=[],params=[],headers=[],consumes=[],produces=[],custom=[]}" onto public java.lang.String com.dm.controller.UserController.toTeacherReadDoc()
十一月 21, 2018 7:10:14 下午 org.springframework.web.servlet.handler.AbstractHandlerMethodMapping registerHandlerMethod
信息: Mapped "{[/stuUpload],methods=[],params=[],headers=[],consumes=[],produces=[],custom=[]}" onto public java.lang.String com.dm.controller.UserController.toStuUpload()
十一月 21, 2018 7:10:14 下午 org.springframework.web.servlet.handler.AbstractHandlerMethodMapping registerHandlerMethod
信息: Mapped "{[/toLogin],methods=[],params=[],headers=[],consumes=[],produces=[],custom=[]}" onto public java.lang.String com.dm.controller.UserController.Login()
十一月 21, 2018 7:10:14 下午 org.springframework.web.servlet.handler.AbstractHandlerMethodMapping registerHandlerMethod
信息: Mapped "{[/toRead],methods=[],params=[],headers=[],consumes=[],produces=[],custom=[]}" onto public java.lang.String com.dm.controller.UserController.toRead()
十一月 21, 2018 7:10:14 下午 org.springframework.web.servlet.handler.AbstractHandlerMethodMapping registerHandlerMethod
信息: Mapped "{[/toTop],methods=[],params=[],headers=[],consumes=[],produces=[],custom=[]}" onto public java.lang.String com.dm.controller.UserController.Top()
十一月 21, 2018 7:10:14 下午 org.springframework.web.servlet.handler.AbstractHandlerMethodMapping registerHandlerMethod
信息: Mapped "{[/toAdvice],methods=[],params=[],headers=[],consumes=[],produces=[],custom=[]}" onto public java.lang.String com.dm.controller.UserController.toAdvice()
十一月 21, 2018 7:10:14 下午 org.springframework.web.servlet.handler.AbstractHandlerMethodMapping registerHandlerMethod
信息: Mapped "{[/exitLogin],methods=[],params=[],headers=[],consumes=[],produces=[],custom=[]}" onto public java.lang.String com.dm.controller.UserController.exitLogin(javax.servlet.http.HttpSession)
十一月 21, 2018 7:10:14 下午 org.springframework.web.servlet.handler.AbstractHandlerMethodMapping registerHandlerMethod
信息: Mapped "{[/teachertoDealDoc],methods=[],params=[],headers=[],consumes=[],produces=[],custom=[]}" onto public java.lang.String com.dm.controller.UserController.toTeacherDealDoc()
十一月 21, 2018 7:10:14 下午 org.springframework.web.servlet.handler.AbstractHandlerMethodMapping registerHandlerMethod
信息: Mapped "{[/teachertoUploadAdvice],methods=[],params=[],headers=[],consumes=[],produces=[],custom=[]}" onto public java.lang.String com.dm.controller.UserController.toTeachertoUploadDoc()
十一月 21, 2018 7:10:14 下午 org.springframework.web.servlet.handler.AbstractHandlerMethodMapping registerHandlerMethod
信息: Mapped "{[/teachertoReadAdvice],methods=[],params=[],headers=[],consumes=[],produces=[],custom=[]}" onto public java.lang.String com.dm.controller.UserController.toTeachertoReadAdvice()
十一月 21, 2018 7:10:15 下午 org.springframework.web.servlet.handler.AbstractUrlHandlerMapping registerHandler
信息: Mapped URL path [/**] onto handler 'org.springframework.web.servlet.resource.DefaultServletHttpRequestHandler#0'
十一月 21, 2018 7:10:15 下午 org.springframework.web.servlet.handler.AbstractUrlHandlerMapping registerHandler
信息: Mapped URL path [/js/**] onto handler 'org.springframework.web.servlet.resource.ResourceHttpRequestHandler#0'
十一月 21, 2018 7:10:15 下午 org.springframework.web.servlet.handler.AbstractUrlHandlerMapping registerHandler
信息: Mapped URL path [/css/**] onto handler 'org.springframework.web.servlet.resource.ResourceHttpRequestHandler#1'
十一月 21, 2018 7:10:15 下午 org.springframework.web.servlet.handler.AbstractUrlHandlerMapping registerHandler
信息: Mapped URL path [/images/**] onto handler 'org.springframework.web.servlet.resource.ResourceHttpRequestHandler#2'
十一月 21, 2018 7:10:15 下午 org.springframework.web.servlet.FrameworkServlet initServletBean
信息: FrameworkServlet 'example': initialization completed in 3344 ms
十一月 21, 2018 7:10:15 下午 org.apache.catalina.startup.TldConfig execute
信息: At least one JAR was scanned for TLDs yet contained no TLDs. Enable debug logging for this logger for a complete list of JARs that were scanned but no TLDs were found in them. Skipping unneeded JARs during scanning can improve startup time and JSP compilation time.
十一月 21, 2018 7:10:15 下午 org.apache.catalina.startup.HostConfig deployDirectory
信息: Deploying web application directory C:\apache-tomcat-7.0.81\webapps\docs
十一月 21, 2018 7:10:15 下午 org.apache.catalina.startup.TldConfig execute
信息: At least one JAR was scanned for TLDs yet contained no TLDs. Enable debug logging for this logger for a complete list of JARs that were scanned but no TLDs were found in them. Skipping unneeded JARs during scanning can improve startup time and JSP compilation time.
十一月 21, 2018 7:10:15 下午 org.apache.catalina.startup.HostConfig deployDirectory
信息: Deployment of web application directory C:\apache-tomcat-7.0.81\webapps\docs has finished in 32 ms
十一月 21, 2018 7:10:15 下午 org.apache.catalina.startup.HostConfig deployDirectory
信息: Deploying web application directory C:\apache-tomcat-7.0.81\webapps\examples
十一月 21, 2018 7:10:17 下午 org.apache.catalina.startup.TldConfig execute
信息: At least one JAR was scanned for TLDs yet contained no TLDs. Enable debug logging for this logger for a complete list of JARs that were scanned but no TLDs were found in them. Skipping unneeded JARs during scanning can improve startup time and JSP compilation time.
十一月 21, 2018 7:10:17 下午 org.apache.catalina.startup.HostConfig deployDirectory
信息: Deployment of web application directory C:\apache-tomcat-7.0.81\webapps\examples has finished in 1,796 ms
十一月 21, 2018 7:10:17 下午 org.apache.catalina.startup.HostConfig deployDirectory
信息: Deploying web application directory C:\apache-tomcat-7.0.81\webapps\host-manager
十一月 21, 2018 7:10:17 下午 org.apache.catalina.startup.TldConfig execute
信息: At least one JAR was scanned for TLDs yet contained no TLDs. Enable debug logging for this logger for a complete list of JARs that were scanned but no TLDs were found in them. Skipping unneeded JARs during scanning can improve startup time and JSP compilation time.
十一月 21, 2018 7:10:17 下午 org.apache.catalina.startup.HostConfig deployDirectory
信息: Deployment of web application directory C:\apache-tomcat-7.0.81\webapps\host-manager has finished in 282 ms
十一月 21, 2018 7:10:17 下午 org.apache.catalina.startup.HostConfig deployDirectory
信息: Deploying web application directory C:\apache-tomcat-7.0.81\webapps\manager
十一月 21, 2018 7:10:17 下午 org.apache.catalina.startup.TldConfig execute
信息: At least one JAR was scanned for TLDs yet contained no TLDs. Enable debug logging for this logger for a complete list of JARs that were scanned but no TLDs were found in them. Skipping unneeded JARs during scanning can improve startup time and JSP compilation time.
十一月 21, 2018 7:10:17 下午 org.apache.catalina.startup.HostConfig deployDirectory
信息: Deployment of web application directory C:\apache-tomcat-7.0.81\webapps\manager has finished in 78 ms
十一月 21, 2018 7:10:17 下午 org.apache.catalina.startup.HostConfig deployDirectory
信息: Deploying web application directory C:\apache-tomcat-7.0.81\webapps\ROOT
十一月 21, 2018 7:10:17 下午 org.apache.catalina.startup.TldConfig execute
信息: At least one JAR was scanned for TLDs yet contained no TLDs. Enable debug logging for this logger for a complete list of JARs that were scanned but no TLDs were found in them. Skipping unneeded JARs during scanning can improve startup time and JSP compilation time.
十一月 21, 2018 7:10:17 下午 org.apache.catalina.startup.HostConfig deployDirectory
信息: Deployment of web application directory C:\apache-tomcat-7.0.81\webapps\ROOT has finished in 47 ms
十一月 21, 2018 7:10:17 下午 org.apache.catalina.startup.HostConfig deployDirectory
信息: Deploying web application directory C:\apache-tomcat-7.0.81\webapps\ssmdm
十一月 21, 2018 7:10:19 下午 org.apache.catalina.startup.TldConfig execute
信息: At least one JAR was scanned for TLDs yet contained no TLDs. Enable debug logging for this logger for a complete list of JARs that were scanned but no TLDs were found in them. Skipping unneeded JARs during scanning can improve startup time and JSP compilation time.
十一月 21, 2018 7:10:19 下午 org.springframework.web.servlet.FrameworkServlet initServletBean
信息: FrameworkServlet 'example': initialization started
十一月 21, 2018 7:10:19 下午 org.springframework.context.support.AbstractApplicationContext prepareRefresh
信息: Refreshing WebApplicationContext for namespace 'example-servlet': startup date [Wed Nov 21 19:10:19 CST 2018]; root of context hierarchy
十一月 21, 2018 7:10:19 下午 org.springframework.beans.factory.xml.XmlBeanDefinitionReader loadBeanDefinitions
信息: Loading XML bean definitions from class path resource [springmvc.xml]
十一月 21, 2018 7:10:20 下午 org.springframework.beans.factory.xml.XmlBeanDefinitionReader loadBeanDefinitions
信息: Loading XML bean definitions from class path resource [applicationContext.xml]
十一月 21, 2018 7:10:20 下午 org.springframework.core.io.support.PropertiesLoaderSupport loadProperties
信息: Loading properties file from class path resource [jdbc.properties]
十一月 21, 2018 7:10:20 下午 org.springframework.beans.factory.support.DefaultListableBeanFactory preInstantiateSingletons
信息: Pre-instantiating singletons in org.springframework.beans.factory.support.DefaultListableBeanFactory@50ce82a6: defining beans [adminController,officeController,studentController,teacherController,userController,officeServiceImpl,studentServiceImpl,teacherServiceImpl,org.springframework.context.annotation.internalConfigurationAnnotationProcessor,org.springframework.context.annotation.internalAutowiredAnnotationProcessor,org.springframework.context.annotation.internalRequiredAnnotationProcessor,org.springframework.context.annotation.internalCommonAnnotationProcessor,mvcContentNegotiationManager,org.springframework.web.servlet.mvc.method.annotation.RequestMappingHandlerMapping#0,org.springframework.format.support.FormattingConversionServiceFactoryBean#0,org.springframework.web.servlet.mvc.method.annotation.RequestMappingHandlerAdapter#0,org.springframework.web.servlet.handler.MappedInterceptor#0,org.springframework.web.servlet.mvc.method.annotation.ExceptionHandlerExceptionResolver#0,org.springframework.web.servlet.mvc.annotation.ResponseStatusExceptionResolver#0,org.springframework.web.servlet.mvc.support.DefaultHandlerExceptionResolver#0,org.springframework.web.servlet.handler.BeanNameUrlHandlerMapping,org.springframework.web.servlet.mvc.HttpRequestHandlerAdapter,org.springframework.web.servlet.mvc.SimpleControllerHandlerAdapter,org.springframework.web.servlet.resource.DefaultServletHttpRequestHandler#0,org.springframework.web.servlet.handler.SimpleUrlHandlerMapping#0,org.springframework.web.servlet.resource.ResourceHttpRequestHandler#0,org.springframework.web.servlet.handler.SimpleUrlHandlerMapping#1,org.springframework.web.servlet.resource.ResourceHttpRequestHandler#1,org.springframework.web.servlet.handler.SimpleUrlHandlerMapping#2,org.springframework.web.servlet.resource.ResourceHttpRequestHandler#2,org.springframework.web.servlet.handler.SimpleUrlHandlerMapping#3,jspViewResolver,multipartResolver,org.springframework.context.support.PropertySourcesPlaceholderConfigurer#0,dataSource,sqlSessionFactory,transactionManager,org.mybatis.spring.mapper.MapperScannerConfigurer#0,txAdvice,org.springframework.aop.config.internalAutoProxyCreator,fooServiceOperation,org.springframework.aop.support.DefaultBeanFactoryPointcutAdvisor#0,org.springframework.context.annotation.ConfigurationClassPostProcessor.importAwareProcessor,officeMapper,studentMapper,teacherMapper]; root of factory hierarchy
十一月 21, 2018 7:10:21 下午 org.springframework.web.servlet.handler.AbstractHandlerMethodMapping registerHandlerMethod
信息: Mapped "{[/Office/QuerryAllStudent],methods=[],params=[],headers=[],consumes=[],produces=[],custom=[]}" onto public java.lang.Object com.dm.controller.OfficeController.QuerryAllStudent(javax.servlet.http.HttpSession,javax.servlet.http.HttpServletRequest)
十一月 21, 2018 7:10:21 下午 org.springframework.web.servlet.handler.AbstractHandlerMethodMapping registerHandlerMethod
信息: Mapped "{[/Office/QuerryAllDocDeal],methods=[],params=[],headers=[],consumes=[],produces=[],custom=[]}" onto public java.lang.Object com.dm.controller.OfficeController.QuerryAllDocDeal(javax.servlet.http.HttpSession,javax.servlet.http.HttpServletRequest,com.dm.entity.Office)
十一月 21, 2018 7:10:21 下午 org.springframework.web.servlet.handler.AbstractHandlerMethodMapping registerHandlerMethod
信息: Mapped "{[/Office/DocInfo],methods=[],params=[],headers=[],consumes=[],produces=[],custom=[]}" onto public java.lang.String com.dm.controller.OfficeController.querryInfo()
十一月 21, 2018 7:10:21 下午 org.springframework.web.servlet.handler.AbstractHandlerMethodMapping registerHandlerMethod
信息: Mapped "{[/Office/DocDeal],methods=[],params=[],headers=[],consumes=[],produces=[],custom=[]}" onto public java.lang.String com.dm.controller.OfficeController.querryDoc()
十一月 21, 2018 7:10:21 下午 org.springframework.web.servlet.handler.AbstractHandlerMethodMapping registerHandlerMethod
信息: Mapped "{[/Office/QuerryStudent],methods=[],params=[],headers=[],consumes=[],produces=[],custom=[]}" onto public java.lang.Object com.dm.controller.OfficeController.QuerryStudent(com.dm.entity.TeacherJoin,javax.servlet.http.HttpServletRequest)
十一月 21, 2018 7:10:21 下午 org.springframework.web.servlet.handler.AbstractHandlerMethodMapping registerHandlerMethod
信息: Mapped "{[/Office/QuerryTeacher],methods=[],params=[],headers=[],consumes=[],produces=[],custom=[]}" onto public java.lang.Object com.dm.controller.OfficeController.QuerryStudent(javax.servlet.http.HttpSession,javax.servlet.http.HttpServletRequest)
十一月 21, 2018 7:10:21 下午 org.springframework.web.servlet.handler.AbstractHandlerMethodMapping registerHandlerMethod
信息: Mapped "{[/Office/QuerryStuDoc],methods=[],params=[],headers=[],consumes=[],produces=[],custom=[]}" onto public java.lang.Object com.dm.controller.OfficeController.QuerryStuDoc(com.dm.entity.StuLogin,javax.servlet.http.HttpServletRequest)
十一月 21, 2018 7:10:21 下午 org.springframework.web.servlet.handler.AbstractHandlerMethodMapping registerHandlerMethod
信息: Mapped "{[/Office/QuerryAllDoc],methods=[],params=[],headers=[],consumes=[],produces=[],custom=[]}" onto public java.lang.Object com.dm.controller.OfficeController.QuerryAllDoc(javax.servlet.http.HttpSession,javax.servlet.http.HttpServletRequest,com.dm.entity.Office)
十一月 21, 2018 7:10:21 下午 org.springframework.web.servlet.handler.AbstractHandlerMethodMapping registerHandlerMethod
信息: Mapped "{[/Office/updateDoc],methods=[],params=[],headers=[],consumes=[],produces=[],custom=[]}" onto public java.lang.String com.dm.controller.OfficeController.UpdateDoc(com.dm.entity.Document)
十一月 21, 2018 7:10:21 下午 org.springframework.web.servlet.handler.AbstractHandlerMethodMapping registerHandlerMethod
信息: Mapped "{[/Student/updateState],methods=[],params=[],headers=[],consumes=[],produces=[],custom=[]}" onto public java.lang.String com.dm.controller.StudentController.updateState(com.dm.entity.Document)
十一月 21, 2018 7:10:21 下午 org.springframework.web.servlet.handler.AbstractHandlerMethodMapping registerHandlerMethod
信息: Mapped "{[/Student/queryAllDoc],methods=[],params=[],headers=[],consumes=[],produces=[],custom=[]}" onto public java.lang.Object com.dm.controller.StudentController.queryAllDoc(javax.servlet.http.HttpSession,javax.servlet.http.HttpServletRequest)
十一月 21, 2018 7:10:21 下午 org.springframework.web.servlet.handler.AbstractHandlerMethodMapping registerHandlerMethod
信息: Mapped "{[/Student/sUpload],methods=[POST],params=[],headers=[],consumes=[],produces=[],custom=[]}" onto public void com.dm.controller.StudentController.sUpload(org.springframework.web.multipart.MultipartFile,javax.servlet.http.HttpServletRequest,javax.servlet.http.HttpServletResponse,javax.servlet.http.HttpSession)
十一月 21, 2018 7:10:21 下午 org.springframework.web.servlet.handler.AbstractHandlerMethodMapping registerHandlerMethod
信息: Mapped "{[/Student/queryInfo],methods=[],params=[],headers=[],consumes=[],produces=[],custom=[]}" onto public org.springframework.web.servlet.ModelAndView com.dm.controller.StudentController.queryInfo(com.dm.entity.StuInfoJoin,javax.servlet.http.HttpSession)
十一月 21, 2018 7:10:21 下午 org.springframework.web.servlet.handler.AbstractHandlerMethodMapping registerHandlerMethod
信息: Mapped "{[/Student/download],methods=[],params=[],headers=[],consumes=[],produces=[],custom=[]}" onto public void com.dm.controller.StudentController.download(javax.servlet.http.HttpServletRequest,javax.servlet.http.HttpServletResponse,com.dm.entity.DocumentJoin) throws java.lang.Exception
十一月 21, 2018 7:10:21 下午 org.springframework.web.servlet.handler.AbstractHandlerMethodMapping registerHandlerMethod
信息: Mapped "{[/Student/queryAdvice],methods=[],params=[],headers=[],consumes=[],produces=[],custom=[]}" onto public java.lang.Object com.dm.controller.StudentController.queryAdvice(javax.servlet.http.HttpSession,javax.servlet.http.HttpServletRequest)
十一月 21, 2018 7:10:21 下午 org.springframework.web.servlet.handler.AbstractHandlerMethodMapping registerHandlerMethod
信息: Mapped "{[/Teacher/QuerryAllAdvice],methods=[],params=[],headers=[],consumes=[],produces=[],custom=[]}" onto public java.lang.Object com.dm.controller.TeacherController.QuerryAllAdvice(javax.servlet.http.HttpSession,javax.servlet.http.HttpServletRequest)
十一月 21, 2018 7:10:21 下午 org.springframework.web.servlet.handler.AbstractHandlerMethodMapping registerHandlerMethod
信息: Mapped "{[/Teacher/QuerryDocNoPass],methods=[],params=[],headers=[],consumes=[],produces=[],custom=[]}" onto public java.lang.Object com.dm.controller.TeacherController.QuerryDocNoPass(javax.servlet.http.HttpSession,javax.servlet.http.HttpServletRequest)
十一月 21, 2018 7:10:21 下午 org.springframework.web.servlet.handler.AbstractHandlerMethodMapping registerHandlerMethod
信息: Mapped "{[/Teacher/QuerryDocForNoDeal],methods=[],params=[],headers=[],consumes=[],produces=[],custom=[]}" onto public java.lang.Object com.dm.controller.TeacherController.QuerryDocForNoDeal(javax.servlet.http.HttpSession,javax.servlet.http.HttpServletRequest)
十一月 21, 2018 7:10:21 下午 org.springframework.web.servlet.handler.AbstractHandlerMethodMapping registerHandlerMethod
信息: Mapped "{[/Teacher/TeacherInfo],methods=[],params=[],headers=[],consumes=[],produces=[],custom=[]}" onto public java.lang.String com.dm.controller.TeacherController.querryInfo()
十一月 21, 2018 7:10:21 下午 org.springframework.web.servlet.handler.AbstractHandlerMethodMapping registerHandlerMethod
信息: Mapped "{[/Teacher/QuerryStudent],methods=[],params=[],headers=[],consumes=[],produces=[],custom=[]}" onto public java.lang.Object com.dm.controller.TeacherController.QuerryStudent(javax.servlet.http.HttpSession)
十一月 21, 2018 7:10:21 下午 org.springframework.web.servlet.handler.AbstractHandlerMethodMapping registerHandlerMethod
信息: Mapped "{[/Teacher/QuerryAllDoc],methods=[],params=[],headers=[],consumes=[],produces=[],custom=[]}" onto public java.lang.Object com.dm.controller.TeacherController.QuerryAllDoc(javax.servlet.http.HttpSession,javax.servlet.http.HttpServletRequest)
十一月 21, 2018 7:10:21 下午 org.springframework.web.servlet.handler.AbstractHandlerMethodMapping registerHandlerMethod
信息: Mapped "{[/Teacher/updateDoc],methods=[],params=[],headers=[],consumes=[],produces=[],custom=[]}" onto public java.lang.String com.dm.controller.TeacherController.UpdateDoc(com.dm.entity.Document)
十一月 21, 2018 7:10:21 下午 org.springframework.web.servlet.handler.AbstractHandlerMethodMapping registerHandlerMethod
信息: Mapped "{[/Teacher/TUpload],methods=[POST],params=[],headers=[],consumes=[],produces=[],custom=[]}" onto public void com.dm.controller.TeacherController.TUpload(org.springframework.web.multipart.MultipartFile,javax.servlet.http.HttpServletRequest,javax.servlet.http.HttpServletResponse,javax.servlet.http.HttpSession)
十一月 21, 2018 7:10:21 下午 org.springframework.web.servlet.handler.AbstractHandlerMethodMapping registerHandlerMethod
信息: Mapped "{[/Teacher/TUploadFiles],methods=[POST],params=[],headers=[],consumes=[],produces=[],custom=[]}" onto public void com.dm.controller.TeacherController.TUploadFiles(org.springframework.web.multipart.MultipartFile,javax.servlet.http.HttpServletRequest,javax.servlet.http.HttpServletResponse,javax.servlet.http.HttpSession)
十一月 21, 2018 7:10:21 下午 org.springframework.web.servlet.handler.AbstractHandlerMethodMapping registerHandlerMethod
信息: Mapped "{[/Teacher/TReUpload],methods=[POST],params=[],headers=[],consumes=[],produces=[],custom=[]}" onto public void com.dm.controller.TeacherController.TReUpload(org.springframework.web.multipart.MultipartFile,javax.servlet.http.HttpServletRequest,javax.servlet.http.HttpServletResponse,javax.servlet.http.HttpSession)
十一月 21, 2018 7:10:21 下午 org.springframework.web.servlet.handler.AbstractHandlerMethodMapping registerHandlerMethod
信息: Mapped "{[/login],methods=[POST],params=[],headers=[],consumes=[],produces=[],custom=[]}" onto public org.springframework.web.servlet.ModelAndView com.dm.controller.UserController.login(com.dm.entity.User,javax.servlet.http.HttpSession)
十一月 21, 2018 7:10:21 下午 org.springframework.web.servlet.handler.AbstractHandlerMethodMapping registerHandlerMethod
信息: Mapped "{[/toTeacher_stu],methods=[],params=[],headers=[],consumes=[],produces=[],custom=[]}" onto public java.lang.String com.dm.controller.UserController.toTeacherStuInfo()
十一月 21, 2018 7:10:21 下午 org.springframework.web.servlet.handler.AbstractHandlerMethodMapping registerHandlerMethod
信息: Mapped "{[/TUploadFiles],methods=[],params=[],headers=[],consumes=[],produces=[],custom=[]}" onto public java.lang.String com.dm.controller.UserController.toTUploadFiles()
十一月 21, 2018 7:10:21 下午 org.springframework.web.servlet.handler.AbstractHandlerMethodMapping registerHandlerMethod
信息: Mapped "{[/teachertoReadDoc],methods=[],params=[],headers=[],consumes=[],produces=[],custom=[]}" onto public java.lang.String com.dm.controller.UserController.toTeacherReadDoc()
十一月 21, 2018 7:10:21 下午 org.springframework.web.servlet.handler.AbstractHandlerMethodMapping registerHandlerMethod
信息: Mapped "{[/stuUpload],methods=[],params=[],headers=[],consumes=[],produces=[],custom=[]}" onto public java.lang.String com.dm.controller.UserController.toStuUpload()
十一月 21, 2018 7:10:21 下午 org.springframework.web.servlet.handler.AbstractHandlerMethodMapping registerHandlerMethod
信息: Mapped "{[/toLogin],methods=[],params=[],headers=[],consumes=[],produces=[],custom=[]}" onto public java.lang.String com.dm.controller.UserController.Login()
十一月 21, 2018 7:10:21 下午 org.springframework.web.servlet.handler.AbstractHandlerMethodMapping registerHandlerMethod
信息: Mapped "{[/toRead],methods=[],params=[],headers=[],consumes=[],produces=[],custom=[]}" onto public java.lang.String com.dm.controller.UserController.toRead()
十一月 21, 2018 7:10:21 下午 org.springframework.web.servlet.handler.AbstractHandlerMethodMapping registerHandlerMethod
信息: Mapped "{[/toTop],methods=[],params=[],headers=[],consumes=[],produces=[],custom=[]}" onto public java.lang.String com.dm.controller.UserController.Top()
十一月 21, 2018 7:10:21 下午 org.springframework.web.servlet.handler.AbstractHandlerMethodMapping registerHandlerMethod
信息: Mapped "{[/toAdvice],methods=[],params=[],headers=[],consumes=[],produces=[],custom=[]}" onto public java.lang.String com.dm.controller.UserController.toAdvice()
十一月 21, 2018 7:10:21 下午 org.springframework.web.servlet.handler.AbstractHandlerMethodMapping registerHandlerMethod
信息: Mapped "{[/exitLogin],methods=[],params=[],headers=[],consumes=[],produces=[],custom=[]}" onto public java.lang.String com.dm.controller.UserController.exitLogin(javax.servlet.http.HttpSession)
十一月 21, 2018 7:10:21 下午 org.springframework.web.servlet.handler.AbstractHandlerMethodMapping registerHandlerMethod
信息: Mapped "{[/teachertoDealDoc],methods=[],params=[],headers=[],consumes=[],produces=[],custom=[]}" onto public java.lang.String com.dm.controller.UserController.toTeacherDealDoc()
十一月 21, 2018 7:10:21 下午 org.springframework.web.servlet.handler.AbstractHandlerMethodMapping registerHandlerMethod
信息: Mapped "{[/teachertoUploadAdvice],methods=[],params=[],headers=[],consumes=[],produces=[],custom=[]}" onto public java.lang.String com.dm.controller.UserController.toTeachertoUploadDoc()
十一月 21, 2018 7:10:21 下午 org.springframework.web.servlet.handler.AbstractHandlerMethodMapping registerHandlerMethod
信息: Mapped "{[/teachertoReadAdvice],methods=[],params=[],headers=[],consumes=[],produces=[],custom=[]}" onto public java.lang.String com.dm.controller.UserController.toTeachertoReadAdvice()
十一月 21, 2018 7:10:22 下午 org.springframework.web.servlet.handler.AbstractUrlHandlerMapping registerHandler
信息: Mapped URL path [/**] onto handler 'org.springframework.web.servlet.resource.DefaultServletHttpRequestHandler#0'
十一月 21, 2018 7:10:22 下午 org.springframework.web.servlet.handler.AbstractUrlHandlerMapping registerHandler
信息: Mapped URL path [/js/**] onto handler 'org.springframework.web.servlet.resource.ResourceHttpRequestHandler#0'
十一月 21, 2018 7:10:22 下午 org.springframework.web.servlet.handler.AbstractUrlHandlerMapping registerHandler
信息: Mapped URL path [/css/**] onto handler 'org.springframework.web.servlet.resource.ResourceHttpRequestHandler#1'
十一月 21, 2018 7:10:22 下午 org.springframework.web.servlet.handler.AbstractUrlHandlerMapping registerHandler
信息: Mapped URL path [/images/**] onto handler 'org.springframework.web.servlet.resource.ResourceHttpRequestHandler#2'
十一月 21, 2018 7:10:22 下午 org.springframework.web.servlet.FrameworkServlet initServletBean
信息: FrameworkServlet 'example': initialization completed in 2922 ms
十一月 21, 2018 7:10:22 下午 org.apache.catalina.startup.HostConfig deployDirectory
信息: Deployment of web application directory C:\apache-tomcat-7.0.81\webapps\ssmdm has finished in 4,984 ms
十一月 21, 2018 7:10:22 下午 org.apache.coyote.AbstractProtocol start
信息: Starting ProtocolHandler ["http-apr-8080"]
十一月 21, 2018 7:10:22 下午 org.apache.coyote.AbstractProtocol start
信息: Starting ProtocolHandler ["ajp-apr-8009"]
十一月 21, 2018 7:10:22 下午 org.apache.catalina.startup.Catalina start
信息: Server startup in 18316 ms
十一月 21, 2018 7:10:38 下午 org.apache.coyote.http11.AbstractHttp11Processor process
信息: Error parsing HTTP request header
 Note: further occurrences of HTTP header parsing errors will be logged at DEBUG level.
java.lang.IllegalArgumentException: Invalid character found in method name. HTTP method names must be tokens
	at org.apache.coyote.http11.InternalAprInputBuffer.parseRequestLine(InternalAprInputBuffer.java:182)
	at org.apache.coyote.http11.AbstractHttp11Processor.process(AbstractHttp11Processor.java:1028)
	at org.apache.coyote.AbstractProtocol$AbstractConnectionHandler.process(AbstractProtocol.java:637)
	at org.apache.tomcat.util.net.AprEndpoint$SocketProcessor.doRun(AprEndpoint.java:2549)
	at org.apache.tomcat.util.net.AprEndpoint$SocketProcessor.run(AprEndpoint.java:2538)
	at java.util.concurrent.ThreadPoolExecutor.runWorker(ThreadPoolExecutor.java:1145)
	at java.util.concurrent.ThreadPoolExecutor$Worker.run(ThreadPoolExecutor.java:615)
	at org.apache.tomcat.util.threads.TaskThread$WrappingRunnable.run(TaskThread.java:61)
	at java.lang.Thread.run(Thread.java:745)

十一月 21, 2018 7:10:44 下午 org.apache.coyote.http11.AbstractHttp11Processor process
信息: Error parsing HTTP request header
 Note: further occurrences of HTTP header parsing errors will be logged at DEBUG level.
java.lang.IllegalArgumentException: Invalid character found in method name. HTTP method names must be tokens
	at org.apache.coyote.http11.InternalAprInputBuffer.parseRequestLine(InternalAprInputBuffer.java:182)
	at org.apache.coyote.http11.AbstractHttp11Processor.process(AbstractHttp11Processor.java:1028)
	at org.apache.coyote.AbstractProtocol$AbstractConnectionHandler.process(AbstractProtocol.java:637)
	at org.apache.tomcat.util.net.AprEndpoint$SocketProcessor.doRun(AprEndpoint.java:2549)
	at org.apache.tomcat.util.net.AprEndpoint$SocketProcessor.run(AprEndpoint.java:2538)
	at java.util.concurrent.ThreadPoolExecutor.runWorker(ThreadPoolExecutor.java:1145)
	at java.util.concurrent.ThreadPoolExecutor$Worker.run(ThreadPoolExecutor.java:615)
	at org.apache.tomcat.util.threads.TaskThread$WrappingRunnable.run(TaskThread.java:61)
	at java.lang.Thread.run(Thread.java:745)

十一月 21, 2018 7:10:44 下午 org.apache.coyote.http11.AbstractHttp11Processor process
信息: Error parsing HTTP request header
 Note: further occurrences of HTTP header parsing errors will be logged at DEBUG level.
java.lang.IllegalArgumentException: Invalid character found in method name. HTTP method names must be tokens
	at org.apache.coyote.http11.InternalAprInputBuffer.parseRequestLine(InternalAprInputBuffer.java:182)
	at org.apache.coyote.http11.AbstractHttp11Processor.process(AbstractHttp11Processor.java:1028)
	at org.apache.coyote.AbstractProtocol$AbstractConnectionHandler.process(AbstractProtocol.java:637)
	at org.apache.tomcat.util.net.AprEndpoint$SocketProcessor.doRun(AprEndpoint.java:2549)
	at org.apache.tomcat.util.net.AprEndpoint$SocketProcessor.run(AprEndpoint.java:2538)
	at java.util.concurrent.ThreadPoolExecutor.runWorker(ThreadPoolExecutor.java:1145)
	at java.util.concurrent.ThreadPoolExecutor$Worker.run(ThreadPoolExecutor.java:615)
	at org.apache.tomcat.util.threads.TaskThread$WrappingRunnable.run(TaskThread.java:61)
	at java.lang.Thread.run(Thread.java:745)

十一月 21, 2018 7:10:46 下午 org.apache.coyote.http11.AbstractHttp11Processor process
信息: Error parsing HTTP request header
 Note: further occurrences of HTTP header parsing errors will be logged at DEBUG level.
java.lang.IllegalArgumentException: Invalid character found in method name. HTTP method names must be tokens
	at org.apache.coyote.http11.InternalAprInputBuffer.parseRequestLine(InternalAprInputBuffer.java:182)
	at org.apache.coyote.http11.AbstractHttp11Processor.process(AbstractHttp11Processor.java:1028)
	at org.apache.coyote.AbstractProtocol$AbstractConnectionHandler.process(AbstractProtocol.java:637)
	at org.apache.tomcat.util.net.AprEndpoint$SocketProcessor.doRun(AprEndpoint.java:2549)
	at org.apache.tomcat.util.net.AprEndpoint$SocketProcessor.run(AprEndpoint.java:2538)
	at java.util.concurrent.ThreadPoolExecutor.runWorker(ThreadPoolExecutor.java:1145)
	at java.util.concurrent.ThreadPoolExecutor$Worker.run(ThreadPoolExecutor.java:615)
	at org.apache.tomcat.util.threads.TaskThread$WrappingRunnable.run(TaskThread.java:61)
	at java.lang.Thread.run(Thread.java:745)

十一月 21, 2018 7:10:49 下午 org.apache.coyote.http11.AbstractHttp11Processor process
信息: Error parsing HTTP request header
 Note: further occurrences of HTTP header parsing errors will be logged at DEBUG level.
java.lang.IllegalArgumentException: Invalid character found in method name. HTTP method names must be tokens
	at org.apache.coyote.http11.InternalAprInputBuffer.parseRequestLine(InternalAprInputBuffer.java:182)
	at org.apache.coyote.http11.AbstractHttp11Processor.process(AbstractHttp11Processor.java:1028)
	at org.apache.coyote.AbstractProtocol$AbstractConnectionHandler.process(AbstractProtocol.java:637)
	at org.apache.tomcat.util.net.AprEndpoint$SocketProcessor.doRun(AprEndpoint.java:2549)
	at org.apache.tomcat.util.net.AprEndpoint$SocketProcessor.run(AprEndpoint.java:2538)
	at java.util.concurrent.ThreadPoolExecutor.runWorker(ThreadPoolExecutor.java:1145)
	at java.util.concurrent.ThreadPoolExecutor$Worker.run(ThreadPoolExecutor.java:615)
	at org.apache.tomcat.util.threads.TaskThread$WrappingRunnable.run(TaskThread.java:61)
	at java.lang.Thread.run(Thread.java:745)

十一月 21, 2018 8:38:48 下午 org.apache.coyote.ajp.AjpMessage processHeader
严重: Invalid message received with signature 18245
十一月 21, 2018 8:38:48 下午 org.apache.coyote.ajp.AjpMessage processHeader
严重: Invalid message received with signature 18245
十一月 21, 2018 8:38:48 下午 org.apache.coyote.ajp.AjpMessage processHeader
严重: Invalid message received with signature 18245
十一月 21, 2018 8:38:54 下午 org.apache.coyote.ajp.AjpMessage processHeader
严重: Invalid message received with signature 18245
十一月 21, 2018 8:38:54 下午 org.apache.coyote.ajp.AjpMessage processHeader
严重: Invalid message received with signature 18245
十一月 21, 2018 8:38:54 下午 org.apache.coyote.ajp.AjpMessage processHeader
严重: Invalid message received with signature 18245
十一月 21, 2018 8:38:54 下午 org.apache.coyote.ajp.AjpMessage processHeader
严重: Invalid message received with signature 18245
十一月 21, 2018 8:39:00 下午 org.apache.coyote.ajp.AjpMessage processHeader
严重: Invalid message received with signature 18245
十一月 21, 2018 8:39:00 下午 org.apache.coyote.ajp.AjpMessage processHeader
严重: Invalid message received with signature 17231
