五月 20, 2019 1:50:09 上午 bysj.zjl.controller.UserController login
信息: User/login:页面传递的对象User:User [user_id=1510064108, user_name=null, password=96e79218965eb72c92a549dd5a330112, question=null, answer=null, isOk=null, role_id=null]
五月 20, 2019 1:50:09 上午 bysj.zjl.controller.UserController login
信息: User/login:service返回值:User [user_id=1510064108, user_name=周佳理, password=96e79218965eb72c92a549dd5a330112, question=null, answer=null, isOk=null, role_id=1]
五月 20, 2019 1:50:09 上午 bysj.zjl.controller.UserController login
信息: userController============User_info_vo [dName=计算机学院, majorName=null, cName=null, deptId=null, majorId=null, classesId=null, role_id=null, password=null, role_name=null, isOk=null, findstr=null, topicName=null, tea_name=null, topicId=0, stateId=null, apply=null, user_id=2, user_name=段老师]
五月 20, 2019 1:50:26 上午 bysj.zjl.controller.UserController login
信息: User/login:页面传递的对象User:User [user_id=5, user_name=null, password=96e79218965eb72c92a549dd5a330112, question=null, answer=null, isOk=null, role_id=null]
五月 20, 2019 1:50:26 上午 bysj.zjl.controller.UserController login
信息: User/login:service返回值:User [user_id=5, user_name=ADMIN, password=96e79218965eb72c92a549dd5a330112, question=null, answer=null, isOk=null, role_id=5]
五月 20, 2019 2:18:50 上午 bysj.zjl.controller.UserController login
信息: User/login:页面传递的对象User:User [user_id=5, user_name=null, password=96e79218965eb72c92a549dd5a330112, question=null, answer=null, isOk=null, role_id=null]
五月 20, 2019 2:18:50 上午 bysj.zjl.controller.UserController login
信息: User/login:service返回值:User [user_id=5, user_name=ADMIN, password=96e79218965eb72c92a549dd5a330112, question=null, answer=null, isOk=null, role_id=5]
五月 20, 2019 2:19:01 上午 bysj.zjl.controller.UserController login
信息: User/login:页面传递的对象User:User [user_id=1510064108, user_name=null, password=96e79218965eb72c92a549dd5a330112, question=null, answer=null, isOk=null, role_id=null]
五月 20, 2019 2:19:01 上午 bysj.zjl.controller.UserController login
信息: User/login:service返回值:User [user_id=1510064108, user_name=周佳理, password=96e79218965eb72c92a549dd5a330112, question=null, answer=null, isOk=null, role_id=1]
五月 20, 2019 2:19:01 上午 bysj.zjl.controller.UserController login
信息: userController============User_info_vo [dName=计算机学院, majorName=null, cName=null, deptId=null, majorId=null, classesId=null, role_id=null, password=null, role_name=null, isOk=null, findstr=null, topicName=null, tea_name=null, topicId=0, stateId=null, apply=null, user_id=2, user_name=段老师]
五月 20, 2019 7:41:27 上午 org.apache.coyote.ajp.AjpMessage processHeader
严重: Invalid message received with signature 768
五月 20, 2019 10:18:30 上午 bysj.zjl.controller.UserController login
信息: User/login:页面传递的对象User:User [user_id=1510064108, user_name=null, password=96e79218965eb72c92a549dd5a330112, question=null, answer=null, isOk=null, role_id=null]
五月 20, 2019 10:18:30 上午 bysj.zjl.controller.UserController login
信息: User/login:service返回值:User [user_id=1510064108, user_name=周佳理, password=96e79218965eb72c92a549dd5a330112, question=null, answer=null, isOk=null, role_id=1]
五月 20, 2019 10:18:30 上午 bysj.zjl.controller.UserController login
信息: userController============User_info_vo [dName=计算机学院, majorName=null, cName=null, deptId=null, majorId=null, classesId=null, role_id=null, password=null, role_name=null, isOk=null, findstr=null, topicName=null, tea_name=null, topicId=0, stateId=null, apply=null, user_id=2, user_name=段老师]
五月 20, 2019 11:24:23 上午 org.apache.coyote.http11.AbstractHttp11Processor process
信息: Error parsing HTTP request header
 Note: further occurrences of HTTP header parsing errors will be logged at DEBUG level.
java.lang.IllegalArgumentException: Invalid character found in method name. HTTP method names must be tokens
	at org.apache.coyote.http11.InternalAprInputBuffer.parseRequestLine(InternalAprInputBuffer.java:182)
	at org.apache.coyote.http11.AbstractHttp11Processor.process(AbstractHttp11Processor.java:1028)
	at org.apache.coyote.AbstractProtocol$AbstractConnectionHandler.process(AbstractProtocol.java:637)
	at org.apache.tomcat.util.net.AprEndpoint$SocketProcessor.doRun(AprEndpoint.java:2549)
	at org.apache.tomcat.util.net.AprEndpoint$SocketProcessor.run(AprEndpoint.java:2538)
	at java.util.concurrent.ThreadPoolExecutor.runWorker(ThreadPoolExecutor.java:1145)
	at java.util.concurrent.ThreadPoolExecutor$Worker.run(ThreadPoolExecutor.java:615)
	at org.apache.tomcat.util.threads.TaskThread$WrappingRunnable.run(TaskThread.java:61)
	at java.lang.Thread.run(Thread.java:745)

五月 20, 2019 11:24:51 上午 bysj.zjl.controller.UserController login
信息: User/login:页面传递的对象User:User [user_id=1510064108, user_name=null, password=96e79218965eb72c92a549dd5a330112, question=null, answer=null, isOk=null, role_id=null]
五月 20, 2019 11:24:51 上午 bysj.zjl.controller.UserController login
信息: User/login:service返回值:User [user_id=1510064108, user_name=周佳理, password=96e79218965eb72c92a549dd5a330112, question=null, answer=null, isOk=null, role_id=1]
五月 20, 2019 11:24:51 上午 bysj.zjl.controller.UserController login
信息: userController============User_info_vo [dName=计算机学院, majorName=null, cName=null, deptId=null, majorId=null, classesId=null, role_id=null, password=null, role_name=null, isOk=null, findstr=null, topicName=null, tea_name=null, topicId=0, stateId=null, apply=null, user_id=2, user_name=段老师]
五月 20, 2019 1:15:37 下午 bysj.zjl.controller.UserController login
信息: User/login:页面传递的对象User:User [user_id=1510064108, user_name=null, password=96e79218965eb72c92a549dd5a330112, question=null, answer=null, isOk=null, role_id=null]
五月 20, 2019 1:15:37 下午 bysj.zjl.controller.UserController login
信息: User/login:service返回值:User [user_id=1510064108, user_name=周佳理, password=96e79218965eb72c92a549dd5a330112, question=null, answer=null, isOk=null, role_id=1]
五月 20, 2019 1:15:37 下午 bysj.zjl.controller.UserController login
信息: userController============User_info_vo [dName=计算机学院, majorName=null, cName=null, deptId=null, majorId=null, classesId=null, role_id=null, password=null, role_name=null, isOk=null, findstr=null, topicName=null, tea_name=null, topicId=0, stateId=null, apply=null, user_id=2, user_name=段老师]
五月 20, 2019 1:57:42 下午 bysj.zjl.controller.UserController login
信息: User/login:页面传递的对象User:User [user_id=1510064108, user_name=null, password=96e79218965eb72c92a549dd5a330112, question=null, answer=null, isOk=null, role_id=null]
五月 20, 2019 1:57:42 下午 bysj.zjl.controller.UserController login
信息: User/login:service返回值:User [user_id=1510064108, user_name=周佳理, password=96e79218965eb72c92a549dd5a330112, question=null, answer=null, isOk=null, role_id=1]
五月 20, 2019 1:57:42 下午 bysj.zjl.controller.UserController login
信息: userController============User_info_vo [dName=计算机学院, majorName=null, cName=null, deptId=null, majorId=null, classesId=null, role_id=null, password=null, role_name=null, isOk=null, findstr=null, topicName=null, tea_name=null, topicId=0, stateId=null, apply=null, user_id=2, user_name=段老师]
五月 20, 2019 1:58:05 下午 org.springframework.web.servlet.mvc.support.DefaultHandlerExceptionResolver handleHttpRequestMethodNotSupported
警告: Request method 'GET' not supported
五月 20, 2019 1:58:26 下午 bysj.zjl.controller.UserController login
信息: User/login:页面传递的对象User:User [user_id=1510064108, user_name=null, password=96e79218965eb72c92a549dd5a330112, question=null, answer=null, isOk=null, role_id=null]
五月 20, 2019 1:58:26 下午 bysj.zjl.controller.UserController login
信息: User/login:service返回值:User [user_id=1510064108, user_name=周佳理, password=96e79218965eb72c92a549dd5a330112, question=null, answer=null, isOk=null, role_id=1]
五月 20, 2019 1:58:26 下午 bysj.zjl.controller.UserController login
信息: userController============User_info_vo [dName=计算机学院, majorName=null, cName=null, deptId=null, majorId=null, classesId=null, role_id=null, password=null, role_name=null, isOk=null, findstr=null, topicName=null, tea_name=null, topicId=0, stateId=null, apply=null, user_id=2, user_name=段老师]
五月 20, 2019 2:10:56 下午 bysj.zjl.controller.UserController login
信息: User/login:页面传递的对象User:User [user_id=1510064108, user_name=null, password=96e79218965eb72c92a549dd5a330112, question=null, answer=null, isOk=null, role_id=null]
五月 20, 2019 2:10:56 下午 bysj.zjl.controller.UserController login
信息: User/login:service返回值:User [user_id=1510064108, user_name=周佳理, password=96e79218965eb72c92a549dd5a330112, question=null, answer=null, isOk=null, role_id=1]
五月 20, 2019 2:10:56 下午 bysj.zjl.controller.UserController login
信息: userController============User_info_vo [dName=计算机学院, majorName=null, cName=null, deptId=null, majorId=null, classesId=null, role_id=null, password=null, role_name=null, isOk=null, findstr=null, topicName=null, tea_name=null, topicId=0, stateId=null, apply=null, user_id=2, user_name=段老师]
五月 20, 2019 2:11:17 下午 bysj.zjl.controller.UserController login
信息: User/login:页面传递的对象User:User [user_id=3, user_name=null, password=96e79218965eb72c92a549dd5a330112, question=null, answer=null, isOk=null, role_id=null]
五月 20, 2019 2:11:17 下午 bysj.zjl.controller.UserController login
信息: User/login:service返回值:User [user_id=3, user_name=赵泽壹, password=96e79218965eb72c92a549dd5a330112, question=null, answer=null, isOk=null, role_id=3]
五月 20, 2019 2:11:54 下午 bysj.zjl.controller.UserController login
信息: User/login:页面传递的对象User:User [user_id=3, user_name=null, password=96e79218965eb72c92a549dd5a330112, question=null, answer=null, isOk=null, role_id=null]
五月 20, 2019 2:11:54 下午 bysj.zjl.controller.UserController login
信息: User/login:service返回值:User [user_id=3, user_name=赵泽壹, password=96e79218965eb72c92a549dd5a330112, question=null, answer=null, isOk=null, role_id=3]
五月 20, 2019 2:12:49 下午 bysj.zjl.controller.UserController login
信息: User/login:页面传递的对象User:User [user_id=1510064108, user_name=null, password=96e79218965eb72c92a549dd5a330112, question=null, answer=null, isOk=null, role_id=null]
五月 20, 2019 2:12:49 下午 bysj.zjl.controller.UserController login
信息: User/login:service返回值:User [user_id=1510064108, user_name=周佳理, password=96e79218965eb72c92a549dd5a330112, question=null, answer=null, isOk=null, role_id=1]
五月 20, 2019 2:12:49 下午 bysj.zjl.controller.UserController login
信息: userController============User_info_vo [dName=计算机学院, majorName=null, cName=null, deptId=null, majorId=null, classesId=null, role_id=null, password=null, role_name=null, isOk=null, findstr=null, topicName=null, tea_name=null, topicId=0, stateId=null, apply=null, user_id=2, user_name=段老师]
五月 20, 2019 2:14:58 下午 bysj.zjl.controller.UserController login
信息: User/login:页面传递的对象User:User [user_id=1510064108, user_name=null, password=96e79218965eb72c92a549dd5a330112, question=null, answer=null, isOk=null, role_id=null]
五月 20, 2019 2:14:58 下午 bysj.zjl.controller.UserController login
信息: User/login:service返回值:User [user_id=1510064108, user_name=周佳理, password=96e79218965eb72c92a549dd5a330112, question=null, answer=null, isOk=null, role_id=1]
五月 20, 2019 2:14:58 下午 bysj.zjl.controller.UserController login
信息: userController============User_info_vo [dName=计算机学院, majorName=null, cName=null, deptId=null, majorId=null, classesId=null, role_id=null, password=null, role_name=null, isOk=null, findstr=null, topicName=null, tea_name=null, topicId=0, stateId=null, apply=null, user_id=2, user_name=段老师]
五月 20, 2019 2:48:07 下午 bysj.zjl.controller.UserController login
信息: User/login:页面传递的对象User:User [user_id=1510064108, user_name=null, password=96e79218965eb72c92a549dd5a330112, question=null, answer=null, isOk=null, role_id=null]
五月 20, 2019 2:48:07 下午 bysj.zjl.controller.UserController login
信息: User/login:service返回值:User [user_id=1510064108, user_name=周佳理, password=96e79218965eb72c92a549dd5a330112, question=null, answer=null, isOk=null, role_id=1]
五月 20, 2019 2:48:07 下午 bysj.zjl.controller.UserController login
信息: userController============User_info_vo [dName=计算机学院, majorName=null, cName=null, deptId=null, majorId=null, classesId=null, role_id=null, password=null, role_name=null, isOk=null, findstr=null, topicName=null, tea_name=null, topicId=0, stateId=null, apply=null, user_id=2, user_name=段老师]
五月 20, 2019 3:44:26 下午 bysj.zjl.controller.UserController login
信息: User/login:页面传递的对象User:User [user_id=1510064108, user_name=null, password=96e79218965eb72c92a549dd5a330112, question=null, answer=null, isOk=null, role_id=null]
五月 20, 2019 3:44:26 下午 bysj.zjl.controller.UserController login
信息: User/login:service返回值:User [user_id=1510064108, user_name=周佳理, password=96e79218965eb72c92a549dd5a330112, question=null, answer=null, isOk=null, role_id=1]
五月 20, 2019 3:44:26 下午 bysj.zjl.controller.UserController login
信息: userController============User_info_vo [dName=计算机学院, majorName=null, cName=null, deptId=null, majorId=null, classesId=null, role_id=null, password=null, role_name=null, isOk=null, findstr=null, topicName=null, tea_name=null, topicId=0, stateId=null, apply=null, user_id=2, user_name=段老师]
五月 20, 2019 3:47:37 下午 bysj.zjl.controller.UserController login
信息: User/login:页面传递的对象User:User [user_id=1510064108, user_name=null, password=96e79218965eb72c92a549dd5a330112, question=null, answer=null, isOk=null, role_id=null]
五月 20, 2019 3:47:37 下午 bysj.zjl.controller.UserController login
信息: User/login:service返回值:User [user_id=1510064108, user_name=周佳理, password=96e79218965eb72c92a549dd5a330112, question=null, answer=null, isOk=null, role_id=1]
五月 20, 2019 3:47:37 下午 bysj.zjl.controller.UserController login
信息: userController============User_info_vo [dName=计算机学院, majorName=null, cName=null, deptId=null, majorId=null, classesId=null, role_id=null, password=null, role_name=null, isOk=null, findstr=null, topicName=null, tea_name=null, topicId=0, stateId=null, apply=null, user_id=2, user_name=段老师]
五月 20, 2019 3:47:49 下午 bysj.zjl.controller.UserController login
信息: User/login:页面传递的对象User:User [user_id=1510064108, user_name=null, password=96e79218965eb72c92a549dd5a330112, question=null, answer=null, isOk=null, role_id=null]
五月 20, 2019 3:47:49 下午 bysj.zjl.controller.UserController login
信息: User/login:service返回值:User [user_id=1510064108, user_name=周佳理, password=96e79218965eb72c92a549dd5a330112, question=null, answer=null, isOk=null, role_id=1]
五月 20, 2019 3:47:49 下午 bysj.zjl.controller.UserController login
信息: userController============User_info_vo [dName=计算机学院, majorName=null, cName=null, deptId=null, majorId=null, classesId=null, role_id=null, password=null, role_name=null, isOk=null, findstr=null, topicName=null, tea_name=null, topicId=0, stateId=null, apply=null, user_id=2, user_name=段老师]
五月 20, 2019 8:06:48 下午 org.apache.coyote.ajp.AjpMessage processHeader
严重: Invalid message received with signature 18245
五月 20, 2019 8:06:55 下午 org.apache.coyote.ajp.AjpMessage processHeader
严重: Invalid message received with signature 33009
五月 20, 2019 9:08:32 下午 org.apache.coyote.ajp.AjpMessage processHeader
严重: Invalid message received with signature 17231
五月 20, 2019 9:08:32 下午 org.apache.coyote.ajp.AjpMessage processHeader
严重: Invalid message received with signature 18245
五月 20, 2019 9:08:32 下午 org.apache.coyote.ajp.AjpMessage processHeader
严重: Invalid message received with signature 18245
五月 20, 2019 9:08:32 下午 org.apache.coyote.ajp.AjpMessage processHeader
严重: Invalid message received with signature 18245
五月 20, 2019 9:08:32 下午 org.apache.coyote.ajp.AjpMessage processHeader
严重: Invalid message received with signature 18245
五月 20, 2019 9:08:32 下午 org.apache.coyote.ajp.AjpMessage processHeader
严重: Invalid message received with signature 18245
五月 20, 2019 9:08:32 下午 org.apache.coyote.ajp.AjpMessage processHeader
严重: Invalid message received with signature 18245
五月 20, 2019 9:08:32 下午 org.apache.coyote.ajp.AjpMessage processHeader
严重: Invalid message received with signature 18245
五月 20, 2019 9:08:38 下午 org.apache.coyote.ajp.AjpMessage processHeader
严重: Invalid message received with signature 18245
五月 20, 2019 10:18:17 下午 org.apache.coyote.http11.AbstractHttp11Processor process
信息: Error parsing HTTP request header
 Note: further occurrences of HTTP header parsing errors will be logged at DEBUG level.
java.lang.IllegalArgumentException: Invalid character found in method name. HTTP method names must be tokens
	at org.apache.coyote.http11.InternalAprInputBuffer.parseRequestLine(InternalAprInputBuffer.java:182)
	at org.apache.coyote.http11.AbstractHttp11Processor.process(AbstractHttp11Processor.java:1028)
	at org.apache.coyote.AbstractProtocol$AbstractConnectionHandler.process(AbstractProtocol.java:637)
	at org.apache.tomcat.util.net.AprEndpoint$SocketProcessor.doRun(AprEndpoint.java:2549)
	at org.apache.tomcat.util.net.AprEndpoint$SocketProcessor.run(AprEndpoint.java:2538)
	at java.util.concurrent.ThreadPoolExecutor.runWorker(ThreadPoolExecutor.java:1145)
	at java.util.concurrent.ThreadPoolExecutor$Worker.run(ThreadPoolExecutor.java:615)
	at org.apache.tomcat.util.threads.TaskThread$WrappingRunnable.run(TaskThread.java:61)
	at java.lang.Thread.run(Thread.java:745)

五月 20, 2019 10:19:56 下午 org.apache.coyote.http11.AbstractHttp11Processor process
信息: Error parsing HTTP request header
 Note: further occurrences of HTTP header parsing errors will be logged at DEBUG level.
java.lang.IllegalArgumentException: Invalid character found in method name. HTTP method names must be tokens
	at org.apache.coyote.http11.InternalAprInputBuffer.parseRequestLine(InternalAprInputBuffer.java:182)
	at org.apache.coyote.http11.AbstractHttp11Processor.process(AbstractHttp11Processor.java:1028)
	at org.apache.coyote.AbstractProtocol$AbstractConnectionHandler.process(AbstractProtocol.java:637)
	at org.apache.tomcat.util.net.AprEndpoint$SocketProcessor.doRun(AprEndpoint.java:2549)
	at org.apache.tomcat.util.net.AprEndpoint$SocketProcessor.run(AprEndpoint.java:2538)
	at java.util.concurrent.ThreadPoolExecutor.runWorker(ThreadPoolExecutor.java:1145)
	at java.util.concurrent.ThreadPoolExecutor$Worker.run(ThreadPoolExecutor.java:615)
	at org.apache.tomcat.util.threads.TaskThread$WrappingRunnable.run(TaskThread.java:61)
	at java.lang.Thread.run(Thread.java:745)

五月 20, 2019 11:02:35 下午 bysj.zjl.controller.UserController login
信息: User/login:页面传递的对象User:User [user_id=1510064108, user_name=null, password=96e79218965eb72c92a549dd5a330112, question=null, answer=null, isOk=null, role_id=null]
五月 20, 2019 11:02:35 下午 bysj.zjl.controller.UserController login
信息: User/login:service返回值:User [user_id=1510064108, user_name=周佳理, password=96e79218965eb72c92a549dd5a330112, question=null, answer=null, isOk=null, role_id=1]
五月 20, 2019 11:02:35 下午 bysj.zjl.controller.UserController login
信息: userController============User_info_vo [dName=计算机学院, majorName=null, cName=null, deptId=null, majorId=null, classesId=null, role_id=null, password=null, role_name=null, isOk=null, findstr=null, topicName=null, tea_name=null, topicId=0, stateId=null, apply=null, user_id=2, user_name=段老师]
五月 20, 2019 11:09:36 下午 bysj.zjl.controller.UserController login
信息: User/login:页面传递的对象User:User [user_id=5, user_name=null, password=96e79218965eb72c92a549dd5a330112, question=null, answer=null, isOk=null, role_id=null]
五月 20, 2019 11:09:36 下午 bysj.zjl.controller.UserController login
信息: User/login:service返回值:User [user_id=5, user_name=ADMIN, password=96e79218965eb72c92a549dd5a330112, question=null, answer=null, isOk=null, role_id=5]
五月 20, 2019 11:11:18 下午 bysj.zjl.controller.UserController login
信息: User/login:页面传递的对象User:User [user_id=5, user_name=null, password=96e79218965eb72c92a549dd5a330112, question=null, answer=null, isOk=null, role_id=null]
五月 20, 2019 11:11:18 下午 bysj.zjl.controller.UserController login
信息: User/login:service返回值:User [user_id=5, user_name=ADMIN, password=96e79218965eb72c92a549dd5a330112, question=null, answer=null, isOk=null, role_id=5]
五月 20, 2019 11:31:14 下午 bysj.zjl.controller.UserController login
信息: User/login:页面传递的对象User:User [user_id=5, user_name=null, password=96e79218965eb72c92a549dd5a330112, question=null, answer=null, isOk=null, role_id=null]
五月 20, 2019 11:31:14 下午 bysj.zjl.controller.UserController login
信息: User/login:service返回值:User [user_id=5, user_name=ADMIN, password=96e79218965eb72c92a549dd5a330112, question=null, answer=null, isOk=null, role_id=5]
五月 20, 2019 11:32:13 下午 bysj.zjl.controller.UserController login
信息: User/login:页面传递的对象User:User [user_id=5, user_name=null, password=96e79218965eb72c92a549dd5a330112, question=null, answer=null, isOk=null, role_id=null]
五月 20, 2019 11:32:13 下午 bysj.zjl.controller.UserController login
信息: User/login:service返回值:User [user_id=5, user_name=ADMIN, password=96e79218965eb72c92a549dd5a330112, question=null, answer=null, isOk=null, role_id=5]
五月 20, 2019 11:32:15 下午 bysj.zjl.controller.UserController login
信息: User/login:页面传递的对象User:User [user_id=5, user_name=null, password=96e79218965eb72c92a549dd5a330112, question=null, answer=null, isOk=null, role_id=null]
五月 20, 2019 11:32:15 下午 bysj.zjl.controller.UserController login
信息: User/login:service返回值:User [user_id=5, user_name=ADMIN, password=96e79218965eb72c92a549dd5a330112, question=null, answer=null, isOk=null, role_id=5]
五月 20, 2019 11:32:20 下午 bysj.zjl.controller.UserController login
信息: User/login:页面传递的对象User:User [user_id=5, user_name=null, password=96e79218965eb72c92a549dd5a330112, question=null, answer=null, isOk=null, role_id=null]
五月 20, 2019 11:32:20 下午 bysj.zjl.controller.UserController login
信息: User/login:service返回值:User [user_id=5, user_name=ADMIN, password=96e79218965eb72c92a549dd5a330112, question=null, answer=null, isOk=null, role_id=5]
五月 20, 2019 11:57:22 下午 org.springframework.web.servlet.mvc.support.DefaultHandlerExceptionResolver handleHttpRequestMethodNotSupported
警告: Request method 'GET' not supported
五月 20, 2019 11:57:40 下午 bysj.zjl.controller.UserController login
信息: User/login:页面传递的对象User:User [user_id=3, user_name=null, password=96e79218965eb72c92a549dd5a330112, question=null, answer=null, isOk=null, role_id=null]
五月 20, 2019 11:57:40 下午 bysj.zjl.controller.UserController login
信息: User/login:service返回值:User [user_id=3, user_name=赵泽壹, password=96e79218965eb72c92a549dd5a330112, question=null, answer=null, isOk=null, role_id=3]
五月 20, 2019 11:58:23 下午 bysj.zjl.controller.AdminController queryUserList
信息: User_info_vo [dName=null, majorName=null, cName=null, deptId=10, majorId=null, classesId=null, role_id=null, password=null, role_name=null, isOk=null, findstr=null, topicName=null, tea_name=null, topicId=0, stateId=null, apply=null, user_id=3, user_name=赵泽壹]
