六月 27, 2019 2:39:03 上午 org.apache.coyote.http11.AbstractHttp11Processor process
信息: Error parsing HTTP request header
 Note: further occurrences of HTTP header parsing errors will be logged at DEBUG level.
java.lang.IllegalArgumentException: Invalid character found in the request target. The valid characters are defined in RFC 7230 and RFC 3986
	at org.apache.coyote.http11.InternalAprInputBuffer.parseRequestLine(InternalAprInputBuffer.java:235)
	at org.apache.coyote.http11.AbstractHttp11Processor.process(AbstractHttp11Processor.java:1028)
	at org.apache.coyote.AbstractProtocol$AbstractConnectionHandler.process(AbstractProtocol.java:637)
	at org.apache.tomcat.util.net.AprEndpoint$SocketProcessor.doRun(AprEndpoint.java:2549)
	at org.apache.tomcat.util.net.AprEndpoint$SocketProcessor.run(AprEndpoint.java:2538)
	at java.util.concurrent.ThreadPoolExecutor.runWorker(ThreadPoolExecutor.java:1145)
	at java.util.concurrent.ThreadPoolExecutor$Worker.run(ThreadPoolExecutor.java:615)
	at org.apache.tomcat.util.threads.TaskThread$WrappingRunnable.run(TaskThread.java:61)
	at java.lang.Thread.run(Thread.java:745)

六月 27, 2019 2:39:03 上午 org.apache.coyote.http11.AbstractHttp11Processor process
信息: Error parsing HTTP request header
 Note: further occurrences of HTTP header parsing errors will be logged at DEBUG level.
java.lang.IllegalArgumentException: Invalid character found in the request target. The valid characters are defined in RFC 7230 and RFC 3986
	at org.apache.coyote.http11.InternalAprInputBuffer.parseRequestLine(InternalAprInputBuffer.java:235)
	at org.apache.coyote.http11.AbstractHttp11Processor.process(AbstractHttp11Processor.java:1028)
	at org.apache.coyote.AbstractProtocol$AbstractConnectionHandler.process(AbstractProtocol.java:637)
	at org.apache.tomcat.util.net.AprEndpoint$SocketProcessor.doRun(AprEndpoint.java:2549)
	at org.apache.tomcat.util.net.AprEndpoint$SocketProcessor.run(AprEndpoint.java:2538)
	at java.util.concurrent.ThreadPoolExecutor.runWorker(ThreadPoolExecutor.java:1145)
	at java.util.concurrent.ThreadPoolExecutor$Worker.run(ThreadPoolExecutor.java:615)
	at org.apache.tomcat.util.threads.TaskThread$WrappingRunnable.run(TaskThread.java:61)
	at java.lang.Thread.run(Thread.java:745)

六月 27, 2019 5:01:36 上午 org.apache.coyote.http11.AbstractHttp11Processor process
信息: Error parsing HTTP request header
 Note: further occurrences of HTTP header parsing errors will be logged at DEBUG level.
java.lang.IllegalArgumentException: Invalid character found in method name. HTTP method names must be tokens
	at org.apache.coyote.http11.InternalAprInputBuffer.parseRequestLine(InternalAprInputBuffer.java:182)
	at org.apache.coyote.http11.AbstractHttp11Processor.process(AbstractHttp11Processor.java:1028)
	at org.apache.coyote.AbstractProtocol$AbstractConnectionHandler.process(AbstractProtocol.java:637)
	at org.apache.tomcat.util.net.AprEndpoint$SocketProcessor.doRun(AprEndpoint.java:2549)
	at org.apache.tomcat.util.net.AprEndpoint$SocketProcessor.run(AprEndpoint.java:2538)
	at java.util.concurrent.ThreadPoolExecutor.runWorker(ThreadPoolExecutor.java:1145)
	at java.util.concurrent.ThreadPoolExecutor$Worker.run(ThreadPoolExecutor.java:615)
	at org.apache.tomcat.util.threads.TaskThread$WrappingRunnable.run(TaskThread.java:61)
	at java.lang.Thread.run(Thread.java:745)

六月 27, 2019 5:15:19 上午 org.apache.coyote.ajp.AjpMessage processHeader
严重: Invalid message received with signature 768
六月 27, 2019 9:23:31 上午 org.apache.coyote.http11.AbstractHttp11Processor process
信息: Error parsing HTTP request header
 Note: further occurrences of HTTP header parsing errors will be logged at DEBUG level.
java.lang.IllegalArgumentException: Invalid character found in method name. HTTP method names must be tokens
	at org.apache.coyote.http11.InternalAprInputBuffer.parseRequestLine(InternalAprInputBuffer.java:182)
	at org.apache.coyote.http11.AbstractHttp11Processor.process(AbstractHttp11Processor.java:1028)
	at org.apache.coyote.AbstractProtocol$AbstractConnectionHandler.process(AbstractProtocol.java:637)
	at org.apache.tomcat.util.net.AprEndpoint$SocketProcessor.doRun(AprEndpoint.java:2549)
	at org.apache.tomcat.util.net.AprEndpoint$SocketProcessor.run(AprEndpoint.java:2538)
	at java.util.concurrent.ThreadPoolExecutor.runWorker(ThreadPoolExecutor.java:1145)
	at java.util.concurrent.ThreadPoolExecutor$Worker.run(ThreadPoolExecutor.java:615)
	at org.apache.tomcat.util.threads.TaskThread$WrappingRunnable.run(TaskThread.java:61)
	at java.lang.Thread.run(Thread.java:745)

六月 27, 2019 12:11:11 下午 org.springframework.web.servlet.mvc.support.DefaultHandlerExceptionResolver handleHttpRequestMethodNotSupported
警告: Request method 'GET' not supported
六月 27, 2019 12:21:41 下午 org.apache.coyote.ajp.AjpMessage processHeader
严重: Invalid message received with signature 17231
六月 27, 2019 12:21:41 下午 org.apache.coyote.ajp.AjpMessage processHeader
严重: Invalid message received with signature 18245
六月 27, 2019 12:21:41 下午 org.apache.coyote.ajp.AjpMessage processHeader
严重: Invalid message received with signature 18245
六月 27, 2019 12:21:41 下午 org.apache.coyote.ajp.AjpMessage processHeader
严重: Invalid message received with signature 18245
六月 27, 2019 12:21:41 下午 org.apache.coyote.ajp.AjpMessage processHeader
严重: Invalid message received with signature 18245
六月 27, 2019 12:21:41 下午 org.apache.coyote.ajp.AjpMessage processHeader
严重: Invalid message received with signature 18245
六月 27, 2019 12:21:41 下午 org.apache.coyote.ajp.AjpMessage processHeader
严重: Invalid message received with signature 18245
六月 27, 2019 12:21:41 下午 org.apache.coyote.ajp.AjpMessage processHeader
严重: Invalid message received with signature 18245
六月 27, 2019 12:21:48 下午 org.apache.coyote.ajp.AjpMessage processHeader
严重: Invalid message received with signature 18245
六月 27, 2019 2:38:40 下午 bysj.zjl.controller.UserController login
信息: User/login:页面传递的对象User:User [user_id=1510064108, user_name=null, password=96e79218965eb72c92a549dd5a330112, question=null, answer=null, isOk=null, role_id=null]
六月 27, 2019 2:38:40 下午 bysj.zjl.controller.UserController login
信息: User/login:service返回值:User [user_id=1510064108, user_name=周佳理, password=96e79218965eb72c92a549dd5a330112, question=null, answer=null, isOk=null, role_id=1]
六月 27, 2019 2:38:40 下午 bysj.zjl.controller.UserController login
信息: userController============User_info_vo [dName=计算机学院, majorName=null, cName=null, deptId=null, majorId=null, classesId=null, role_id=null, password=null, role_name=null, isOk=null, findstr=null, topicName=null, tea_name=null, topicId=0, stateId=null, apply=null, user_id=2, user_name=段老师]
六月 27, 2019 2:46:23 下午 bysj.zjl.controller.UserController login
信息: User/login:页面传递的对象User:User [user_id=1510064101, user_name=null, password=dd09f935f4d8193b82e16ae45c2f640e, question=null, answer=null, isOk=null, role_id=null]
六月 27, 2019 2:46:31 下午 bysj.zjl.controller.UserController login
信息: User/login:页面传递的对象User:User [user_id=1510064101, user_name=null, password=c4ca4238a0b923820dcc509a6f75849b, question=null, answer=null, isOk=null, role_id=null]
六月 27, 2019 2:46:54 下午 bysj.zjl.controller.UserController login
信息: User/login:页面传递的对象User:User [user_id=1510064101, user_name=null, password=c4ca4238a0b923820dcc509a6f75849b, question=null, answer=null, isOk=null, role_id=null]
六月 27, 2019 2:47:01 下午 bysj.zjl.controller.UserController login
信息: User/login:页面传递的对象User:User [user_id=1510064108, user_name=null, password=96e79218965eb72c92a549dd5a330112, question=null, answer=null, isOk=null, role_id=null]
六月 27, 2019 2:47:01 下午 bysj.zjl.controller.UserController login
信息: User/login:service返回值:User [user_id=1510064108, user_name=周佳理, password=96e79218965eb72c92a549dd5a330112, question=null, answer=null, isOk=null, role_id=1]
六月 27, 2019 2:47:01 下午 bysj.zjl.controller.UserController login
信息: userController============User_info_vo [dName=计算机学院, majorName=null, cName=null, deptId=null, majorId=null, classesId=null, role_id=null, password=null, role_name=null, isOk=null, findstr=null, topicName=null, tea_name=null, topicId=0, stateId=null, apply=null, user_id=2, user_name=段老师]
六月 27, 2019 2:47:06 下午 bysj.zjl.controller.UserController login
信息: User/login:页面传递的对象User:User [user_id=1510064101, user_name=null, password=96e79218965eb72c92a549dd5a330112, question=null, answer=null, isOk=null, role_id=null]
六月 27, 2019 2:47:06 下午 bysj.zjl.controller.UserController login
信息: User/login:service返回值:User [user_id=1510064101, user_name=王, password=96e79218965eb72c92a549dd5a330112, question=null, answer=null, isOk=null, role_id=1]
六月 27, 2019 2:47:06 下午 bysj.zjl.controller.UserController login
信息: userController============User_info_vo [dName=计算机学院, majorName=null, cName=null, deptId=null, majorId=null, classesId=null, role_id=null, password=null, role_name=null, isOk=null, findstr=null, topicName=null, tea_name=null, topicId=0, stateId=null, apply=null, user_id=2, user_name=段老师]
六月 27, 2019 2:47:14 下午 bysj.zjl.controller.UserController login
信息: User/login:页面传递的对象User:User [user_id=1510064111, user_name=null, password=96e79218965eb72c92a549dd5a330112, question=null, answer=null, isOk=null, role_id=null]
六月 27, 2019 2:47:31 下午 bysj.zjl.controller.UserController login
信息: User/login:页面传递的对象User:User [user_id=2, user_name=null, password=96e79218965eb72c92a549dd5a330112, question=null, answer=null, isOk=null, role_id=null]
六月 27, 2019 2:47:31 下午 bysj.zjl.controller.UserController login
信息: User/login:service返回值:User [user_id=2, user_name=段老师, password=96e79218965eb72c92a549dd5a330112, question=null, answer=null, isOk=null, role_id=2]
六月 27, 2019 4:26:06 下午 org.apache.coyote.ajp.AjpMessage processHeader
严重: Invalid message received with signature 768
六月 27, 2019 6:00:29 下午 org.springframework.web.servlet.mvc.support.DefaultHandlerExceptionResolver handleHttpRequestMethodNotSupported
警告: Request method 'GET' not supported
六月 27, 2019 9:17:34 下午 org.springframework.web.servlet.mvc.support.DefaultHandlerExceptionResolver handleHttpRequestMethodNotSupported
警告: Request method 'GET' not supported
