十二月 04, 2018 3:05:31 上午 org.apache.catalina.realm.LockOutRealm filterLockedAccounts
警告: An attempt was made to authenticate the locked user "admin"
十二月 04, 2018 3:05:46 上午 org.apache.catalina.realm.LockOutRealm filterLockedAccounts
警告: An attempt was made to authenticate the locked user "admin"
十二月 04, 2018 3:06:11 上午 org.apache.catalina.realm.LockOutRealm filterLockedAccounts
警告: An attempt was made to authenticate the locked user "admin"
十二月 04, 2018 3:06:25 上午 org.apache.catalina.realm.LockOutRealm filterLockedAccounts
警告: An attempt was made to authenticate the locked user "admin"
十二月 04, 2018 3:06:40 上午 org.apache.catalina.realm.LockOutRealm filterLockedAccounts
警告: An attempt was made to authenticate the locked user "admin"
十二月 04, 2018 3:06:55 上午 org.apache.catalina.realm.LockOutRealm filterLockedAccounts
警告: An attempt was made to authenticate the locked user "admin"
十二月 04, 2018 3:07:10 上午 org.apache.catalina.realm.LockOutRealm filterLockedAccounts
警告: An attempt was made to authenticate the locked user "admin"
十二月 04, 2018 3:07:24 上午 org.apache.catalina.realm.LockOutRealm filterLockedAccounts
警告: An attempt was made to authenticate the locked user "admin"
十二月 04, 2018 3:07:38 上午 org.apache.catalina.realm.LockOutRealm filterLockedAccounts
警告: An attempt was made to authenticate the locked user "admin"
十二月 04, 2018 3:07:54 上午 org.apache.catalina.realm.LockOutRealm filterLockedAccounts
警告: An attempt was made to authenticate the locked user "admin"
十二月 04, 2018 3:08:12 上午 org.apache.catalina.realm.LockOutRealm filterLockedAccounts
警告: An attempt was made to authenticate the locked user "admin"
十二月 04, 2018 3:08:27 上午 org.apache.catalina.realm.LockOutRealm filterLockedAccounts
警告: An attempt was made to authenticate the locked user "admin"
十二月 04, 2018 3:08:41 上午 org.apache.catalina.realm.LockOutRealm filterLockedAccounts
警告: An attempt was made to authenticate the locked user "admin"
十二月 04, 2018 3:08:56 上午 org.apache.catalina.realm.LockOutRealm filterLockedAccounts
警告: An attempt was made to authenticate the locked user "admin"
十二月 04, 2018 3:09:11 上午 org.apache.catalina.realm.LockOutRealm filterLockedAccounts
警告: An attempt was made to authenticate the locked user "admin"
十二月 04, 2018 3:09:26 上午 org.apache.catalina.realm.LockOutRealm filterLockedAccounts
警告: An attempt was made to authenticate the locked user "admin"
十二月 04, 2018 3:09:40 上午 org.apache.catalina.realm.LockOutRealm filterLockedAccounts
警告: An attempt was made to authenticate the locked user "admin"
十二月 04, 2018 3:09:56 上午 org.apache.catalina.realm.LockOutRealm filterLockedAccounts
警告: An attempt was made to authenticate the locked user "admin"
十二月 04, 2018 3:10:11 上午 org.apache.catalina.realm.LockOutRealm filterLockedAccounts
警告: An attempt was made to authenticate the locked user "admin"
十二月 04, 2018 3:10:26 上午 org.apache.catalina.realm.LockOutRealm filterLockedAccounts
警告: An attempt was made to authenticate the locked user "admin"
十二月 04, 2018 3:10:42 上午 org.apache.catalina.realm.LockOutRealm filterLockedAccounts
警告: An attempt was made to authenticate the locked user "admin"
十二月 04, 2018 3:10:56 上午 org.apache.catalina.realm.LockOutRealm filterLockedAccounts
警告: An attempt was made to authenticate the locked user "admin"
十二月 04, 2018 3:11:10 上午 org.apache.catalina.realm.LockOutRealm filterLockedAccounts
警告: An attempt was made to authenticate the locked user "admin"
十二月 04, 2018 3:11:28 上午 org.apache.catalina.realm.LockOutRealm filterLockedAccounts
警告: An attempt was made to authenticate the locked user "admin"
十二月 04, 2018 3:11:42 上午 org.apache.catalina.realm.LockOutRealm filterLockedAccounts
警告: An attempt was made to authenticate the locked user "admin"
十二月 04, 2018 3:11:57 上午 org.apache.catalina.realm.LockOutRealm filterLockedAccounts
警告: An attempt was made to authenticate the locked user "admin"
十二月 04, 2018 3:12:10 上午 org.apache.catalina.realm.LockOutRealm filterLockedAccounts
警告: An attempt was made to authenticate the locked user "admin"
十二月 04, 2018 3:12:29 上午 org.apache.catalina.realm.LockOutRealm filterLockedAccounts
警告: An attempt was made to authenticate the locked user "admin"
十二月 04, 2018 3:12:44 上午 org.apache.catalina.realm.LockOutRealm filterLockedAccounts
警告: An attempt was made to authenticate the locked user "admin"
十二月 04, 2018 3:12:59 上午 org.apache.catalina.realm.LockOutRealm filterLockedAccounts
警告: An attempt was made to authenticate the locked user "admin"
十二月 04, 2018 3:13:15 上午 org.apache.catalina.realm.LockOutRealm filterLockedAccounts
警告: An attempt was made to authenticate the locked user "admin"
十二月 04, 2018 3:13:30 上午 org.apache.catalina.realm.LockOutRealm filterLockedAccounts
警告: An attempt was made to authenticate the locked user "admin"
十二月 04, 2018 3:13:45 上午 org.apache.catalina.realm.LockOutRealm filterLockedAccounts
警告: An attempt was made to authenticate the locked user "admin"
十二月 04, 2018 3:14:09 上午 org.apache.catalina.realm.LockOutRealm filterLockedAccounts
警告: An attempt was made to authenticate the locked user "admin"
十二月 04, 2018 3:14:21 上午 org.apache.catalina.realm.LockOutRealm filterLockedAccounts
警告: An attempt was made to authenticate the locked user "admin"
十二月 04, 2018 3:14:37 上午 org.apache.catalina.realm.LockOutRealm filterLockedAccounts
警告: An attempt was made to authenticate the locked user "admin"
十二月 04, 2018 3:14:53 上午 org.apache.catalina.realm.LockOutRealm filterLockedAccounts
警告: An attempt was made to authenticate the locked user "admin"
十二月 04, 2018 3:23:25 上午 org.apache.catalina.realm.LockOutRealm filterLockedAccounts
警告: An attempt was made to authenticate the locked user "admin"
十二月 04, 2018 3:23:39 上午 org.apache.catalina.realm.LockOutRealm filterLockedAccounts
警告: An attempt was made to authenticate the locked user "admin"
十二月 04, 2018 3:23:53 上午 org.apache.catalina.realm.LockOutRealm filterLockedAccounts
警告: An attempt was made to authenticate the locked user "admin"
十二月 04, 2018 3:24:08 上午 org.apache.catalina.realm.LockOutRealm filterLockedAccounts
警告: An attempt was made to authenticate the locked user "admin"
十二月 04, 2018 3:24:26 上午 org.apache.catalina.realm.LockOutRealm filterLockedAccounts
警告: An attempt was made to authenticate the locked user "admin"
十二月 04, 2018 3:24:40 上午 org.apache.catalina.realm.LockOutRealm filterLockedAccounts
警告: An attempt was made to authenticate the locked user "admin"
十二月 04, 2018 3:24:55 上午 org.apache.catalina.realm.LockOutRealm filterLockedAccounts
警告: An attempt was made to authenticate the locked user "admin"
十二月 04, 2018 3:25:10 上午 org.apache.catalina.realm.LockOutRealm filterLockedAccounts
警告: An attempt was made to authenticate the locked user "admin"
十二月 04, 2018 1:45:08 下午 org.apache.coyote.http11.AbstractHttp11Processor process
信息: Error parsing HTTP request header
 Note: further occurrences of HTTP header parsing errors will be logged at DEBUG level.
java.lang.IllegalArgumentException: Invalid character found in method name. HTTP method names must be tokens
	at org.apache.coyote.http11.InternalAprInputBuffer.parseRequestLine(InternalAprInputBuffer.java:182)
	at org.apache.coyote.http11.AbstractHttp11Processor.process(AbstractHttp11Processor.java:1028)
	at org.apache.coyote.AbstractProtocol$AbstractConnectionHandler.process(AbstractProtocol.java:637)
	at org.apache.tomcat.util.net.AprEndpoint$SocketProcessor.doRun(AprEndpoint.java:2549)
	at org.apache.tomcat.util.net.AprEndpoint$SocketProcessor.run(AprEndpoint.java:2538)
	at java.util.concurrent.ThreadPoolExecutor.runWorker(ThreadPoolExecutor.java:1145)
	at java.util.concurrent.ThreadPoolExecutor$Worker.run(ThreadPoolExecutor.java:615)
	at org.apache.tomcat.util.threads.TaskThread$WrappingRunnable.run(TaskThread.java:61)
	at java.lang.Thread.run(Thread.java:745)

十二月 04, 2018 1:45:08 下午 org.apache.coyote.http11.AbstractHttp11Processor process
信息: Error parsing HTTP request header
 Note: further occurrences of HTTP header parsing errors will be logged at DEBUG level.
java.lang.IllegalArgumentException: Invalid character found in method name. HTTP method names must be tokens
	at org.apache.coyote.http11.InternalAprInputBuffer.parseRequestLine(InternalAprInputBuffer.java:182)
	at org.apache.coyote.http11.AbstractHttp11Processor.process(AbstractHttp11Processor.java:1028)
	at org.apache.coyote.AbstractProtocol$AbstractConnectionHandler.process(AbstractProtocol.java:637)
	at org.apache.tomcat.util.net.AprEndpoint$SocketProcessor.doRun(AprEndpoint.java:2549)
	at org.apache.tomcat.util.net.AprEndpoint$SocketProcessor.run(AprEndpoint.java:2538)
	at java.util.concurrent.ThreadPoolExecutor.runWorker(ThreadPoolExecutor.java:1145)
	at java.util.concurrent.ThreadPoolExecutor$Worker.run(ThreadPoolExecutor.java:615)
	at org.apache.tomcat.util.threads.TaskThread$WrappingRunnable.run(TaskThread.java:61)
	at java.lang.Thread.run(Thread.java:745)

十二月 04, 2018 4:18:47 下午 org.apache.coyote.ajp.AjpMessage processHeader
严重: Invalid message received with signature 768
十二月 04, 2018 6:49:22 下午 org.apache.coyote.ajp.AjpMessage processHeader
严重: Invalid message received with signature 18245
