五月 24, 2019 2:05:22 上午 bysj.zjl.controller.UserController login
信息: User/login:页面传递的对象User:User [user_id=1510064108, user_name=null, password=96e79218965eb72c92a549dd5a330112, question=null, answer=null, isOk=null, role_id=null]
五月 24, 2019 2:05:22 上午 bysj.zjl.controller.UserController login
信息: User/login:service返回值:User [user_id=1510064108, user_name=周佳理, password=96e79218965eb72c92a549dd5a330112, question=null, answer=null, isOk=null, role_id=1]
五月 24, 2019 2:05:22 上午 bysj.zjl.controller.UserController login
信息: userController============User_info_vo [dName=计算机学院, majorName=null, cName=null, deptId=null, majorId=null, classesId=null, role_id=null, password=null, role_name=null, isOk=null, findstr=null, topicName=null, tea_name=null, topicId=0, stateId=null, apply=null, user_id=2, user_name=段老师]
五月 24, 2019 4:37:20 下午 org.apache.coyote.http11.AbstractHttp11Processor process
信息: Error parsing HTTP request header
 Note: further occurrences of HTTP header parsing errors will be logged at DEBUG level.
java.lang.IllegalArgumentException: Invalid character found in the request target. The valid characters are defined in RFC 7230 and RFC 3986
	at org.apache.coyote.http11.InternalAprInputBuffer.parseRequestLine(InternalAprInputBuffer.java:235)
	at org.apache.coyote.http11.AbstractHttp11Processor.process(AbstractHttp11Processor.java:1028)
	at org.apache.coyote.AbstractProtocol$AbstractConnectionHandler.process(AbstractProtocol.java:637)
	at org.apache.tomcat.util.net.AprEndpoint$SocketProcessor.doRun(AprEndpoint.java:2549)
	at org.apache.tomcat.util.net.AprEndpoint$SocketProcessor.run(AprEndpoint.java:2538)
	at java.util.concurrent.ThreadPoolExecutor.runWorker(ThreadPoolExecutor.java:1145)
	at java.util.concurrent.ThreadPoolExecutor$Worker.run(ThreadPoolExecutor.java:615)
	at org.apache.tomcat.util.threads.TaskThread$WrappingRunnable.run(TaskThread.java:61)
	at java.lang.Thread.run(Thread.java:745)

五月 24, 2019 5:08:35 下午 org.apache.coyote.http11.AbstractHttp11Processor process
信息: Error parsing HTTP request header
 Note: further occurrences of HTTP header parsing errors will be logged at DEBUG level.
java.lang.IllegalArgumentException: Invalid character found in the request target. The valid characters are defined in RFC 7230 and RFC 3986
	at org.apache.coyote.http11.InternalAprInputBuffer.parseRequestLine(InternalAprInputBuffer.java:235)
	at org.apache.coyote.http11.AbstractHttp11Processor.process(AbstractHttp11Processor.java:1028)
	at org.apache.coyote.AbstractProtocol$AbstractConnectionHandler.process(AbstractProtocol.java:637)
	at org.apache.tomcat.util.net.AprEndpoint$SocketProcessor.doRun(AprEndpoint.java:2549)
	at org.apache.tomcat.util.net.AprEndpoint$SocketProcessor.run(AprEndpoint.java:2538)
	at java.util.concurrent.ThreadPoolExecutor.runWorker(ThreadPoolExecutor.java:1145)
	at java.util.concurrent.ThreadPoolExecutor$Worker.run(ThreadPoolExecutor.java:615)
	at org.apache.tomcat.util.threads.TaskThread$WrappingRunnable.run(TaskThread.java:61)
	at java.lang.Thread.run(Thread.java:745)

五月 24, 2019 7:01:15 下午 org.apache.coyote.ajp.AjpMessage processHeader
严重: Invalid message received with signature 0
五月 24, 2019 7:01:15 下午 org.apache.coyote.ajp.AjpMessage processHeader
严重: Invalid message received with signature 18245
五月 24, 2019 7:46:12 下午 org.apache.coyote.ajp.AjpMessage processHeader
严重: Invalid message received with signature 18245
