五月 21, 2019 12:21:15 上午 bysj.zjl.controller.UserController login
信息: User/login:页面传递的对象User:User [user_id=3, user_name=null, password=96e79218965eb72c92a549dd5a330112, question=null, answer=null, isOk=null, role_id=null]
五月 21, 2019 12:21:15 上午 bysj.zjl.controller.UserController login
信息: User/login:service返回值:User [user_id=3, user_name=赵泽壹, password=96e79218965eb72c92a549dd5a330112, question=null, answer=null, isOk=null, role_id=3]
五月 21, 2019 1:03:00 上午 bysj.zjl.controller.UserController login
信息: User/login:页面传递的对象User:User [user_id=3, user_name=null, password=96e79218965eb72c92a549dd5a330112, question=null, answer=null, isOk=null, role_id=null]
五月 21, 2019 1:03:00 上午 bysj.zjl.controller.UserController login
信息: User/login:service返回值:User [user_id=3, user_name=赵泽壹, password=96e79218965eb72c92a549dd5a330112, question=null, answer=null, isOk=null, role_id=3]
五月 21, 2019 1:40:23 上午 org.apache.coyote.http11.AbstractHttp11Processor process
信息: Error parsing HTTP request header
 Note: further occurrences of HTTP header parsing errors will be logged at DEBUG level.
java.lang.IllegalArgumentException: Invalid character found in method name. HTTP method names must be tokens
	at org.apache.coyote.http11.InternalAprInputBuffer.parseRequestLine(InternalAprInputBuffer.java:182)
	at org.apache.coyote.http11.AbstractHttp11Processor.process(AbstractHttp11Processor.java:1028)
	at org.apache.coyote.AbstractProtocol$AbstractConnectionHandler.process(AbstractProtocol.java:637)
	at org.apache.tomcat.util.net.AprEndpoint$SocketProcessor.doRun(AprEndpoint.java:2549)
	at org.apache.tomcat.util.net.AprEndpoint$SocketProcessor.run(AprEndpoint.java:2538)
	at java.util.concurrent.ThreadPoolExecutor.runWorker(ThreadPoolExecutor.java:1145)
	at java.util.concurrent.ThreadPoolExecutor$Worker.run(ThreadPoolExecutor.java:615)
	at org.apache.tomcat.util.threads.TaskThread$WrappingRunnable.run(TaskThread.java:61)
	at java.lang.Thread.run(Thread.java:745)

五月 21, 2019 4:00:59 下午 org.apache.coyote.http11.AbstractHttp11Processor process
信息: Error parsing HTTP request header
 Note: further occurrences of HTTP header parsing errors will be logged at DEBUG level.
java.lang.IllegalArgumentException: Invalid character found in method name. HTTP method names must be tokens
	at org.apache.coyote.http11.InternalAprInputBuffer.parseRequestLine(InternalAprInputBuffer.java:182)
	at org.apache.coyote.http11.AbstractHttp11Processor.process(AbstractHttp11Processor.java:1028)
	at org.apache.coyote.AbstractProtocol$AbstractConnectionHandler.process(AbstractProtocol.java:637)
	at org.apache.tomcat.util.net.AprEndpoint$SocketProcessor.doRun(AprEndpoint.java:2549)
	at org.apache.tomcat.util.net.AprEndpoint$SocketProcessor.run(AprEndpoint.java:2538)
	at java.util.concurrent.ThreadPoolExecutor.runWorker(ThreadPoolExecutor.java:1145)
	at java.util.concurrent.ThreadPoolExecutor$Worker.run(ThreadPoolExecutor.java:615)
	at org.apache.tomcat.util.threads.TaskThread$WrappingRunnable.run(TaskThread.java:61)
	at java.lang.Thread.run(Thread.java:745)

