六月 28, 2019 6:17:36 上午 org.apache.coyote.http11.AbstractHttp11Processor process
信息: Error parsing HTTP request header
 Note: further occurrences of HTTP header parsing errors will be logged at DEBUG level.
java.lang.IllegalArgumentException: Invalid character found in method name. HTTP method names must be tokens
	at org.apache.coyote.http11.InternalAprInputBuffer.parseRequestLine(InternalAprInputBuffer.java:182)
	at org.apache.coyote.http11.AbstractHttp11Processor.process(AbstractHttp11Processor.java:1028)
	at org.apache.coyote.AbstractProtocol$AbstractConnectionHandler.process(AbstractProtocol.java:637)
	at org.apache.tomcat.util.net.AprEndpoint$SocketProcessor.doRun(AprEndpoint.java:2549)
	at org.apache.tomcat.util.net.AprEndpoint$SocketProcessor.run(AprEndpoint.java:2538)
	at java.util.concurrent.ThreadPoolExecutor.runWorker(ThreadPoolExecutor.java:1145)
	at java.util.concurrent.ThreadPoolExecutor$Worker.run(ThreadPoolExecutor.java:615)
	at org.apache.tomcat.util.threads.TaskThread$WrappingRunnable.run(TaskThread.java:61)
	at java.lang.Thread.run(Thread.java:745)

六月 28, 2019 6:17:37 上午 org.apache.coyote.http11.AbstractHttp11Processor process
信息: Error parsing HTTP request header
 Note: further occurrences of HTTP header parsing errors will be logged at DEBUG level.
java.lang.IllegalArgumentException: Invalid character found in method name. HTTP method names must be tokens
	at org.apache.coyote.http11.InternalAprInputBuffer.parseRequestLine(InternalAprInputBuffer.java:182)
	at org.apache.coyote.http11.AbstractHttp11Processor.process(AbstractHttp11Processor.java:1028)
	at org.apache.coyote.AbstractProtocol$AbstractConnectionHandler.process(AbstractProtocol.java:637)
	at org.apache.tomcat.util.net.AprEndpoint$SocketProcessor.doRun(AprEndpoint.java:2549)
	at org.apache.tomcat.util.net.AprEndpoint$SocketProcessor.run(AprEndpoint.java:2538)
	at java.util.concurrent.ThreadPoolExecutor.runWorker(ThreadPoolExecutor.java:1145)
	at java.util.concurrent.ThreadPoolExecutor$Worker.run(ThreadPoolExecutor.java:615)
	at org.apache.tomcat.util.threads.TaskThread$WrappingRunnable.run(TaskThread.java:61)
	at java.lang.Thread.run(Thread.java:745)

六月 28, 2019 10:13:49 上午 org.springframework.web.servlet.mvc.support.DefaultHandlerExceptionResolver handleHttpRequestMethodNotSupported
警告: Request method 'GET' not supported
六月 28, 2019 10:27:32 上午 org.apache.coyote.ajp.AjpMessage processHeader
严重: Invalid message received with signature 768
六月 28, 2019 2:11:44 下午 org.apache.coyote.http11.AbstractHttp11Processor process
信息: Error parsing HTTP request header
 Note: further occurrences of HTTP header parsing errors will be logged at DEBUG level.
java.lang.IllegalArgumentException: Invalid character found in method name. HTTP method names must be tokens
	at org.apache.coyote.http11.InternalAprInputBuffer.parseRequestLine(InternalAprInputBuffer.java:182)
	at org.apache.coyote.http11.AbstractHttp11Processor.process(AbstractHttp11Processor.java:1028)
	at org.apache.coyote.AbstractProtocol$AbstractConnectionHandler.process(AbstractProtocol.java:637)
	at org.apache.tomcat.util.net.AprEndpoint$SocketProcessor.doRun(AprEndpoint.java:2549)
	at org.apache.tomcat.util.net.AprEndpoint$SocketProcessor.run(AprEndpoint.java:2538)
	at java.util.concurrent.ThreadPoolExecutor.runWorker(ThreadPoolExecutor.java:1145)
	at java.util.concurrent.ThreadPoolExecutor$Worker.run(ThreadPoolExecutor.java:615)
	at org.apache.tomcat.util.threads.TaskThread$WrappingRunnable.run(TaskThread.java:61)
	at java.lang.Thread.run(Thread.java:745)

六月 28, 2019 3:11:56 下午 bysj.zjl.controller.UserController login
信息: User/login:页面传递的对象User:User [user_id=1510064108, user_name=null, password=96e79218965eb72c92a549dd5a330112, question=null, answer=null, isOk=null, role_id=null]
六月 28, 2019 3:11:56 下午 bysj.zjl.controller.UserController login
信息: User/login:service返回值:User [user_id=1510064108, user_name=周佳理, password=96e79218965eb72c92a549dd5a330112, question=null, answer=null, isOk=null, role_id=1]
六月 28, 2019 3:11:56 下午 bysj.zjl.controller.UserController login
信息: userController============User_info_vo [dName=计算机学院, majorName=null, cName=null, deptId=null, majorId=null, classesId=null, role_id=null, password=null, role_name=null, isOk=null, findstr=null, topicName=null, tea_name=null, topicId=0, stateId=null, apply=null, user_id=2, user_name=段老师]
六月 28, 2019 3:24:33 下午 bysj.zjl.controller.UserController login
信息: User/login:页面传递的对象User:User [user_id=2, user_name=null, password=96e79218965eb72c92a549dd5a330112, question=null, answer=null, isOk=null, role_id=null]
六月 28, 2019 3:24:33 下午 bysj.zjl.controller.UserController login
信息: User/login:service返回值:User [user_id=2, user_name=段老师, password=96e79218965eb72c92a549dd5a330112, question=null, answer=null, isOk=null, role_id=2]
六月 28, 2019 3:29:07 下午 bysj.zjl.controller.UserController login
信息: User/login:页面传递的对象User:User [user_id=3, user_name=null, password=96e79218965eb72c92a549dd5a330112, question=null, answer=null, isOk=null, role_id=null]
六月 28, 2019 3:29:07 下午 bysj.zjl.controller.UserController login
信息: User/login:service返回值:User [user_id=3, user_name=赵泽壹, password=96e79218965eb72c92a549dd5a330112, question=null, answer=null, isOk=null, role_id=3]
六月 28, 2019 4:18:09 下午 bysj.zjl.controller.UserController login
信息: User/login:页面传递的对象User:User [user_id=4, user_name=null, password=96e79218965eb72c92a549dd5a330112, question=null, answer=null, isOk=null, role_id=null]
六月 28, 2019 4:18:09 下午 bysj.zjl.controller.UserController login
信息: User/login:service返回值:User [user_id=4, user_name=张老师, password=96e79218965eb72c92a549dd5a330112, question=null, answer=null, isOk=null, role_id=4]
六月 28, 2019 4:18:32 下午 bysj.zjl.controller.UserController login
信息: User/login:页面传递的对象User:User [user_id=5, user_name=null, password=96e79218965eb72c92a549dd5a330112, question=null, answer=null, isOk=null, role_id=null]
六月 28, 2019 4:18:32 下午 bysj.zjl.controller.UserController login
信息: User/login:service返回值:User [user_id=5, user_name=ADMIN, password=96e79218965eb72c92a549dd5a330112, question=null, answer=null, isOk=null, role_id=5]
