五月 19, 2019 12:45:52 下午 org.apache.catalina.core.ApplicationContext log
信息: No Spring WebApplicationInitializer types detected on classpath
五月 19, 2019 12:45:52 下午 org.apache.catalina.core.ApplicationContext log
信息: Initializing Spring FrameworkServlet 'example'
五月 19, 2019 12:50:45 下午 org.apache.catalina.core.ApplicationContext log
信息: Destroying Spring FrameworkServlet 'example'
五月 19, 2019 12:50:45 下午 org.apache.catalina.core.ApplicationContext log
信息: Destroying Spring FrameworkServlet 'example'
五月 19, 2019 12:50:45 下午 org.apache.catalina.core.ApplicationContext log
信息: Destroying Spring FrameworkServlet 'example'
五月 19, 2019 12:50:45 下午 org.apache.catalina.core.ApplicationContext log
信息: SessionListener: contextDestroyed()
五月 19, 2019 12:50:45 下午 org.apache.catalina.core.ApplicationContext log
信息: ContextListener: contextDestroyed()
五月 19, 2019 12:50:45 下午 org.apache.catalina.core.ApplicationContext log
信息: Destroying Spring FrameworkServlet 'example'
五月 19, 2019 12:51:03 下午 org.apache.catalina.core.ApplicationContext log
信息: No Spring WebApplicationInitializer types detected on classpath
五月 19, 2019 12:51:04 下午 org.apache.catalina.core.ApplicationContext log
信息: Initializing Spring FrameworkServlet 'example'
五月 19, 2019 12:51:09 下午 org.apache.catalina.core.ApplicationContext log
信息: Destroying Spring FrameworkServlet 'example'
五月 19, 2019 12:51:58 下午 org.apache.catalina.core.ApplicationContext log
信息: No Spring WebApplicationInitializer types detected on classpath
五月 19, 2019 12:51:58 下午 org.apache.catalina.core.ApplicationContext log
信息: Initializing Spring FrameworkServlet 'example'
五月 19, 2019 12:52:02 下午 org.apache.catalina.core.ApplicationContext log
信息: Destroying Spring FrameworkServlet 'example'
五月 19, 2019 12:54:25 下午 org.apache.catalina.core.ApplicationContext log
信息: No Spring WebApplicationInitializer types detected on classpath
五月 19, 2019 12:54:26 下午 org.apache.catalina.core.ApplicationContext log
信息: Initializing Spring FrameworkServlet 'example'
五月 19, 2019 12:54:30 下午 org.apache.catalina.core.ApplicationContext log
信息: Destroying Spring FrameworkServlet 'example'
五月 19, 2019 12:55:35 下午 org.apache.catalina.core.ApplicationContext log
信息: No Spring WebApplicationInitializer types detected on classpath
五月 19, 2019 12:55:35 下午 org.apache.catalina.core.ApplicationContext log
信息: Initializing Spring FrameworkServlet 'example'
五月 19, 2019 12:55:39 下午 org.apache.catalina.core.ApplicationContext log
信息: Destroying Spring FrameworkServlet 'example'
五月 19, 2019 12:56:17 下午 org.apache.catalina.core.ApplicationContext log
信息: No Spring WebApplicationInitializer types detected on classpath
五月 19, 2019 12:56:18 下午 org.apache.catalina.core.ApplicationContext log
信息: Initializing Spring FrameworkServlet 'example'
五月 19, 2019 12:56:22 下午 org.apache.catalina.core.ApplicationContext log
信息: Destroying Spring FrameworkServlet 'example'
五月 19, 2019 12:58:53 下午 org.apache.catalina.core.ApplicationContext log
信息: No Spring WebApplicationInitializer types detected on classpath
五月 19, 2019 12:58:53 下午 org.apache.catalina.core.ApplicationContext log
信息: Initializing Spring FrameworkServlet 'example'
五月 19, 2019 12:58:57 下午 org.apache.catalina.core.ApplicationContext log
信息: Destroying Spring FrameworkServlet 'example'
五月 19, 2019 1:11:52 下午 org.apache.catalina.core.ApplicationContext log
信息: ContextListener: contextInitialized()
五月 19, 2019 1:11:52 下午 org.apache.catalina.core.ApplicationContext log
信息: SessionListener: contextInitialized()
五月 19, 2019 1:11:52 下午 org.apache.catalina.core.ApplicationContext log
信息: ContextListener: attributeAdded('org.apache.jasper.compiler.TldLocationsCache', 'org.apache.jasper.compiler.TldLocationsCache@4f08370b')
五月 19, 2019 1:12:28 下午 org.apache.catalina.core.ApplicationContext log
信息: No Spring WebApplicationInitializer types detected on classpath
五月 19, 2019 1:12:28 下午 org.apache.catalina.core.ApplicationContext log
信息: Initializing Spring FrameworkServlet 'example'
