七月 28, 2019 10:29:04 上午 org.apache.catalina.core.ApplicationContext log
信息: No Spring WebApplicationInitializer types detected on classpath
七月 28, 2019 10:29:05 上午 org.apache.catalina.core.ApplicationContext log
信息: Initializing Spring FrameworkServlet 'example'
七月 28, 2019 10:29:11 上午 org.apache.catalina.core.ApplicationContext log
信息: ContextListener: contextInitialized()
七月 28, 2019 10:29:11 上午 org.apache.catalina.core.ApplicationContext log
信息: SessionListener: contextInitialized()
七月 28, 2019 10:29:11 上午 org.apache.catalina.core.ApplicationContext log
信息: ContextListener: attributeAdded('org.apache.jasper.compiler.TldLocationsCache', 'org.apache.jasper.compiler.TldLocationsCache@5904747f')
七月 28, 2019 10:39:49 上午 org.apache.catalina.core.ApplicationContext log
信息: No Spring WebApplicationInitializer types detected on classpath
七月 28, 2019 10:39:50 上午 org.apache.catalina.core.ApplicationContext log
信息: Initializing Spring FrameworkServlet 'example'
七月 28, 2019 10:39:58 上午 org.apache.catalina.core.ApplicationContext log
信息: No Spring WebApplicationInitializer types detected on classpath
七月 28, 2019 10:39:58 上午 org.apache.catalina.core.ApplicationContext log
信息: Initializing Spring FrameworkServlet 'example'
七月 28, 2019 10:40:02 上午 org.apache.catalina.core.ApplicationContext log
信息: ContextListener: contextInitialized()
七月 28, 2019 10:40:02 上午 org.apache.catalina.core.ApplicationContext log
信息: SessionListener: contextInitialized()
七月 28, 2019 10:40:02 上午 org.apache.catalina.core.ApplicationContext log
信息: ContextListener: attributeAdded('org.apache.jasper.compiler.TldLocationsCache', 'org.apache.jasper.compiler.TldLocationsCache@39d27bef')
七月 28, 2019 1:45:25 下午 org.apache.catalina.core.ApplicationContext log
信息: Destroying Spring FrameworkServlet 'example'
七月 28, 2019 1:45:25 下午 org.apache.catalina.core.ApplicationContext log
信息: SessionListener: contextDestroyed()
七月 28, 2019 1:45:25 下午 org.apache.catalina.core.ApplicationContext log
信息: ContextListener: contextDestroyed()
七月 28, 2019 1:45:25 下午 org.apache.catalina.core.ApplicationContext log
信息: Destroying Spring FrameworkServlet 'example'
七月 28, 2019 1:45:39 下午 org.apache.catalina.core.ApplicationContext log
信息: No Spring WebApplicationInitializer types detected on classpath
七月 28, 2019 1:45:39 下午 org.apache.catalina.core.ApplicationContext log
信息: Initializing Spring FrameworkServlet 'example'
七月 28, 2019 1:45:47 下午 org.apache.catalina.core.ApplicationContext log
信息: No Spring WebApplicationInitializer types detected on classpath
七月 28, 2019 1:45:47 下午 org.apache.catalina.core.ApplicationContext log
信息: Initializing Spring FrameworkServlet 'example'
七月 28, 2019 1:45:51 下午 org.apache.catalina.core.ApplicationContext log
信息: ContextListener: contextInitialized()
七月 28, 2019 1:45:51 下午 org.apache.catalina.core.ApplicationContext log
信息: SessionListener: contextInitialized()
七月 28, 2019 1:45:51 下午 org.apache.catalina.core.ApplicationContext log
信息: ContextListener: attributeAdded('org.apache.jasper.compiler.TldLocationsCache', 'org.apache.jasper.compiler.TldLocationsCache@1e909')
七月 28, 2019 1:52:04 下午 org.apache.catalina.core.ApplicationContext log
信息: Destroying Spring FrameworkServlet 'example'
七月 28, 2019 1:52:04 下午 org.apache.catalina.core.ApplicationContext log
信息: SessionListener: contextDestroyed()
七月 28, 2019 1:52:04 下午 org.apache.catalina.core.ApplicationContext log
信息: ContextListener: contextDestroyed()
七月 28, 2019 1:52:04 下午 org.apache.catalina.core.ApplicationContext log
信息: Destroying Spring FrameworkServlet 'example'
七月 28, 2019 1:52:19 下午 org.apache.catalina.core.ApplicationContext log
信息: No Spring WebApplicationInitializer types detected on classpath
七月 28, 2019 1:52:20 下午 org.apache.catalina.core.ApplicationContext log
信息: Initializing Spring FrameworkServlet 'example'
七月 28, 2019 1:52:28 下午 org.apache.catalina.core.ApplicationContext log
信息: No Spring WebApplicationInitializer types detected on classpath
七月 28, 2019 1:52:28 下午 org.apache.catalina.core.ApplicationContext log
信息: Initializing Spring FrameworkServlet 'example'
七月 28, 2019 1:52:32 下午 org.apache.catalina.core.ApplicationContext log
信息: ContextListener: contextInitialized()
七月 28, 2019 1:52:32 下午 org.apache.catalina.core.ApplicationContext log
信息: SessionListener: contextInitialized()
七月 28, 2019 1:52:32 下午 org.apache.catalina.core.ApplicationContext log
信息: ContextListener: attributeAdded('org.apache.jasper.compiler.TldLocationsCache', 'org.apache.jasper.compiler.TldLocationsCache@1f491ded')
七月 28, 2019 2:02:06 下午 org.apache.catalina.core.ApplicationContext log
信息: Destroying Spring FrameworkServlet 'example'
七月 28, 2019 2:02:06 下午 org.apache.catalina.core.ApplicationContext log
信息: SessionListener: contextDestroyed()
七月 28, 2019 2:02:06 下午 org.apache.catalina.core.ApplicationContext log
信息: ContextListener: contextDestroyed()
七月 28, 2019 2:02:06 下午 org.apache.catalina.core.ApplicationContext log
信息: Destroying Spring FrameworkServlet 'example'
七月 28, 2019 2:03:10 下午 org.apache.catalina.core.ApplicationContext log
信息: No Spring WebApplicationInitializer types detected on classpath
七月 28, 2019 2:03:10 下午 org.apache.catalina.core.ApplicationContext log
信息: Initializing Spring FrameworkServlet 'example'
七月 28, 2019 2:03:18 下午 org.apache.catalina.core.ApplicationContext log
信息: No Spring WebApplicationInitializer types detected on classpath
七月 28, 2019 2:03:18 下午 org.apache.catalina.core.ApplicationContext log
信息: Initializing Spring FrameworkServlet 'example'
七月 28, 2019 2:03:22 下午 org.apache.catalina.core.ApplicationContext log
信息: ContextListener: contextInitialized()
七月 28, 2019 2:03:22 下午 org.apache.catalina.core.ApplicationContext log
信息: SessionListener: contextInitialized()
七月 28, 2019 2:03:22 下午 org.apache.catalina.core.ApplicationContext log
信息: ContextListener: attributeAdded('org.apache.jasper.compiler.TldLocationsCache', 'org.apache.jasper.compiler.TldLocationsCache@555d7e03')
七月 28, 2019 2:17:50 下午 org.apache.catalina.core.ApplicationContext log
信息: Destroying Spring FrameworkServlet 'example'
七月 28, 2019 2:17:50 下午 org.apache.catalina.core.ApplicationContext log
信息: SessionListener: contextDestroyed()
七月 28, 2019 2:17:50 下午 org.apache.catalina.core.ApplicationContext log
信息: ContextListener: contextDestroyed()
七月 28, 2019 2:17:50 下午 org.apache.catalina.core.ApplicationContext log
信息: Destroying Spring FrameworkServlet 'example'
